2023-11-08 00:28:26,564 [ERROR] LogOutputStream:75 - [STDERR_REDIRECT] [Fatal Error] :1:1: Premature end of file.
2023-11-08 00:28:26,579 [ERROR] LogOutputStream:75 - [STDERR_REDIRECT] 
2023-11-08 00:28:27,546 [ERROR] LogOutputStream:75 - [STDERR_REDIRECT] [Fatal Error] :1:1: Premature end of file.
2023-11-08 00:28:27,547 [ERROR] LogOutputStream:75 - [STDERR_REDIRECT] 
2023-11-08 00:28:28,546 [ERROR] LogOutputStream:75 - [STDERR_REDIRECT] [Fatal Error] :1:1: Premature end of file.
2023-11-08 00:28:28,547 [ERROR] LogOutputStream:75 - [STDERR_REDIRECT] 
2023-11-08 15:54:42,079 [INFO] Activator:176 - 


2023-11-08 15:54:42,080 [INFO] Activator:177 - !SESSION log4j initialized
2023-11-08 15:54:46,216 [INFO] LogOutputStream:77 - [STDOUT_REDIRECT] 
2023-11-08 15:54:47,372 [INFO] ApplicationProperties:184 - Using Application install path: C:\ST\STM32CubeIDE_1.13.2\STM32CubeIDE\plugins\com.st.stm32cube.common.mx_6.9.2.202309101412
2023-11-08 15:54:47,406 [INFO] DbMcusXml:78 - Set database path to: C:\ST\STM32CubeIDE_1.13.2\STM32CubeIDE\plugins\com.st.stm32cube.common.mx_6.9.2.202309101412\\db\/mcu/
2023-11-08 15:54:47,407 [INFO] ApiDb:274 - Set plugin database path to: C:\ST\STM32CubeIDE_1.13.2\STM32CubeIDE\plugins\com.st.stm32cube.common.mx_6.9.2.202309101412\\db\/plugins/boardmanager/
2023-11-08 15:54:47,408 [WARN] ApiDb:259 - Overriding images path with different value:  => C:\ST\STM32CubeIDE_1.13.2\STM32CubeIDE\plugins\com.st.stm32cube.common.mx_6.9.2.202309101412\\db\/plugins/mcufinder/images/
2023-11-08 15:54:47,426 [INFO] ApiDb:250 - Set database path to: C:\Users\user\.stmcufinder\plugins\mcufinder//mcu/
2023-11-08 15:54:47,429 [INFO] DbMcusAds:125 - Set database path to: C:\Users\user\.stmcufinder\plugins\mcufinder//mcu/
2023-11-08 15:54:47,434 [INFO] CrossReferenceDbSqlite:203 - Set database path to: C:\Users\user\.stmcufinder\plugins\mcufinder//mcu/cs/
2023-11-08 15:54:47,579 [INFO] RulesReader:64 - Compatibility file has been processed (293 Rules)
2023-11-08 15:54:47,678 [INFO] DbMcusXml:78 - Set database path to: C:\ST\STM32CubeIDE_1.13.2\STM32CubeIDE\plugins\com.st.stm32cube.common.mx_6.9.2.202309101412\\db\/mcu/
2023-11-08 15:54:47,678 [INFO] ApiDb:274 - Set plugin database path to: C:\ST\STM32CubeIDE_1.13.2\STM32CubeIDE\plugins\com.st.stm32cube.common.mx_6.9.2.202309101412\\db\/plugins/boardmanager/
2023-11-08 15:54:47,678 [INFO] ApiDb:261 - Set plugin images path to: C:\ST\STM32CubeIDE_1.13.2\STM32CubeIDE\plugins\com.st.stm32cube.common.mx_6.9.2.202309101412\\db\/plugins/mcufinder/images/
2023-11-08 15:54:47,678 [WARN] DbFile:41 - Overriding database path with different value: C:\Users\user\.stmcufinder\plugins\mcufinder/ => C:\Users\user\.stmcufinder\plugins\mcufinder
2023-11-08 15:54:47,678 [INFO] ApiDb:250 - Set database path to: C:\Users\user\.stmcufinder\plugins\mcufinder//mcu/
2023-11-08 15:54:47,678 [WARN] DbFile:41 - Overriding database path with different value: C:\Users\user\.stmcufinder\plugins\mcufinder/ => C:\Users\user\.stmcufinder\plugins\mcufinder
2023-11-08 15:54:47,678 [INFO] DbMcusAds:125 - Set database path to: C:\Users\user\.stmcufinder\plugins\mcufinder//mcu/
2023-11-08 15:54:47,678 [WARN] DbFile:41 - Overriding database path with different value: C:\Users\user\.stmcufinder\plugins\mcufinder/ => C:\Users\user\.stmcufinder\plugins\mcufinder
2023-11-08 15:54:47,678 [WARN] DbFile:41 - Overriding database path with different value: C:\Users\user\.stmcufinder\plugins\mcufinder/ => C:\Users\user\.stmcufinder\plugins\mcufinder
2023-11-08 15:54:47,679 [INFO] CrossReferenceDbSqlite:203 - Set database path to: C:\Users\user\.stmcufinder\plugins\mcufinder//mcu/cs/
2023-11-08 15:54:47,770 [INFO] MainPanel:262 - HeapMemory: 268435456
2023-11-08 15:54:47,878 [INFO] DbMcusXml:78 - Set database path to: C:\ST\STM32CubeIDE_1.13.2\STM32CubeIDE\plugins\com.st.stm32cube.common.mx_6.9.2.202309101412\\db\/mcu/
2023-11-08 15:54:47,878 [INFO] ApiDb:274 - Set plugin database path to: C:\ST\STM32CubeIDE_1.13.2\STM32CubeIDE\plugins\com.st.stm32cube.common.mx_6.9.2.202309101412\\db\/plugins/boardmanager/
2023-11-08 15:54:47,878 [INFO] ApiDb:261 - Set plugin images path to: C:\ST\STM32CubeIDE_1.13.2\STM32CubeIDE\plugins\com.st.stm32cube.common.mx_6.9.2.202309101412\\db\/plugins/mcufinder/images/
2023-11-08 15:54:47,879 [WARN] DbFile:41 - Overriding database path with different value: C:\Users\user\.stmcufinder\plugins\mcufinder/ => C:\Users\user\.stmcufinder\plugins\mcufinder
2023-11-08 15:54:47,879 [INFO] ApiDb:250 - Set database path to: C:\Users\user\.stmcufinder\plugins\mcufinder//mcu/
2023-11-08 15:54:47,879 [WARN] DbFile:41 - Overriding database path with different value: C:\Users\user\.stmcufinder\plugins\mcufinder/ => C:\Users\user\.stmcufinder\plugins\mcufinder
2023-11-08 15:54:47,879 [INFO] DbMcusAds:125 - Set database path to: C:\Users\user\.stmcufinder\plugins\mcufinder//mcu/
2023-11-08 15:54:47,879 [WARN] DbFile:41 - Overriding database path with different value: C:\Users\user\.stmcufinder\plugins\mcufinder/ => C:\Users\user\.stmcufinder\plugins\mcufinder
2023-11-08 15:54:47,879 [WARN] DbFile:41 - Overriding database path with different value: C:\Users\user\.stmcufinder\plugins\mcufinder/ => C:\Users\user\.stmcufinder\plugins\mcufinder
2023-11-08 15:54:47,879 [INFO] CrossReferenceDbSqlite:203 - Set database path to: C:\Users\user\.stmcufinder\plugins\mcufinder//mcu/cs/
2023-11-08 15:54:47,901 [INFO] ApplicationProperties:184 - Using Application install path: C:\ST\STM32CubeIDE_1.13.2\STM32CubeIDE\plugins\com.st.stm32cube.common.mx_6.9.2.202309101412
2023-11-08 15:54:47,902 [INFO] PluginManage:196 - Search for loadable plugins [exclusion list=, ]
2023-11-08 15:54:47,903 [INFO] PluginManage:310 - Check plugin analytics
2023-11-08 15:54:48,082 [INFO] AnalyticsPlugin:253 - Accepted Software Licenses: 
2023-11-08 15:54:48,082 [INFO] AnalyticsPlugin:255 - Accepted CMSIS Pack Licenses: 
2023-11-08 15:54:48,083 [INFO] AnalyticsPlugin:257 - Accepted Firmware Licenses: FW.F4.1.27.0
2023-11-08 15:54:48,087 [INFO] PluginManage:359 - Loaded plugin analytics (category:tool,tabindex:-1)
2023-11-08 15:54:48,087 [INFO] PluginManage:310 - Check plugin cadmodel
2023-11-08 15:54:48,099 [INFO] CADModel:105 - Init CAD model plugin
2023-11-08 15:54:48,099 [INFO] PluginManage:359 - Loaded plugin cadmodel (category:power,tabindex:5)
2023-11-08 15:54:48,099 [INFO] PluginManage:310 - Check plugin clock
2023-11-08 15:54:48,117 [INFO] PluginManage:359 - Loaded plugin clock (category:base,tabindex:2)
2023-11-08 15:54:48,117 [INFO] PluginManage:310 - Check plugin ddr
2023-11-08 15:54:48,119 [INFO] PluginManage:359 - Loaded plugin ddr (category:tool,tabindex:6)
2023-11-08 15:54:48,120 [INFO] PluginManage:310 - Check plugin filemanager
2023-11-08 15:54:48,247 [INFO] PluginManage:359 - Loaded plugin filemanager (category:base,tabindex:10)
2023-11-08 15:54:48,247 [INFO] PluginManage:310 - Check plugin ipmanager
2023-11-08 15:54:48,252 [INFO] PluginManage:359 - Loaded plugin ipmanager (category:base,tabindex:5)
2023-11-08 15:54:48,252 [INFO] PluginManage:310 - Check plugin lpbam
2023-11-08 15:54:48,266 [INFO] PluginManage:359 - Loaded plugin lpbam (category:base,tabindex:0)
2023-11-08 15:54:48,267 [INFO] PluginManage:310 - Check plugin memorymap
2023-11-08 15:54:48,289 [INFO] PluginManage:359 - Loaded plugin memorymap (category:base,tabindex:4)
2023-11-08 15:54:48,290 [INFO] PluginManage:310 - Check plugin pinoutandconfiguration
2023-11-08 15:54:48,304 [INFO] PluginManage:359 - Loaded plugin pinoutandconfiguration (category:base,tabindex:1)
2023-11-08 15:54:48,305 [INFO] PluginManage:310 - Check plugin pinoutconfig
2023-11-08 15:54:48,385 [WARN] SupportedApi:132 - Cannot load RTOS API schema: s4s-elt-must-match.1: The content of 'definitions' must match (annotation?, (simpleType | complexType)?, (unique | key | keyref)*)). A problem was found starting at: attribute.
2023-11-08 15:54:48,482 [INFO] PluginManage:359 - Loaded plugin pinoutconfig (category:base,tabindex:0)
2023-11-08 15:54:48,482 [INFO] PluginManage:310 - Check plugin power
2023-11-08 15:54:48,500 [INFO] PluginManage:359 - Loaded plugin power (category:power,tabindex:4)
2023-11-08 15:54:48,500 [INFO] PluginManage:310 - Check plugin projectmanager
2023-11-08 15:54:48,512 [INFO] PluginManage:359 - Loaded plugin projectmanager (category:projectmanager,tabindex:3)
2023-11-08 15:54:48,512 [INFO] PluginManage:310 - Check plugin thirdparty
2023-11-08 15:54:48,693 [INFO] PluginManage:359 - Loaded plugin thirdparty (category:base,tabindex:-1)
2023-11-08 15:54:48,693 [INFO] PluginManage:310 - Check plugin tools
2023-11-08 15:54:48,693 [WARN] IntegrityCheckThread:84 - waiting for thirdparty lock release [integrity check]
2023-11-08 15:54:48,693 [INFO] IntegrityCheckThread:86 - entering critical section [integrity check]
2023-11-08 15:54:48,693 [INFO] ThirdPartyUpdaterWithRetryManager:70 - Updater plugin not ready yet. [1/15]
2023-11-08 15:54:48,716 [INFO] PluginManage:359 - Loaded plugin tools (category:base,tabindex:7)
2023-11-08 15:54:48,717 [INFO] PluginManage:310 - Check plugin tutovideos
2023-11-08 15:54:48,870 [INFO] PluginManage:359 - Loaded plugin tutovideos (category:base,tabindex:-1)
2023-11-08 15:54:48,870 [INFO] PluginManage:310 - Check plugin updater
2023-11-08 15:54:48,878 [INFO] PluginManage:359 - Loaded plugin updater (category:base,tabindex:12)
2023-11-08 15:54:48,878 [INFO] PluginManage:310 - Check plugin userauth
2023-11-08 15:54:48,882 [INFO] UserAuth:113 - Init User Auth plugin
2023-11-08 15:54:48,882 [INFO] PluginManage:359 - Loaded plugin userauth (category:base,tabindex:14)
2023-11-08 15:54:48,882 [INFO] PluginManage:283 - PluginManage : Loaded plugins [17]
2023-11-08 15:54:49,045 [INFO] PinOutPanel:1499 - setPackage(No Configuration,No Configuration)
2023-11-08 15:54:49,123 [INFO] CADModel:165 - CPN selected for project level
2023-11-08 15:54:49,123 [INFO] CADModel:114 - Register for checkConnection events
2023-11-08 15:54:49,144 [INFO] IPUIPlugin:80 - create IPUIPlugin
2023-11-08 15:54:49,144 [INFO] PluginManager:220 - loadIPPluginJar : add adc
2023-11-08 15:54:49,168 [INFO] IPUIPlugin:80 - create IPUIPlugin
2023-11-08 15:54:49,168 [INFO] PluginManager:220 - loadIPPluginJar : add aes
2023-11-08 15:54:49,195 [INFO] IPUIPlugin:80 - create IPUIPlugin
2023-11-08 15:54:49,195 [INFO] PluginManager:220 - loadIPPluginJar : add can
2023-11-08 15:54:49,210 [INFO] IPUIPlugin:80 - create IPUIPlugin
2023-11-08 15:54:49,211 [INFO] PluginManager:220 - loadIPPluginJar : add comp
2023-11-08 15:54:49,231 [INFO] IPUIPlugin:80 - create IPUIPlugin
2023-11-08 15:54:49,231 [INFO] PluginManager:220 - loadIPPluginJar : add cryp
2023-11-08 15:54:49,249 [INFO] IPUIPlugin:80 - create IPUIPlugin
2023-11-08 15:54:49,249 [INFO] PluginManager:220 - loadIPPluginJar : add dfsdm
2023-11-08 15:54:49,257 [INFO] IPUIPlugin:80 - create IPUIPlugin
2023-11-08 15:54:49,258 [INFO] PluginManager:220 - loadIPPluginJar : add dma
2023-11-08 15:54:49,284 [INFO] IPUIPlugin:80 - create IPUIPlugin
2023-11-08 15:54:49,284 [INFO] PluginManager:220 - loadIPPluginJar : add dma3
2023-11-08 15:54:49,296 [INFO] IPUIPlugin:80 - create IPUIPlugin
2023-11-08 15:54:49,297 [INFO] PluginManager:220 - loadIPPluginJar : add fatfs
2023-11-08 15:54:49,324 [INFO] IPUIPlugin:80 - create IPUIPlugin
2023-11-08 15:54:49,324 [INFO] PluginManager:220 - loadIPPluginJar : add fmc
2023-11-08 15:54:49,334 [INFO] IPUIPlugin:80 - create IPUIPlugin
2023-11-08 15:54:49,334 [INFO] PluginManager:220 - loadIPPluginJar : add freertos
2023-11-08 15:54:49,346 [INFO] IPUIPlugin:80 - create IPUIPlugin
2023-11-08 15:54:49,346 [INFO] PluginManager:220 - loadIPPluginJar : add genericplugin
2023-11-08 15:54:49,411 [INFO] IPUIPlugin:80 - create IPUIPlugin
2023-11-08 15:54:49,411 [INFO] PluginManager:220 - loadIPPluginJar : add gfxmmu
2023-11-08 15:54:49,521 [INFO] IPUIPlugin:80 - create IPUIPlugin
2023-11-08 15:54:49,521 [INFO] PluginManager:220 - loadIPPluginJar : add gic
2023-11-08 15:54:49,533 [INFO] IPUIPlugin:80 - create IPUIPlugin
2023-11-08 15:54:49,533 [INFO] PluginManager:220 - loadIPPluginJar : add gpio
2023-11-08 15:54:49,604 [INFO] IPUIPlugin:80 - create IPUIPlugin
2023-11-08 15:54:49,604 [INFO] PluginManager:220 - loadIPPluginJar : add gtzc
2023-11-08 15:54:49,628 [INFO] IPUIPlugin:80 - create IPUIPlugin
2023-11-08 15:54:49,629 [INFO] PluginManager:220 - loadIPPluginJar : add hash
2023-11-08 15:54:49,672 [INFO] IPUIPlugin:80 - create IPUIPlugin
2023-11-08 15:54:49,672 [INFO] PluginManager:220 - loadIPPluginJar : add i2c
2023-11-08 15:54:49,700 [INFO] IPUIPlugin:80 - create IPUIPlugin
2023-11-08 15:54:49,700 [INFO] PluginManager:220 - loadIPPluginJar : add i2s
2023-11-08 15:54:49,727 [INFO] IPUIPlugin:80 - create IPUIPlugin
2023-11-08 15:54:49,727 [INFO] PluginManager:220 - loadIPPluginJar : add i3c
2023-11-08 15:54:49,811 [INFO] IPUIPlugin:80 - create IPUIPlugin
2023-11-08 15:54:49,811 [INFO] PluginManager:220 - loadIPPluginJar : add ipddr
2023-11-08 15:54:49,895 [INFO] IPUIPlugin:80 - create IPUIPlugin
2023-11-08 15:54:49,895 [INFO] PluginManager:220 - loadIPPluginJar : add linkedlist
2023-11-08 15:54:49,918 [INFO] IPUIPlugin:80 - create IPUIPlugin
2023-11-08 15:54:49,919 [INFO] PluginManager:220 - loadIPPluginJar : add lorawan
2023-11-08 15:54:49,947 [INFO] IPUIPlugin:80 - create IPUIPlugin
2023-11-08 15:54:49,947 [INFO] PluginManager:220 - loadIPPluginJar : add ltdc
2023-11-08 15:54:49,959 [INFO] IPUIPlugin:80 - create IPUIPlugin
2023-11-08 15:54:49,959 [INFO] PluginManager:220 - loadIPPluginJar : add mdma
2023-11-08 15:54:49,967 [INFO] IPUIPlugin:80 - create IPUIPlugin
2023-11-08 15:54:49,967 [INFO] PluginManager:220 - loadIPPluginJar : add nvic
2023-11-08 15:54:49,991 [INFO] IPUIPlugin:80 - create IPUIPlugin
2023-11-08 15:54:49,991 [INFO] PluginManager:220 - loadIPPluginJar : add opamp
2023-11-08 15:54:50,032 [INFO] IPUIPlugin:80 - create IPUIPlugin
2023-11-08 15:54:50,032 [INFO] PluginManager:220 - loadIPPluginJar : add openamp
2023-11-08 15:54:50,066 [INFO] IPUIPlugin:80 - create IPUIPlugin
2023-11-08 15:54:50,067 [INFO] PluginManager:220 - loadIPPluginJar : add pdm2pcm
2023-11-08 15:54:50,078 [INFO] IPUIPlugin:80 - create IPUIPlugin
2023-11-08 15:54:50,080 [INFO] PluginManager:220 - loadIPPluginJar : add plateformsettings
2023-11-08 15:54:50,095 [INFO] IPUIPlugin:80 - create IPUIPlugin
2023-11-08 15:54:50,095 [INFO] PluginManager:220 - loadIPPluginJar : add quadspi
2023-11-08 15:54:50,104 [INFO] IPUIPlugin:80 - create IPUIPlugin
2023-11-08 15:54:50,104 [INFO] PluginManager:220 - loadIPPluginJar : add resmgrutility
2023-11-08 15:54:50,136 [INFO] IPUIPlugin:80 - create IPUIPlugin
2023-11-08 15:54:50,137 [INFO] PluginManager:220 - loadIPPluginJar : add sai
2023-11-08 15:54:50,167 [INFO] IPUIPlugin:80 - create IPUIPlugin
2023-11-08 15:54:50,167 [INFO] PluginManager:220 - loadIPPluginJar : add spi
2023-11-08 15:54:50,219 [INFO] IPUIPlugin:80 - create IPUIPlugin
2023-11-08 15:54:50,219 [INFO] PluginManager:220 - loadIPPluginJar : add stm32_wpan
2023-11-08 15:54:50,243 [INFO] IPUIPlugin:80 - create IPUIPlugin
2023-11-08 15:54:50,243 [INFO] PluginManager:220 - loadIPPluginJar : add tim
2023-11-08 15:54:50,286 [INFO] IPUIPlugin:80 - create IPUIPlugin
2023-11-08 15:54:50,286 [INFO] PluginManager:220 - loadIPPluginJar : add touchsensing
2023-11-08 15:54:50,303 [INFO] IPUIPlugin:80 - create IPUIPlugin
2023-11-08 15:54:50,303 [INFO] PluginManager:220 - loadIPPluginJar : add tracer_emb
2023-11-08 15:54:50,321 [INFO] IPUIPlugin:80 - create IPUIPlugin
2023-11-08 15:54:50,321 [INFO] PluginManager:220 - loadIPPluginJar : add ts
2023-11-08 15:54:50,334 [INFO] IPUIPlugin:80 - create IPUIPlugin
2023-11-08 15:54:50,335 [INFO] PluginManager:220 - loadIPPluginJar : add tsc
2023-11-08 15:54:50,349 [INFO] IPUIPlugin:80 - create IPUIPlugin
2023-11-08 15:54:50,349 [INFO] PluginManager:220 - loadIPPluginJar : add ucpd
2023-11-08 15:54:50,379 [INFO] IPUIPlugin:80 - create IPUIPlugin
2023-11-08 15:54:50,379 [INFO] PluginManager:220 - loadIPPluginJar : add usart
2023-11-08 15:54:50,407 [INFO] IPUIPlugin:80 - create IPUIPlugin
2023-11-08 15:54:50,407 [INFO] PluginManager:220 - loadIPPluginJar : add usbx
2023-11-08 15:54:50,512 [INFO] CADModel:165 - CPN selected for project level
2023-11-08 15:54:50,512 [INFO] CADModel:114 - Register for checkConnection events
2023-11-08 15:54:50,512 [FATAL] Updater:308 - Updater called before beeing initialized
2023-11-08 15:54:50,513 [ERROR] CADModel:125 - Updater not yet initialized, retry later 
2023-11-08 15:54:50,614 [INFO] CADModel:165 - CPN selected for project level
2023-11-08 15:54:50,614 [INFO] CADModel:114 - Register for checkConnection events
2023-11-08 15:54:50,614 [FATAL] Updater:308 - Updater called before beeing initialized
2023-11-08 15:54:50,614 [ERROR] CADModel:125 - Updater not yet initialized, retry later 
2023-11-08 15:54:50,617 [FATAL] Updater:308 - Updater called before beeing initialized
2023-11-08 15:54:50,680 [FATAL] Updater:308 - Updater called before beeing initialized
2023-11-08 15:54:50,689 [INFO] DbMcusAds:53 - JSON generation date=Tue Mar 07 09:50:55 CET 2023 (1678179055335)
2023-11-08 15:54:50,689 [FATAL] Updater:308 - Updater called before beeing initialized
2023-11-08 15:54:50,745 [WARN] DetailPanel:346 - Failed to get advertising image, set to default
2023-11-08 15:54:50,820 [FATAL] Updater:308 - Updater called before beeing initialized
2023-11-08 15:54:50,822 [FATAL] Updater:308 - Updater called before beeing initialized
2023-11-08 15:54:50,822 [FATAL] Updater:308 - Updater called before beeing initialized
2023-11-08 15:54:50,822 [WARN] DetailPanel:346 - Failed to get advertising image, set to default
2023-11-08 15:54:50,823 [FATAL] Updater:308 - Updater called before beeing initialized
2023-11-08 15:54:50,861 [ERROR] Updater:1120 - MainUpdater not yet initialized. External WinMGr cannot be set.
2023-11-08 15:54:50,868 [INFO] Updater:1056 - Updater Version found : 6.9.2
2023-11-08 15:54:50,884 [INFO] ApplicationProperties:184 - Using Application install path: C:\ST\STM32CubeIDE_1.13.2\STM32CubeIDE\plugins\com.st.stm32cube.common.mx_6.9.2.202309101412
2023-11-08 15:54:51,032 [INFO] MainUpdater:2868 - connection check result : 10
2023-11-08 15:54:51,032 [INFO] MainUpdater:285 - Updater Check For Update Now.
2023-11-08 15:54:51,032 [INFO] MicroXplorer:498 - Change Database Version : DB.6.0.92
2023-11-08 15:54:51,055 [INFO] McuFinderGlobals:63 - Set McuFinder mode to 2 (CubeIDE integrated)
2023-11-08 15:54:51,211 [INFO] CheckServerUpdateThread:120 - End of CheckServer Thread
2023-11-08 15:54:51,819 [WARN] PackLoader:240 - Cannot read IP mode file for STMicroelectronics.X-CUBE-SMBUS.2.1.0
2023-11-08 15:54:51,857 [WARN] PackLoader:240 - Cannot read IP mode file for STMicroelectronics.X-CUBE-AZRTOS-F7.1.1.0
2023-11-08 15:54:51,873 [WARN] PackLoader:240 - Cannot read IP mode file for STMicroelectronics.FP-SNS-MOTENV1.4.3.2
2023-11-08 15:54:51,884 [WARN] PackLoader:240 - Cannot read IP mode file for STMicroelectronics.FP-SNS-FLIGHT1.5.0.2
2023-11-08 15:54:51,899 [WARN] PackLoader:240 - Cannot read IP mode file for STMicroelectronics.X-CUBE-DISPLAY.3.0.0
2023-11-08 15:54:51,919 [WARN] PackLoader:240 - Cannot read IP mode file for STMicroelectronics.X-CUBE-BLE1.7.0.0
2023-11-08 15:54:51,929 [WARN] PackLoader:240 - Cannot read IP mode file for emotas.I-CUBE-CANOPEN.1.3.0
2023-11-08 15:54:51,942 [WARN] PackLoader:240 - Cannot read IP mode file for STMicroelectronics.X-CUBE-TOUCHGFX.4.22.1
2023-11-08 15:54:51,951 [WARN] PackLoader:240 - Cannot read IP mode file for STMicroelectronics.FP-SNS-SMARTAG2.1.2.0
2023-11-08 15:54:51,969 [INFO] LogOutputStream:77 - [STDOUT_REDIRECT] 1 : Invalid condition id : UX_CORESTACK_Condition cause : null
2023-11-08 15:54:51,970 [INFO] LogOutputStream:77 - [STDOUT_REDIRECT] 1 : Invalid condition id : UX_CORESTACK_Condition cause : null
2023-11-08 15:54:51,970 [INFO] LogOutputStream:77 - [STDOUT_REDIRECT] 1 : Invalid condition id : UX_CORESTACK_Condition cause : null
2023-11-08 15:54:51,971 [INFO] LogOutputStream:77 - [STDOUT_REDIRECT] 1 : Invalid condition id : UX_CORESTACK_Condition cause : null
2023-11-08 15:54:51,972 [INFO] LogOutputStream:77 - [STDOUT_REDIRECT] 1 : Invalid condition id : UX_CORESTACK_Condition cause : null
2023-11-08 15:54:51,975 [WARN] PackLoader:240 - Cannot read IP mode file for STMicroelectronics.X-CUBE-AZRTOS-WL.2.0.0
2023-11-08 15:54:51,988 [WARN] PackLoader:240 - Cannot read IP mode file for WES.I-CUBE-Cesium.1.3.0
2023-11-08 15:54:51,997 [WARN] PackLoader:240 - Cannot read IP mode file for STMicroelectronics.X-CUBE-BLE2.3.3.0
2023-11-08 15:54:52,009 [WARN] PackLoader:240 - Cannot read IP mode file for STMicroelectronics.X-CUBE-ALGOBUILD.1.3.0
2023-11-08 15:54:52,031 [WARN] PackLoader:240 - Cannot read IP mode file for STMicroelectronics.X-CUBE-AZRTOS-G0.1.1.0
2023-11-08 15:54:52,044 [WARN] PackLoader:240 - Cannot read IP mode file for STMicroelectronics.X-CUBE-NFC4.3.0.0
2023-11-08 15:54:52,057 [WARN] PackLoader:240 - Cannot read IP mode file for STMicroelectronics.X-CUBE-BLEMGR.3.0.0
2023-11-08 15:54:52,068 [WARN] PackLoader:240 - Cannot read IP mode file for STMicroelectronics.FP-ATR-SIGFOX1.3.2.0
2023-11-08 15:54:52,097 [WARN] PackLoader:240 - Cannot read IP mode file for SEGGER.I-CUBE-embOS.1.3.1
2023-11-08 15:54:52,144 [WARN] PackLoader:240 - Cannot read IP mode file for STMicroelectronics.X-CUBE-GNSS1.6.0.0
2023-11-08 15:54:52,167 [WARN] PackLoader:240 - Cannot read IP mode file for STMicroelectronics.X-CUBE-AZRTOS-F4.1.1.0
2023-11-08 15:54:52,181 [WARN] PackLoader:240 - Cannot read IP mode file for wolfSSL.I-CUBE-wolfSSL.5.6.3
2023-11-08 15:54:52,206 [WARN] PackLoader:240 - Cannot read IP mode file for STMicroelectronics.X-CUBE-AZRTOS-L5.2.0.0
2023-11-08 15:54:52,242 [WARN] PackLoader:240 - Cannot read IP mode file for STMicroelectronics.X-CUBE-MEMS1.9.6.0
2023-11-08 15:54:52,340 [WARN] PackLoader:240 - Cannot read IP mode file for STMicroelectronics.X-CUBE-EEPRMA1.4.2.0
2023-11-08 15:54:52,352 [WARN] PackLoader:240 - Cannot read IP mode file for ITTIA_DB.I-CUBE-ITTIADB.8.8.0
2023-11-08 15:54:52,365 [WARN] PackLoader:240 - Cannot read IP mode file for STMicroelectronics.X-CUBE-BLEMGR.2.0.0
2023-11-08 15:54:52,394 [WARN] ConditionMgr:438 - getConditionDescription Invalid condition id : UX DEVICE CLASS RTOS Condition cause : null
2023-11-08 15:54:52,394 [WARN] ConditionMgr:438 - getConditionDescription Invalid condition id : UX DEVICE CLASS RTOS Condition cause : null
2023-11-08 15:54:52,397 [WARN] PackLoader:240 - Cannot read IP mode file for STMicroelectronics.X-CUBE-AZRTOS-H7.3.1.0
2023-11-08 15:54:52,398 [WARN] ConditionMgr:1039 - genDependencies : Invalid condition id : UX DEVICE CLASS RTOS Condition cause : null
2023-11-08 15:54:52,398 [WARN] ConditionMgr:1039 - genDependencies : Invalid condition id : UX DEVICE CLASS RTOS Condition cause : null
2023-11-08 15:54:52,398 [WARN] ConditionMgr:1039 - genDependencies : Invalid condition id : UX DEVICE CLASS RTOS Condition cause : null
2023-11-08 15:54:52,399 [WARN] ConditionMgr:1039 - genDependencies : Invalid condition id : UX DEVICE CLASS RTOS Condition cause : null
2023-11-08 15:54:52,399 [WARN] ConditionMgr:1039 - genDependencies : Invalid condition id : UX DEVICE CLASS RTOS Condition cause : null
2023-11-08 15:54:52,413 [WARN] PackLoader:240 - Cannot read IP mode file for STMicroelectronics.X-CUBE-NFC7.1.0.1
2023-11-08 15:54:52,428 [WARN] PackLoader:240 - Cannot read IP mode file for STMicroelectronics.X-CUBE-NFC6.3.0.0
2023-11-08 15:54:52,441 [WARN] PackLoader:240 - Cannot read IP mode file for STMicroelectronics.X-CUBE-EEPRMA1.4.1.0
2023-11-08 15:54:52,454 [WARN] PackLoader:240 - Cannot read IP mode file for STMicroelectronics.X-CUBE-AI.8.1.0
2023-11-08 15:54:52,486 [WARN] ConditionMgr:438 - getConditionDescription Invalid condition id : LAN8742 Phy interface Condition cause : null
2023-11-08 15:54:52,487 [WARN] PackLoader:240 - Cannot read IP mode file for STMicroelectronics.X-CUBE-AZRTOS-L4.2.0.0
2023-11-08 15:54:52,488 [WARN] ConditionMgr:1039 - genDependencies : Invalid condition id : LAN8742 Phy interface Condition cause : null
2023-11-08 15:54:52,489 [WARN] ConditionMgr:1039 - genDependencies : Invalid condition id : LAN8742 Phy interface Condition cause : null
2023-11-08 15:54:52,489 [WARN] ConditionMgr:1039 - genDependencies : Invalid condition id : LAN8742 Phy interface Condition cause : null
2023-11-08 15:54:52,508 [WARN] PackLoader:240 - Cannot read IP mode file for STMicroelectronics.X-CUBE-SFXS2LP1.4.0.0
2023-11-08 15:54:52,522 [WARN] PackLoader:240 - Cannot read IP mode file for STMicroelectronics.X-CUBE-ISPU.1.1.0
2023-11-08 15:54:52,546 [WARN] ConditionMgr:438 - getConditionDescription Invalid condition id : UX DEVICE CLASS RTOS Condition cause : null
2023-11-08 15:54:52,547 [WARN] ConditionMgr:438 - getConditionDescription Invalid condition id : UX DEVICE CLASS RTOS Condition cause : null
2023-11-08 15:54:52,549 [WARN] PackLoader:240 - Cannot read IP mode file for STMicroelectronics.X-CUBE-AZRTOS-WB.2.0.0
2023-11-08 15:54:52,550 [WARN] ConditionMgr:1039 - genDependencies : Invalid condition id : UX DEVICE CLASS RTOS Condition cause : null
2023-11-08 15:54:52,550 [WARN] ConditionMgr:1039 - genDependencies : Invalid condition id : UX DEVICE CLASS RTOS Condition cause : null
2023-11-08 15:54:52,550 [WARN] ConditionMgr:1039 - genDependencies : Invalid condition id : UX DEVICE CLASS RTOS Condition cause : null
2023-11-08 15:54:52,551 [WARN] ConditionMgr:1039 - genDependencies : Invalid condition id : UX DEVICE CLASS RTOS Condition cause : null
2023-11-08 15:54:52,551 [WARN] ConditionMgr:1039 - genDependencies : Invalid condition id : UX DEVICE CLASS RTOS Condition cause : null
2023-11-08 15:54:52,575 [WARN] PackLoader:240 - Cannot read IP mode file for STMicroelectronics.X-CUBE-SUBG2.5.0.0
2023-11-08 15:54:52,598 [WARN] PackLoader:240 - Cannot read IP mode file for STMicroelectronics.X-CUBE-TOF1.3.3.1
2023-11-08 15:54:52,629 [WARN] PackLoader:240 - Cannot read IP mode file for STMicroelectronics.X-CUBE-AZRTOS-G4.2.0.0
2023-11-08 15:54:52,654 [WARN] PackLoader:240 - Cannot read IP mode file for Infineon.AIROC-Wi-Fi-Bluetooth-STM32.1.5.1
2023-11-08 15:54:52,722 [WARN] PackLoader:240 - Cannot read IP mode file for STMicroelectronics.X-CUBE-MEMS1.10.0.0
2023-11-08 15:54:52,817 [WARN] PackLoader:240 - Cannot read IP mode file for STMicroelectronics.X-CUBE-FREERTOS.1.1.0
2023-11-08 15:54:52,828 [WARN] PackLoader:240 - Cannot read IP mode file for portGmbH.I-Cube-SoM-uGOAL.1.1.0
2023-11-08 15:54:52,838 [WARN] PackLoader:240 - Cannot read IP mode file for STMicroelectronics.X-CUBE-ALS.1.0.1
2023-11-08 15:54:52,848 [WARN] PackLoader:240 - Cannot read IP mode file for STMicroelectronics.FP-ATR-ASTRA1.2.0.0
2023-11-08 15:54:52,849 [INFO] ThirdParty:978 - Integrity check success = true
2023-11-08 15:54:52,850 [INFO] IntegrityCheckThread:100 - exiting critical section [integrity check]
2023-11-08 15:54:52,850 [INFO] IntegrityCheckThread:103 - End integrity checks thread
2023-11-08 15:55:11,863 [ERROR] LogOutputStream:75 - [STDERR_REDIRECT] SLF4J: Failed to load class "org.slf4j.impl.StaticLoggerBinder".
2023-11-08 15:55:11,864 [ERROR] LogOutputStream:75 - [STDERR_REDIRECT] SLF4J: Defaulting to no-operation (NOP) logger implementation
2023-11-08 15:55:11,865 [ERROR] LogOutputStream:75 - [STDERR_REDIRECT] SLF4J: See http://www.slf4j.org/codes.html#StaticLoggerBinder for further details.
