2023-11-25 18:12:57,111 [INFO] Activator:176 - 


2023-11-25 18:12:57,111 [INFO] Activator:177 - !SESSION log4j initialized
2023-11-25 18:13:01,547 [INFO] LogOutputStream:77 - [STDOUT_REDIRECT] 
2023-11-25 18:13:02,515 [INFO] ApplicationProperties:184 - Using Application install path: C:\ST\STM32CubeIDE_1.13.2\STM32CubeIDE\plugins\com.st.stm32cube.common.mx_6.9.2.202309101412
2023-11-25 18:13:02,529 [INFO] DbMcusXml:78 - Set database path to: C:\ST\STM32CubeIDE_1.13.2\STM32CubeIDE\plugins\com.st.stm32cube.common.mx_6.9.2.202309101412\\db\/mcu/
2023-11-25 18:13:02,529 [INFO] ApiDb:274 - Set plugin database path to: C:\ST\STM32CubeIDE_1.13.2\STM32CubeIDE\plugins\com.st.stm32cube.common.mx_6.9.2.202309101412\\db\/plugins/boardmanager/
2023-11-25 18:13:02,530 [WARN] ApiDb:259 - Overriding images path with different value:  => C:\ST\STM32CubeIDE_1.13.2\STM32CubeIDE\plugins\com.st.stm32cube.common.mx_6.9.2.202309101412\\db\/plugins/mcufinder/images/
2023-11-25 18:13:02,537 [INFO] ApiDb:250 - Set database path to: C:\Users\user\.stmcufinder\plugins\mcufinder//mcu/
2023-11-25 18:13:02,538 [INFO] DbMcusAds:125 - Set database path to: C:\Users\user\.stmcufinder\plugins\mcufinder//mcu/
2023-11-25 18:13:02,539 [INFO] CrossReferenceDbSqlite:203 - Set database path to: C:\Users\user\.stmcufinder\plugins\mcufinder//mcu/cs/
2023-11-25 18:13:02,620 [INFO] RulesReader:64 - Compatibility file has been processed (293 Rules)
2023-11-25 18:13:02,681 [INFO] DbMcusXml:78 - Set database path to: C:\ST\STM32CubeIDE_1.13.2\STM32CubeIDE\plugins\com.st.stm32cube.common.mx_6.9.2.202309101412\\db\/mcu/
2023-11-25 18:13:02,681 [INFO] ApiDb:274 - Set plugin database path to: C:\ST\STM32CubeIDE_1.13.2\STM32CubeIDE\plugins\com.st.stm32cube.common.mx_6.9.2.202309101412\\db\/plugins/boardmanager/
2023-11-25 18:13:02,681 [INFO] ApiDb:261 - Set plugin images path to: C:\ST\STM32CubeIDE_1.13.2\STM32CubeIDE\plugins\com.st.stm32cube.common.mx_6.9.2.202309101412\\db\/plugins/mcufinder/images/
2023-11-25 18:13:02,682 [WARN] DbFile:41 - Overriding database path with different value: C:\Users\user\.stmcufinder\plugins\mcufinder/ => C:\Users\user\.stmcufinder\plugins\mcufinder
2023-11-25 18:13:02,682 [INFO] ApiDb:250 - Set database path to: C:\Users\user\.stmcufinder\plugins\mcufinder//mcu/
2023-11-25 18:13:02,682 [WARN] DbFile:41 - Overriding database path with different value: C:\Users\user\.stmcufinder\plugins\mcufinder/ => C:\Users\user\.stmcufinder\plugins\mcufinder
2023-11-25 18:13:02,682 [INFO] DbMcusAds:125 - Set database path to: C:\Users\user\.stmcufinder\plugins\mcufinder//mcu/
2023-11-25 18:13:02,682 [WARN] DbFile:41 - Overriding database path with different value: C:\Users\user\.stmcufinder\plugins\mcufinder/ => C:\Users\user\.stmcufinder\plugins\mcufinder
2023-11-25 18:13:02,682 [WARN] DbFile:41 - Overriding database path with different value: C:\Users\user\.stmcufinder\plugins\mcufinder/ => C:\Users\user\.stmcufinder\plugins\mcufinder
2023-11-25 18:13:02,682 [INFO] CrossReferenceDbSqlite:203 - Set database path to: C:\Users\user\.stmcufinder\plugins\mcufinder//mcu/cs/
2023-11-25 18:13:02,733 [INFO] MainPanel:262 - HeapMemory: 268435456
2023-11-25 18:13:02,797 [INFO] DbMcusXml:78 - Set database path to: C:\ST\STM32CubeIDE_1.13.2\STM32CubeIDE\plugins\com.st.stm32cube.common.mx_6.9.2.202309101412\\db\/mcu/
2023-11-25 18:13:02,797 [INFO] ApiDb:274 - Set plugin database path to: C:\ST\STM32CubeIDE_1.13.2\STM32CubeIDE\plugins\com.st.stm32cube.common.mx_6.9.2.202309101412\\db\/plugins/boardmanager/
2023-11-25 18:13:02,797 [INFO] ApiDb:261 - Set plugin images path to: C:\ST\STM32CubeIDE_1.13.2\STM32CubeIDE\plugins\com.st.stm32cube.common.mx_6.9.2.202309101412\\db\/plugins/mcufinder/images/
2023-11-25 18:13:02,797 [WARN] DbFile:41 - Overriding database path with different value: C:\Users\user\.stmcufinder\plugins\mcufinder/ => C:\Users\user\.stmcufinder\plugins\mcufinder
2023-11-25 18:13:02,797 [INFO] ApiDb:250 - Set database path to: C:\Users\user\.stmcufinder\plugins\mcufinder//mcu/
2023-11-25 18:13:02,797 [WARN] DbFile:41 - Overriding database path with different value: C:\Users\user\.stmcufinder\plugins\mcufinder/ => C:\Users\user\.stmcufinder\plugins\mcufinder
2023-11-25 18:13:02,797 [INFO] DbMcusAds:125 - Set database path to: C:\Users\user\.stmcufinder\plugins\mcufinder//mcu/
2023-11-25 18:13:02,797 [WARN] DbFile:41 - Overriding database path with different value: C:\Users\user\.stmcufinder\plugins\mcufinder/ => C:\Users\user\.stmcufinder\plugins\mcufinder
2023-11-25 18:13:02,797 [WARN] DbFile:41 - Overriding database path with different value: C:\Users\user\.stmcufinder\plugins\mcufinder/ => C:\Users\user\.stmcufinder\plugins\mcufinder
2023-11-25 18:13:02,797 [INFO] CrossReferenceDbSqlite:203 - Set database path to: C:\Users\user\.stmcufinder\plugins\mcufinder//mcu/cs/
2023-11-25 18:13:02,811 [INFO] ApplicationProperties:184 - Using Application install path: C:\ST\STM32CubeIDE_1.13.2\STM32CubeIDE\plugins\com.st.stm32cube.common.mx_6.9.2.202309101412
2023-11-25 18:13:02,812 [INFO] PluginManage:196 - Search for loadable plugins [exclusion list=, ]
2023-11-25 18:13:02,813 [INFO] PluginManage:310 - Check plugin analytics
2023-11-25 18:13:02,919 [INFO] AnalyticsPlugin:253 - Accepted Software Licenses: 
2023-11-25 18:13:02,920 [INFO] AnalyticsPlugin:255 - Accepted CMSIS Pack Licenses: 
2023-11-25 18:13:02,920 [INFO] AnalyticsPlugin:257 - Accepted Firmware Licenses: FW.F4.1.27.0
2023-11-25 18:13:02,922 [INFO] PluginManage:359 - Loaded plugin analytics (category:tool,tabindex:-1)
2023-11-25 18:13:02,923 [INFO] PluginManage:310 - Check plugin cadmodel
2023-11-25 18:13:02,934 [INFO] CADModel:105 - Init CAD model plugin
2023-11-25 18:13:02,934 [INFO] PluginManage:359 - Loaded plugin cadmodel (category:power,tabindex:5)
2023-11-25 18:13:02,935 [INFO] PluginManage:310 - Check plugin clock
2023-11-25 18:13:02,951 [INFO] PluginManage:359 - Loaded plugin clock (category:base,tabindex:2)
2023-11-25 18:13:02,951 [INFO] PluginManage:310 - Check plugin ddr
2023-11-25 18:13:02,953 [INFO] PluginManage:359 - Loaded plugin ddr (category:tool,tabindex:6)
2023-11-25 18:13:02,953 [INFO] PluginManage:310 - Check plugin filemanager
2023-11-25 18:13:03,045 [INFO] PluginManage:359 - Loaded plugin filemanager (category:base,tabindex:10)
2023-11-25 18:13:03,045 [INFO] PluginManage:310 - Check plugin ipmanager
2023-11-25 18:13:03,050 [INFO] PluginManage:359 - Loaded plugin ipmanager (category:base,tabindex:5)
2023-11-25 18:13:03,050 [INFO] PluginManage:310 - Check plugin lpbam
2023-11-25 18:13:03,064 [INFO] PluginManage:359 - Loaded plugin lpbam (category:base,tabindex:0)
2023-11-25 18:13:03,064 [INFO] PluginManage:310 - Check plugin memorymap
2023-11-25 18:13:03,079 [INFO] PluginManage:359 - Loaded plugin memorymap (category:base,tabindex:4)
2023-11-25 18:13:03,079 [INFO] PluginManage:310 - Check plugin pinoutandconfiguration
2023-11-25 18:13:03,091 [INFO] PluginManage:359 - Loaded plugin pinoutandconfiguration (category:base,tabindex:1)
2023-11-25 18:13:03,091 [INFO] PluginManage:310 - Check plugin pinoutconfig
2023-11-25 18:13:03,162 [WARN] SupportedApi:132 - Cannot load RTOS API schema: s4s-elt-must-match.1: The content of 'definitions' must match (annotation?, (simpleType | complexType)?, (unique | key | keyref)*)). A problem was found starting at: attribute.
2023-11-25 18:13:03,251 [INFO] PluginManage:359 - Loaded plugin pinoutconfig (category:base,tabindex:0)
2023-11-25 18:13:03,251 [INFO] PluginManage:310 - Check plugin power
2023-11-25 18:13:03,267 [INFO] PluginManage:359 - Loaded plugin power (category:power,tabindex:4)
2023-11-25 18:13:03,267 [INFO] PluginManage:310 - Check plugin projectmanager
2023-11-25 18:13:03,276 [INFO] PluginManage:359 - Loaded plugin projectmanager (category:projectmanager,tabindex:3)
2023-11-25 18:13:03,277 [INFO] PluginManage:310 - Check plugin thirdparty
2023-11-25 18:13:03,451 [INFO] PluginManage:359 - Loaded plugin thirdparty (category:base,tabindex:-1)
2023-11-25 18:13:03,451 [WARN] IntegrityCheckThread:84 - waiting for thirdparty lock release [integrity check]
2023-11-25 18:13:03,452 [INFO] PluginManage:310 - Check plugin tools
2023-11-25 18:13:03,452 [INFO] IntegrityCheckThread:86 - entering critical section [integrity check]
2023-11-25 18:13:03,452 [INFO] ThirdPartyUpdaterWithRetryManager:70 - Updater plugin not ready yet. [1/15]
2023-11-25 18:13:03,475 [INFO] PluginManage:359 - Loaded plugin tools (category:base,tabindex:7)
2023-11-25 18:13:03,475 [INFO] PluginManage:310 - Check plugin tutovideos
2023-11-25 18:13:03,608 [INFO] PluginManage:359 - Loaded plugin tutovideos (category:base,tabindex:-1)
2023-11-25 18:13:03,608 [INFO] PluginManage:310 - Check plugin updater
2023-11-25 18:13:03,615 [INFO] PluginManage:359 - Loaded plugin updater (category:base,tabindex:12)
2023-11-25 18:13:03,615 [INFO] PluginManage:310 - Check plugin userauth
2023-11-25 18:13:03,619 [INFO] UserAuth:113 - Init User Auth plugin
2023-11-25 18:13:03,619 [INFO] PluginManage:359 - Loaded plugin userauth (category:base,tabindex:14)
2023-11-25 18:13:03,620 [INFO] PluginManage:283 - PluginManage : Loaded plugins [17]
2023-11-25 18:13:03,765 [INFO] PinOutPanel:1499 - setPackage(No Configuration,No Configuration)
2023-11-25 18:13:03,834 [INFO] CADModel:165 - CPN selected for project level
2023-11-25 18:13:03,835 [INFO] CADModel:114 - Register for checkConnection events
2023-11-25 18:13:03,855 [INFO] IPUIPlugin:80 - create IPUIPlugin
2023-11-25 18:13:03,855 [INFO] PluginManager:220 - loadIPPluginJar : add adc
2023-11-25 18:13:03,879 [INFO] IPUIPlugin:80 - create IPUIPlugin
2023-11-25 18:13:03,879 [INFO] PluginManager:220 - loadIPPluginJar : add aes
2023-11-25 18:13:03,904 [INFO] IPUIPlugin:80 - create IPUIPlugin
2023-11-25 18:13:03,904 [INFO] PluginManager:220 - loadIPPluginJar : add can
2023-11-25 18:13:03,918 [INFO] IPUIPlugin:80 - create IPUIPlugin
2023-11-25 18:13:03,919 [INFO] PluginManager:220 - loadIPPluginJar : add comp
2023-11-25 18:13:03,939 [INFO] IPUIPlugin:80 - create IPUIPlugin
2023-11-25 18:13:03,940 [INFO] PluginManager:220 - loadIPPluginJar : add cryp
2023-11-25 18:13:03,961 [INFO] IPUIPlugin:80 - create IPUIPlugin
2023-11-25 18:13:03,961 [INFO] PluginManager:220 - loadIPPluginJar : add dfsdm
2023-11-25 18:13:03,972 [INFO] IPUIPlugin:80 - create IPUIPlugin
2023-11-25 18:13:03,973 [INFO] PluginManager:220 - loadIPPluginJar : add dma
2023-11-25 18:13:04,000 [INFO] IPUIPlugin:80 - create IPUIPlugin
2023-11-25 18:13:04,000 [INFO] PluginManager:220 - loadIPPluginJar : add dma3
2023-11-25 18:13:04,012 [INFO] IPUIPlugin:80 - create IPUIPlugin
2023-11-25 18:13:04,012 [INFO] PluginManager:220 - loadIPPluginJar : add fatfs
2023-11-25 18:13:04,041 [INFO] IPUIPlugin:80 - create IPUIPlugin
2023-11-25 18:13:04,041 [INFO] PluginManager:220 - loadIPPluginJar : add fmc
2023-11-25 18:13:04,052 [INFO] IPUIPlugin:80 - create IPUIPlugin
2023-11-25 18:13:04,052 [INFO] PluginManager:220 - loadIPPluginJar : add freertos
2023-11-25 18:13:04,066 [INFO] IPUIPlugin:80 - create IPUIPlugin
2023-11-25 18:13:04,066 [INFO] PluginManager:220 - loadIPPluginJar : add genericplugin
2023-11-25 18:13:04,122 [INFO] IPUIPlugin:80 - create IPUIPlugin
2023-11-25 18:13:04,122 [INFO] PluginManager:220 - loadIPPluginJar : add gfxmmu
2023-11-25 18:13:04,202 [INFO] IPUIPlugin:80 - create IPUIPlugin
2023-11-25 18:13:04,203 [INFO] PluginManager:220 - loadIPPluginJar : add gic
2023-11-25 18:13:04,211 [INFO] IPUIPlugin:80 - create IPUIPlugin
2023-11-25 18:13:04,211 [INFO] PluginManager:220 - loadIPPluginJar : add gpio
2023-11-25 18:13:04,268 [INFO] IPUIPlugin:80 - create IPUIPlugin
2023-11-25 18:13:04,268 [INFO] PluginManager:220 - loadIPPluginJar : add gtzc
2023-11-25 18:13:04,288 [INFO] IPUIPlugin:80 - create IPUIPlugin
2023-11-25 18:13:04,288 [INFO] PluginManager:220 - loadIPPluginJar : add hash
2023-11-25 18:13:04,321 [INFO] IPUIPlugin:80 - create IPUIPlugin
2023-11-25 18:13:04,321 [INFO] PluginManager:220 - loadIPPluginJar : add i2c
2023-11-25 18:13:04,345 [INFO] IPUIPlugin:80 - create IPUIPlugin
2023-11-25 18:13:04,345 [INFO] PluginManager:220 - loadIPPluginJar : add i2s
2023-11-25 18:13:04,370 [INFO] IPUIPlugin:80 - create IPUIPlugin
2023-11-25 18:13:04,370 [INFO] PluginManager:220 - loadIPPluginJar : add i3c
2023-11-25 18:13:04,435 [INFO] IPUIPlugin:80 - create IPUIPlugin
2023-11-25 18:13:04,435 [INFO] PluginManager:220 - loadIPPluginJar : add ipddr
2023-11-25 18:13:04,493 [INFO] IPUIPlugin:80 - create IPUIPlugin
2023-11-25 18:13:04,493 [INFO] PluginManager:220 - loadIPPluginJar : add linkedlist
2023-11-25 18:13:04,517 [INFO] IPUIPlugin:80 - create IPUIPlugin
2023-11-25 18:13:04,517 [INFO] PluginManager:220 - loadIPPluginJar : add lorawan
2023-11-25 18:13:04,541 [INFO] IPUIPlugin:80 - create IPUIPlugin
2023-11-25 18:13:04,541 [INFO] PluginManager:220 - loadIPPluginJar : add ltdc
2023-11-25 18:13:04,552 [INFO] IPUIPlugin:80 - create IPUIPlugin
2023-11-25 18:13:04,552 [INFO] PluginManager:220 - loadIPPluginJar : add mdma
2023-11-25 18:13:04,561 [INFO] IPUIPlugin:80 - create IPUIPlugin
2023-11-25 18:13:04,561 [INFO] PluginManager:220 - loadIPPluginJar : add nvic
2023-11-25 18:13:04,583 [INFO] IPUIPlugin:80 - create IPUIPlugin
2023-11-25 18:13:04,583 [INFO] PluginManager:220 - loadIPPluginJar : add opamp
2023-11-25 18:13:04,620 [INFO] IPUIPlugin:80 - create IPUIPlugin
2023-11-25 18:13:04,620 [INFO] PluginManager:220 - loadIPPluginJar : add openamp
2023-11-25 18:13:04,645 [INFO] IPUIPlugin:80 - create IPUIPlugin
2023-11-25 18:13:04,645 [INFO] PluginManager:220 - loadIPPluginJar : add pdm2pcm
2023-11-25 18:13:04,656 [INFO] IPUIPlugin:80 - create IPUIPlugin
2023-11-25 18:13:04,658 [INFO] PluginManager:220 - loadIPPluginJar : add plateformsettings
2023-11-25 18:13:04,672 [INFO] IPUIPlugin:80 - create IPUIPlugin
2023-11-25 18:13:04,672 [INFO] PluginManager:220 - loadIPPluginJar : add quadspi
2023-11-25 18:13:04,679 [INFO] IPUIPlugin:80 - create IPUIPlugin
2023-11-25 18:13:04,679 [INFO] PluginManager:220 - loadIPPluginJar : add resmgrutility
2023-11-25 18:13:04,712 [INFO] IPUIPlugin:80 - create IPUIPlugin
2023-11-25 18:13:04,712 [INFO] PluginManager:220 - loadIPPluginJar : add sai
2023-11-25 18:13:04,736 [INFO] IPUIPlugin:80 - create IPUIPlugin
2023-11-25 18:13:04,736 [INFO] PluginManager:220 - loadIPPluginJar : add spi
2023-11-25 18:13:04,773 [INFO] IPUIPlugin:80 - create IPUIPlugin
2023-11-25 18:13:04,773 [INFO] PluginManager:220 - loadIPPluginJar : add stm32_wpan
2023-11-25 18:13:04,788 [INFO] IPUIPlugin:80 - create IPUIPlugin
2023-11-25 18:13:04,788 [INFO] PluginManager:220 - loadIPPluginJar : add tim
2023-11-25 18:13:04,822 [INFO] IPUIPlugin:80 - create IPUIPlugin
2023-11-25 18:13:04,822 [INFO] PluginManager:220 - loadIPPluginJar : add touchsensing
2023-11-25 18:13:04,837 [INFO] IPUIPlugin:80 - create IPUIPlugin
2023-11-25 18:13:04,837 [INFO] PluginManager:220 - loadIPPluginJar : add tracer_emb
2023-11-25 18:13:04,850 [INFO] IPUIPlugin:80 - create IPUIPlugin
2023-11-25 18:13:04,850 [INFO] PluginManager:220 - loadIPPluginJar : add ts
2023-11-25 18:13:04,863 [INFO] IPUIPlugin:80 - create IPUIPlugin
2023-11-25 18:13:04,863 [INFO] PluginManager:220 - loadIPPluginJar : add tsc
2023-11-25 18:13:04,876 [INFO] IPUIPlugin:80 - create IPUIPlugin
2023-11-25 18:13:04,877 [INFO] PluginManager:220 - loadIPPluginJar : add ucpd
2023-11-25 18:13:04,903 [INFO] IPUIPlugin:80 - create IPUIPlugin
2023-11-25 18:13:04,903 [INFO] PluginManager:220 - loadIPPluginJar : add usart
2023-11-25 18:13:04,930 [INFO] IPUIPlugin:80 - create IPUIPlugin
2023-11-25 18:13:04,930 [INFO] PluginManager:220 - loadIPPluginJar : add usbx
2023-11-25 18:13:05,037 [INFO] CADModel:165 - CPN selected for project level
2023-11-25 18:13:05,038 [INFO] CADModel:114 - Register for checkConnection events
2023-11-25 18:13:05,038 [FATAL] Updater:308 - Updater called before beeing initialized
2023-11-25 18:13:05,038 [ERROR] CADModel:125 - Updater not yet initialized, retry later 
2023-11-25 18:13:05,138 [INFO] CADModel:165 - CPN selected for project level
2023-11-25 18:13:05,138 [INFO] CADModel:114 - Register for checkConnection events
2023-11-25 18:13:05,138 [FATAL] Updater:308 - Updater called before beeing initialized
2023-11-25 18:13:05,138 [ERROR] CADModel:125 - Updater not yet initialized, retry later 
2023-11-25 18:13:05,141 [FATAL] Updater:308 - Updater called before beeing initialized
2023-11-25 18:13:05,201 [FATAL] Updater:308 - Updater called before beeing initialized
2023-11-25 18:13:05,208 [INFO] DbMcusAds:53 - JSON generation date=Tue Mar 07 09:50:55 CET 2023 (1678179055335)
2023-11-25 18:13:05,209 [FATAL] Updater:308 - Updater called before beeing initialized
2023-11-25 18:13:05,269 [WARN] DetailPanel:346 - Failed to get advertising image, set to default
2023-11-25 18:13:05,333 [FATAL] Updater:308 - Updater called before beeing initialized
2023-11-25 18:13:05,335 [FATAL] Updater:308 - Updater called before beeing initialized
2023-11-25 18:13:05,335 [FATAL] Updater:308 - Updater called before beeing initialized
2023-11-25 18:13:05,335 [WARN] DetailPanel:346 - Failed to get advertising image, set to default
2023-11-25 18:13:05,336 [FATAL] Updater:308 - Updater called before beeing initialized
2023-11-25 18:13:05,373 [ERROR] Updater:1120 - MainUpdater not yet initialized. External WinMGr cannot be set.
2023-11-25 18:13:05,379 [INFO] Updater:1056 - Updater Version found : 6.9.2
2023-11-25 18:13:05,393 [INFO] ApplicationProperties:184 - Using Application install path: C:\ST\STM32CubeIDE_1.13.2\STM32CubeIDE\plugins\com.st.stm32cube.common.mx_6.9.2.202309101412
2023-11-25 18:13:05,586 [INFO] MainUpdater:2868 - connection check result : 10
2023-11-25 18:13:05,586 [INFO] MainUpdater:285 - Updater Check For Update Now.
2023-11-25 18:13:05,586 [INFO] MicroXplorer:498 - Change Database Version : DB.6.0.92
2023-11-25 18:13:05,605 [INFO] McuFinderGlobals:63 - Set McuFinder mode to 2 (CubeIDE integrated)
2023-11-25 18:13:05,763 [INFO] CheckServerUpdateThread:120 - End of CheckServer Thread
2023-11-25 18:13:06,567 [WARN] PackLoader:240 - Cannot read IP mode file for STMicroelectronics.X-CUBE-SMBUS.2.1.0
2023-11-25 18:13:06,603 [WARN] PackLoader:240 - Cannot read IP mode file for STMicroelectronics.X-CUBE-AZRTOS-F7.1.1.0
2023-11-25 18:13:06,618 [WARN] PackLoader:240 - Cannot read IP mode file for STMicroelectronics.FP-SNS-MOTENV1.4.3.2
2023-11-25 18:13:06,632 [WARN] PackLoader:240 - Cannot read IP mode file for STMicroelectronics.FP-SNS-FLIGHT1.5.0.2
2023-11-25 18:13:06,646 [WARN] PackLoader:240 - Cannot read IP mode file for STMicroelectronics.X-CUBE-DISPLAY.3.0.0
2023-11-25 18:13:06,667 [WARN] PackLoader:240 - Cannot read IP mode file for STMicroelectronics.X-CUBE-BLE1.7.0.0
2023-11-25 18:13:06,681 [WARN] PackLoader:240 - Cannot read IP mode file for emotas.I-CUBE-CANOPEN.1.3.0
2023-11-25 18:13:06,694 [WARN] PackLoader:240 - Cannot read IP mode file for STMicroelectronics.X-CUBE-TOUCHGFX.4.22.1
2023-11-25 18:13:06,705 [WARN] PackLoader:240 - Cannot read IP mode file for STMicroelectronics.FP-SNS-SMARTAG2.1.2.0
2023-11-25 18:13:06,723 [INFO] LogOutputStream:77 - [STDOUT_REDIRECT] 1 : Invalid condition id : UX_CORESTACK_Condition cause : null
2023-11-25 18:13:06,724 [INFO] LogOutputStream:77 - [STDOUT_REDIRECT] 1 : Invalid condition id : UX_CORESTACK_Condition cause : null
2023-11-25 18:13:06,725 [INFO] LogOutputStream:77 - [STDOUT_REDIRECT] 1 : Invalid condition id : UX_CORESTACK_Condition cause : null
2023-11-25 18:13:06,726 [INFO] LogOutputStream:77 - [STDOUT_REDIRECT] 1 : Invalid condition id : UX_CORESTACK_Condition cause : null
2023-11-25 18:13:06,727 [INFO] LogOutputStream:77 - [STDOUT_REDIRECT] 1 : Invalid condition id : UX_CORESTACK_Condition cause : null
2023-11-25 18:13:06,730 [WARN] PackLoader:240 - Cannot read IP mode file for STMicroelectronics.X-CUBE-AZRTOS-WL.2.0.0
2023-11-25 18:13:06,747 [WARN] PackLoader:240 - Cannot read IP mode file for WES.I-CUBE-Cesium.1.3.0
2023-11-25 18:13:06,760 [WARN] PackLoader:240 - Cannot read IP mode file for STMicroelectronics.X-CUBE-BLE2.3.3.0
2023-11-25 18:13:06,772 [WARN] PackLoader:240 - Cannot read IP mode file for STMicroelectronics.X-CUBE-ALGOBUILD.1.3.0
2023-11-25 18:13:06,792 [WARN] PackLoader:240 - Cannot read IP mode file for STMicroelectronics.X-CUBE-AZRTOS-G0.1.1.0
2023-11-25 18:13:06,804 [WARN] PackLoader:240 - Cannot read IP mode file for STMicroelectronics.X-CUBE-NFC4.3.0.0
2023-11-25 18:13:06,817 [WARN] PackLoader:240 - Cannot read IP mode file for STMicroelectronics.X-CUBE-BLEMGR.3.0.0
2023-11-25 18:13:06,828 [WARN] PackLoader:240 - Cannot read IP mode file for STMicroelectronics.FP-ATR-SIGFOX1.3.2.0
2023-11-25 18:13:06,854 [WARN] PackLoader:240 - Cannot read IP mode file for SEGGER.I-CUBE-embOS.1.3.1
2023-11-25 18:13:06,887 [WARN] PackLoader:240 - Cannot read IP mode file for STMicroelectronics.X-CUBE-GNSS1.6.0.0
2023-11-25 18:13:06,914 [WARN] PackLoader:240 - Cannot read IP mode file for STMicroelectronics.X-CUBE-AZRTOS-F4.1.1.0
2023-11-25 18:13:06,930 [WARN] PackLoader:240 - Cannot read IP mode file for wolfSSL.I-CUBE-wolfSSL.5.6.3
2023-11-25 18:13:06,954 [WARN] PackLoader:240 - Cannot read IP mode file for STMicroelectronics.X-CUBE-AZRTOS-L5.2.0.0
2023-11-25 18:13:06,996 [WARN] PackLoader:240 - Cannot read IP mode file for STMicroelectronics.X-CUBE-MEMS1.9.6.0
2023-11-25 18:13:07,085 [WARN] PackLoader:240 - Cannot read IP mode file for STMicroelectronics.X-CUBE-EEPRMA1.4.2.0
2023-11-25 18:13:07,096 [WARN] PackLoader:240 - Cannot read IP mode file for ITTIA_DB.I-CUBE-ITTIADB.8.8.0
2023-11-25 18:13:07,106 [WARN] PackLoader:240 - Cannot read IP mode file for STMicroelectronics.X-CUBE-BLEMGR.2.0.0
2023-11-25 18:13:07,130 [WARN] ConditionMgr:438 - getConditionDescription Invalid condition id : UX DEVICE CLASS RTOS Condition cause : null
2023-11-25 18:13:07,130 [WARN] ConditionMgr:438 - getConditionDescription Invalid condition id : UX DEVICE CLASS RTOS Condition cause : null
2023-11-25 18:13:07,132 [WARN] PackLoader:240 - Cannot read IP mode file for STMicroelectronics.X-CUBE-AZRTOS-H7.3.1.0
2023-11-25 18:13:07,133 [WARN] ConditionMgr:1039 - genDependencies : Invalid condition id : UX DEVICE CLASS RTOS Condition cause : null
2023-11-25 18:13:07,133 [WARN] ConditionMgr:1039 - genDependencies : Invalid condition id : UX DEVICE CLASS RTOS Condition cause : null
2023-11-25 18:13:07,134 [WARN] ConditionMgr:1039 - genDependencies : Invalid condition id : UX DEVICE CLASS RTOS Condition cause : null
2023-11-25 18:13:07,134 [WARN] ConditionMgr:1039 - genDependencies : Invalid condition id : UX DEVICE CLASS RTOS Condition cause : null
2023-11-25 18:13:07,134 [WARN] ConditionMgr:1039 - genDependencies : Invalid condition id : UX DEVICE CLASS RTOS Condition cause : null
2023-11-25 18:13:07,146 [WARN] PackLoader:240 - Cannot read IP mode file for STMicroelectronics.X-CUBE-NFC7.1.0.1
2023-11-25 18:13:07,160 [WARN] PackLoader:240 - Cannot read IP mode file for STMicroelectronics.X-CUBE-NFC6.3.0.0
2023-11-25 18:13:07,175 [WARN] PackLoader:240 - Cannot read IP mode file for STMicroelectronics.X-CUBE-EEPRMA1.4.1.0
2023-11-25 18:13:07,184 [WARN] PackLoader:240 - Cannot read IP mode file for STMicroelectronics.X-CUBE-AI.8.1.0
2023-11-25 18:13:07,208 [WARN] ConditionMgr:438 - getConditionDescription Invalid condition id : LAN8742 Phy interface Condition cause : null
2023-11-25 18:13:07,209 [WARN] PackLoader:240 - Cannot read IP mode file for STMicroelectronics.X-CUBE-AZRTOS-L4.2.0.0
2023-11-25 18:13:07,210 [WARN] ConditionMgr:1039 - genDependencies : Invalid condition id : LAN8742 Phy interface Condition cause : null
2023-11-25 18:13:07,210 [WARN] ConditionMgr:1039 - genDependencies : Invalid condition id : LAN8742 Phy interface Condition cause : null
2023-11-25 18:13:07,210 [WARN] ConditionMgr:1039 - genDependencies : Invalid condition id : LAN8742 Phy interface Condition cause : null
2023-11-25 18:13:07,225 [WARN] PackLoader:240 - Cannot read IP mode file for STMicroelectronics.X-CUBE-SFXS2LP1.4.0.0
2023-11-25 18:13:07,237 [WARN] PackLoader:240 - Cannot read IP mode file for STMicroelectronics.X-CUBE-ISPU.1.1.0
2023-11-25 18:13:07,256 [WARN] ConditionMgr:438 - getConditionDescription Invalid condition id : UX DEVICE CLASS RTOS Condition cause : null
2023-11-25 18:13:07,256 [WARN] ConditionMgr:438 - getConditionDescription Invalid condition id : UX DEVICE CLASS RTOS Condition cause : null
2023-11-25 18:13:07,257 [WARN] PackLoader:240 - Cannot read IP mode file for STMicroelectronics.X-CUBE-AZRTOS-WB.2.0.0
2023-11-25 18:13:07,258 [WARN] ConditionMgr:1039 - genDependencies : Invalid condition id : UX DEVICE CLASS RTOS Condition cause : null
2023-11-25 18:13:07,258 [WARN] ConditionMgr:1039 - genDependencies : Invalid condition id : UX DEVICE CLASS RTOS Condition cause : null
2023-11-25 18:13:07,258 [WARN] ConditionMgr:1039 - genDependencies : Invalid condition id : UX DEVICE CLASS RTOS Condition cause : null
2023-11-25 18:13:07,259 [WARN] ConditionMgr:1039 - genDependencies : Invalid condition id : UX DEVICE CLASS RTOS Condition cause : null
2023-11-25 18:13:07,259 [WARN] ConditionMgr:1039 - genDependencies : Invalid condition id : UX DEVICE CLASS RTOS Condition cause : null
2023-11-25 18:13:07,279 [WARN] PackLoader:240 - Cannot read IP mode file for STMicroelectronics.X-CUBE-SUBG2.5.0.0
2023-11-25 18:13:07,295 [WARN] PackLoader:240 - Cannot read IP mode file for STMicroelectronics.X-CUBE-TOF1.3.3.1
2023-11-25 18:13:07,317 [WARN] PackLoader:240 - Cannot read IP mode file for STMicroelectronics.X-CUBE-AZRTOS-G4.2.0.0
2023-11-25 18:13:07,336 [WARN] PackLoader:240 - Cannot read IP mode file for Infineon.AIROC-Wi-Fi-Bluetooth-STM32.1.5.1
2023-11-25 18:13:07,350 [WARN] PackLoader:240 - Cannot read IP mode file for STMicroelectronics.FP-SNS-MOTENVWB1.1.3.0
2023-11-25 18:13:07,383 [WARN] PackLoader:240 - Cannot read IP mode file for STMicroelectronics.X-CUBE-MEMS1.10.0.0
2023-11-25 18:13:07,457 [WARN] PackLoader:240 - Cannot read IP mode file for STMicroelectronics.X-CUBE-FREERTOS.1.1.0
2023-11-25 18:13:07,471 [WARN] PackLoader:240 - Cannot read IP mode file for portGmbH.I-Cube-SoM-uGOAL.1.1.0
2023-11-25 18:13:07,483 [WARN] PackLoader:240 - Cannot read IP mode file for STMicroelectronics.X-CUBE-ALS.1.0.1
2023-11-25 18:13:07,492 [WARN] PackLoader:240 - Cannot read IP mode file for STMicroelectronics.FP-ATR-ASTRA1.2.0.0
2023-11-25 18:13:07,509 [WARN] PackLoader:240 - Cannot read IP mode file for STMicroelectronics.X-CUBE-TOF1.3.4.0
2023-11-25 18:13:07,515 [INFO] ThirdParty:978 - Integrity check success = true
2023-11-25 18:13:07,515 [INFO] IntegrityCheckThread:100 - exiting critical section [integrity check]
2023-11-25 18:13:07,515 [INFO] IntegrityCheckThread:103 - End integrity checks thread
2023-11-25 18:13:26,401 [ERROR] LogOutputStream:75 - [STDERR_REDIRECT] SLF4J: Failed to load class "org.slf4j.impl.StaticLoggerBinder".
2023-11-25 18:13:26,401 [ERROR] LogOutputStream:75 - [STDERR_REDIRECT] SLF4J: Defaulting to no-operation (NOP) logger implementation
2023-11-25 18:13:26,402 [ERROR] LogOutputStream:75 - [STDERR_REDIRECT] SLF4J: See http://www.slf4j.org/codes.html#StaticLoggerBinder for further details.
