2023-11-24 19:11:27,063 [INFO] Activator:176 - 


2023-11-24 19:11:27,068 [INFO] Activator:177 - !SESSION log4j initialized
2023-11-24 19:11:31,354 [INFO] LogOutputStream:77 - [STDOUT_REDIRECT] 
2023-11-24 19:11:32,343 [INFO] ApplicationProperties:184 - Using Application install path: C:\ST\STM32CubeIDE_1.13.2\STM32CubeIDE\plugins\com.st.stm32cube.common.mx_6.9.2.202309101412
2023-11-24 19:11:32,356 [INFO] DbMcusXml:78 - Set database path to: C:\ST\STM32CubeIDE_1.13.2\STM32CubeIDE\plugins\com.st.stm32cube.common.mx_6.9.2.202309101412\\db\/mcu/
2023-11-24 19:11:32,356 [INFO] ApiDb:274 - Set plugin database path to: C:\ST\STM32CubeIDE_1.13.2\STM32CubeIDE\plugins\com.st.stm32cube.common.mx_6.9.2.202309101412\\db\/plugins/boardmanager/
2023-11-24 19:11:32,357 [WARN] ApiDb:259 - Overriding images path with different value:  => C:\ST\STM32CubeIDE_1.13.2\STM32CubeIDE\plugins\com.st.stm32cube.common.mx_6.9.2.202309101412\\db\/plugins/mcufinder/images/
2023-11-24 19:11:32,365 [INFO] ApiDb:250 - Set database path to: C:\Users\user\.stmcufinder\plugins\mcufinder//mcu/
2023-11-24 19:11:32,366 [INFO] DbMcusAds:125 - Set database path to: C:\Users\user\.stmcufinder\plugins\mcufinder//mcu/
2023-11-24 19:11:32,367 [INFO] CrossReferenceDbSqlite:203 - Set database path to: C:\Users\user\.stmcufinder\plugins\mcufinder//mcu/cs/
2023-11-24 19:11:32,457 [INFO] RulesReader:64 - Compatibility file has been processed (293 Rules)
2023-11-24 19:11:32,535 [INFO] DbMcusXml:78 - Set database path to: C:\ST\STM32CubeIDE_1.13.2\STM32CubeIDE\plugins\com.st.stm32cube.common.mx_6.9.2.202309101412\\db\/mcu/
2023-11-24 19:11:32,536 [INFO] ApiDb:274 - Set plugin database path to: C:\ST\STM32CubeIDE_1.13.2\STM32CubeIDE\plugins\com.st.stm32cube.common.mx_6.9.2.202309101412\\db\/plugins/boardmanager/
2023-11-24 19:11:32,536 [INFO] ApiDb:261 - Set plugin images path to: C:\ST\STM32CubeIDE_1.13.2\STM32CubeIDE\plugins\com.st.stm32cube.common.mx_6.9.2.202309101412\\db\/plugins/mcufinder/images/
2023-11-24 19:11:32,536 [WARN] DbFile:41 - Overriding database path with different value: C:\Users\user\.stmcufinder\plugins\mcufinder/ => C:\Users\user\.stmcufinder\plugins\mcufinder
2023-11-24 19:11:32,536 [INFO] ApiDb:250 - Set database path to: C:\Users\user\.stmcufinder\plugins\mcufinder//mcu/
2023-11-24 19:11:32,536 [WARN] DbFile:41 - Overriding database path with different value: C:\Users\user\.stmcufinder\plugins\mcufinder/ => C:\Users\user\.stmcufinder\plugins\mcufinder
2023-11-24 19:11:32,536 [INFO] DbMcusAds:125 - Set database path to: C:\Users\user\.stmcufinder\plugins\mcufinder//mcu/
2023-11-24 19:11:32,536 [WARN] DbFile:41 - Overriding database path with different value: C:\Users\user\.stmcufinder\plugins\mcufinder/ => C:\Users\user\.stmcufinder\plugins\mcufinder
2023-11-24 19:11:32,536 [WARN] DbFile:41 - Overriding database path with different value: C:\Users\user\.stmcufinder\plugins\mcufinder/ => C:\Users\user\.stmcufinder\plugins\mcufinder
2023-11-24 19:11:32,536 [INFO] CrossReferenceDbSqlite:203 - Set database path to: C:\Users\user\.stmcufinder\plugins\mcufinder//mcu/cs/
2023-11-24 19:11:32,599 [INFO] MainPanel:262 - HeapMemory: 268435456
2023-11-24 19:11:32,669 [INFO] DbMcusXml:78 - Set database path to: C:\ST\STM32CubeIDE_1.13.2\STM32CubeIDE\plugins\com.st.stm32cube.common.mx_6.9.2.202309101412\\db\/mcu/
2023-11-24 19:11:32,669 [INFO] ApiDb:274 - Set plugin database path to: C:\ST\STM32CubeIDE_1.13.2\STM32CubeIDE\plugins\com.st.stm32cube.common.mx_6.9.2.202309101412\\db\/plugins/boardmanager/
2023-11-24 19:11:32,669 [INFO] ApiDb:261 - Set plugin images path to: C:\ST\STM32CubeIDE_1.13.2\STM32CubeIDE\plugins\com.st.stm32cube.common.mx_6.9.2.202309101412\\db\/plugins/mcufinder/images/
2023-11-24 19:11:32,669 [WARN] DbFile:41 - Overriding database path with different value: C:\Users\user\.stmcufinder\plugins\mcufinder/ => C:\Users\user\.stmcufinder\plugins\mcufinder
2023-11-24 19:11:32,669 [INFO] ApiDb:250 - Set database path to: C:\Users\user\.stmcufinder\plugins\mcufinder//mcu/
2023-11-24 19:11:32,670 [WARN] DbFile:41 - Overriding database path with different value: C:\Users\user\.stmcufinder\plugins\mcufinder/ => C:\Users\user\.stmcufinder\plugins\mcufinder
2023-11-24 19:11:32,670 [INFO] DbMcusAds:125 - Set database path to: C:\Users\user\.stmcufinder\plugins\mcufinder//mcu/
2023-11-24 19:11:32,670 [WARN] DbFile:41 - Overriding database path with different value: C:\Users\user\.stmcufinder\plugins\mcufinder/ => C:\Users\user\.stmcufinder\plugins\mcufinder
2023-11-24 19:11:32,670 [WARN] DbFile:41 - Overriding database path with different value: C:\Users\user\.stmcufinder\plugins\mcufinder/ => C:\Users\user\.stmcufinder\plugins\mcufinder
2023-11-24 19:11:32,670 [INFO] CrossReferenceDbSqlite:203 - Set database path to: C:\Users\user\.stmcufinder\plugins\mcufinder//mcu/cs/
2023-11-24 19:11:32,683 [INFO] ApplicationProperties:184 - Using Application install path: C:\ST\STM32CubeIDE_1.13.2\STM32CubeIDE\plugins\com.st.stm32cube.common.mx_6.9.2.202309101412
2023-11-24 19:11:32,684 [INFO] PluginManage:196 - Search for loadable plugins [exclusion list=, ]
2023-11-24 19:11:32,685 [INFO] PluginManage:310 - Check plugin analytics
2023-11-24 19:11:32,803 [INFO] AnalyticsPlugin:253 - Accepted Software Licenses: 
2023-11-24 19:11:32,804 [INFO] AnalyticsPlugin:255 - Accepted CMSIS Pack Licenses: 
2023-11-24 19:11:32,804 [INFO] AnalyticsPlugin:257 - Accepted Firmware Licenses: FW.F4.1.27.0
2023-11-24 19:11:32,806 [INFO] PluginManage:359 - Loaded plugin analytics (category:tool,tabindex:-1)
2023-11-24 19:11:32,807 [INFO] PluginManage:310 - Check plugin cadmodel
2023-11-24 19:11:32,819 [INFO] CADModel:105 - Init CAD model plugin
2023-11-24 19:11:32,819 [INFO] PluginManage:359 - Loaded plugin cadmodel (category:power,tabindex:5)
2023-11-24 19:11:32,819 [INFO] PluginManage:310 - Check plugin clock
2023-11-24 19:11:32,832 [INFO] PluginManage:359 - Loaded plugin clock (category:base,tabindex:2)
2023-11-24 19:11:32,832 [INFO] PluginManage:310 - Check plugin ddr
2023-11-24 19:11:32,833 [INFO] PluginManage:359 - Loaded plugin ddr (category:tool,tabindex:6)
2023-11-24 19:11:32,833 [INFO] PluginManage:310 - Check plugin filemanager
2023-11-24 19:11:32,932 [INFO] PluginManage:359 - Loaded plugin filemanager (category:base,tabindex:10)
2023-11-24 19:11:32,933 [INFO] PluginManage:310 - Check plugin ipmanager
2023-11-24 19:11:32,937 [INFO] PluginManage:359 - Loaded plugin ipmanager (category:base,tabindex:5)
2023-11-24 19:11:32,938 [INFO] PluginManage:310 - Check plugin lpbam
2023-11-24 19:11:32,950 [INFO] PluginManage:359 - Loaded plugin lpbam (category:base,tabindex:0)
2023-11-24 19:11:32,950 [INFO] PluginManage:310 - Check plugin memorymap
2023-11-24 19:11:32,967 [INFO] PluginManage:359 - Loaded plugin memorymap (category:base,tabindex:4)
2023-11-24 19:11:32,967 [INFO] PluginManage:310 - Check plugin pinoutandconfiguration
2023-11-24 19:11:32,977 [INFO] PluginManage:359 - Loaded plugin pinoutandconfiguration (category:base,tabindex:1)
2023-11-24 19:11:32,977 [INFO] PluginManage:310 - Check plugin pinoutconfig
2023-11-24 19:11:33,052 [WARN] SupportedApi:132 - Cannot load RTOS API schema: s4s-elt-must-match.1: The content of 'definitions' must match (annotation?, (simpleType | complexType)?, (unique | key | keyref)*)). A problem was found starting at: attribute.
2023-11-24 19:11:33,143 [INFO] PluginManage:359 - Loaded plugin pinoutconfig (category:base,tabindex:0)
2023-11-24 19:11:33,143 [INFO] PluginManage:310 - Check plugin power
2023-11-24 19:11:33,158 [INFO] PluginManage:359 - Loaded plugin power (category:power,tabindex:4)
2023-11-24 19:11:33,158 [INFO] PluginManage:310 - Check plugin projectmanager
2023-11-24 19:11:33,168 [INFO] PluginManage:359 - Loaded plugin projectmanager (category:projectmanager,tabindex:3)
2023-11-24 19:11:33,168 [INFO] PluginManage:310 - Check plugin thirdparty
2023-11-24 19:11:33,348 [INFO] PluginManage:359 - Loaded plugin thirdparty (category:base,tabindex:-1)
2023-11-24 19:11:33,348 [WARN] IntegrityCheckThread:84 - waiting for thirdparty lock release [integrity check]
2023-11-24 19:11:33,348 [INFO] PluginManage:310 - Check plugin tools
2023-11-24 19:11:33,349 [INFO] IntegrityCheckThread:86 - entering critical section [integrity check]
2023-11-24 19:11:33,349 [INFO] ThirdPartyUpdaterWithRetryManager:70 - Updater plugin not ready yet. [1/15]
2023-11-24 19:11:33,371 [INFO] PluginManage:359 - Loaded plugin tools (category:base,tabindex:7)
2023-11-24 19:11:33,371 [INFO] PluginManage:310 - Check plugin tutovideos
2023-11-24 19:11:33,510 [INFO] PluginManage:359 - Loaded plugin tutovideos (category:base,tabindex:-1)
2023-11-24 19:11:33,510 [INFO] PluginManage:310 - Check plugin updater
2023-11-24 19:11:33,520 [INFO] PluginManage:359 - Loaded plugin updater (category:base,tabindex:12)
2023-11-24 19:11:33,520 [INFO] PluginManage:310 - Check plugin userauth
2023-11-24 19:11:33,529 [INFO] UserAuth:113 - Init User Auth plugin
2023-11-24 19:11:33,529 [INFO] PluginManage:359 - Loaded plugin userauth (category:base,tabindex:14)
2023-11-24 19:11:33,529 [INFO] PluginManage:283 - PluginManage : Loaded plugins [17]
2023-11-24 19:11:33,722 [INFO] PinOutPanel:1499 - setPackage(No Configuration,No Configuration)
2023-11-24 19:11:33,822 [INFO] CADModel:165 - CPN selected for project level
2023-11-24 19:11:33,822 [INFO] CADModel:114 - Register for checkConnection events
2023-11-24 19:11:33,849 [INFO] IPUIPlugin:80 - create IPUIPlugin
2023-11-24 19:11:33,850 [INFO] PluginManager:220 - loadIPPluginJar : add adc
2023-11-24 19:11:33,883 [INFO] IPUIPlugin:80 - create IPUIPlugin
2023-11-24 19:11:33,883 [INFO] PluginManager:220 - loadIPPluginJar : add aes
2023-11-24 19:11:33,916 [INFO] IPUIPlugin:80 - create IPUIPlugin
2023-11-24 19:11:33,916 [INFO] PluginManager:220 - loadIPPluginJar : add can
2023-11-24 19:11:33,936 [INFO] IPUIPlugin:80 - create IPUIPlugin
2023-11-24 19:11:33,936 [INFO] PluginManager:220 - loadIPPluginJar : add comp
2023-11-24 19:11:33,966 [INFO] IPUIPlugin:80 - create IPUIPlugin
2023-11-24 19:11:33,966 [INFO] PluginManager:220 - loadIPPluginJar : add cryp
2023-11-24 19:11:33,990 [INFO] IPUIPlugin:80 - create IPUIPlugin
2023-11-24 19:11:33,992 [INFO] PluginManager:220 - loadIPPluginJar : add dfsdm
2023-11-24 19:11:34,003 [INFO] IPUIPlugin:80 - create IPUIPlugin
2023-11-24 19:11:34,004 [INFO] PluginManager:220 - loadIPPluginJar : add dma
2023-11-24 19:11:34,039 [INFO] IPUIPlugin:80 - create IPUIPlugin
2023-11-24 19:11:34,040 [INFO] PluginManager:220 - loadIPPluginJar : add dma3
2023-11-24 19:11:34,057 [INFO] IPUIPlugin:80 - create IPUIPlugin
2023-11-24 19:11:34,057 [INFO] PluginManager:220 - loadIPPluginJar : add fatfs
2023-11-24 19:11:34,091 [INFO] IPUIPlugin:80 - create IPUIPlugin
2023-11-24 19:11:34,092 [INFO] PluginManager:220 - loadIPPluginJar : add fmc
2023-11-24 19:11:34,103 [INFO] IPUIPlugin:80 - create IPUIPlugin
2023-11-24 19:11:34,104 [INFO] PluginManager:220 - loadIPPluginJar : add freertos
2023-11-24 19:11:34,119 [INFO] IPUIPlugin:80 - create IPUIPlugin
2023-11-24 19:11:34,119 [INFO] PluginManager:220 - loadIPPluginJar : add genericplugin
2023-11-24 19:11:34,188 [INFO] IPUIPlugin:80 - create IPUIPlugin
2023-11-24 19:11:34,188 [INFO] PluginManager:220 - loadIPPluginJar : add gfxmmu
2023-11-24 19:11:34,282 [INFO] IPUIPlugin:80 - create IPUIPlugin
2023-11-24 19:11:34,282 [INFO] PluginManager:220 - loadIPPluginJar : add gic
2023-11-24 19:11:34,294 [INFO] IPUIPlugin:80 - create IPUIPlugin
2023-11-24 19:11:34,294 [INFO] PluginManager:220 - loadIPPluginJar : add gpio
2023-11-24 19:11:34,359 [INFO] IPUIPlugin:80 - create IPUIPlugin
2023-11-24 19:11:34,359 [INFO] PluginManager:220 - loadIPPluginJar : add gtzc
2023-11-24 19:11:34,383 [INFO] IPUIPlugin:80 - create IPUIPlugin
2023-11-24 19:11:34,383 [INFO] PluginManager:220 - loadIPPluginJar : add hash
2023-11-24 19:11:34,421 [INFO] IPUIPlugin:80 - create IPUIPlugin
2023-11-24 19:11:34,421 [INFO] PluginManager:220 - loadIPPluginJar : add i2c
2023-11-24 19:11:34,450 [INFO] IPUIPlugin:80 - create IPUIPlugin
2023-11-24 19:11:34,450 [INFO] PluginManager:220 - loadIPPluginJar : add i2s
2023-11-24 19:11:34,481 [INFO] IPUIPlugin:80 - create IPUIPlugin
2023-11-24 19:11:34,481 [INFO] PluginManager:220 - loadIPPluginJar : add i3c
2023-11-24 19:11:34,575 [INFO] IPUIPlugin:80 - create IPUIPlugin
2023-11-24 19:11:34,576 [INFO] PluginManager:220 - loadIPPluginJar : add ipddr
2023-11-24 19:11:34,658 [INFO] IPUIPlugin:80 - create IPUIPlugin
2023-11-24 19:11:34,658 [INFO] PluginManager:220 - loadIPPluginJar : add linkedlist
2023-11-24 19:11:34,691 [INFO] IPUIPlugin:80 - create IPUIPlugin
2023-11-24 19:11:34,691 [INFO] PluginManager:220 - loadIPPluginJar : add lorawan
2023-11-24 19:11:34,721 [INFO] IPUIPlugin:80 - create IPUIPlugin
2023-11-24 19:11:34,721 [INFO] PluginManager:220 - loadIPPluginJar : add ltdc
2023-11-24 19:11:34,736 [INFO] IPUIPlugin:80 - create IPUIPlugin
2023-11-24 19:11:34,736 [INFO] PluginManager:220 - loadIPPluginJar : add mdma
2023-11-24 19:11:34,747 [INFO] IPUIPlugin:80 - create IPUIPlugin
2023-11-24 19:11:34,747 [INFO] PluginManager:220 - loadIPPluginJar : add nvic
2023-11-24 19:11:34,777 [INFO] IPUIPlugin:80 - create IPUIPlugin
2023-11-24 19:11:34,777 [INFO] PluginManager:220 - loadIPPluginJar : add opamp
2023-11-24 19:11:34,823 [INFO] IPUIPlugin:80 - create IPUIPlugin
2023-11-24 19:11:34,823 [INFO] PluginManager:220 - loadIPPluginJar : add openamp
2023-11-24 19:11:34,857 [INFO] IPUIPlugin:80 - create IPUIPlugin
2023-11-24 19:11:34,857 [INFO] PluginManager:220 - loadIPPluginJar : add pdm2pcm
2023-11-24 19:11:34,869 [INFO] IPUIPlugin:80 - create IPUIPlugin
2023-11-24 19:11:34,872 [INFO] PluginManager:220 - loadIPPluginJar : add plateformsettings
2023-11-24 19:11:34,890 [INFO] IPUIPlugin:80 - create IPUIPlugin
2023-11-24 19:11:34,890 [INFO] PluginManager:220 - loadIPPluginJar : add quadspi
2023-11-24 19:11:34,902 [INFO] IPUIPlugin:80 - create IPUIPlugin
2023-11-24 19:11:34,902 [INFO] PluginManager:220 - loadIPPluginJar : add resmgrutility
2023-11-24 19:11:34,942 [INFO] IPUIPlugin:80 - create IPUIPlugin
2023-11-24 19:11:34,942 [INFO] PluginManager:220 - loadIPPluginJar : add sai
2023-11-24 19:11:34,967 [INFO] IPUIPlugin:80 - create IPUIPlugin
2023-11-24 19:11:34,967 [INFO] PluginManager:220 - loadIPPluginJar : add spi
2023-11-24 19:11:35,008 [INFO] IPUIPlugin:80 - create IPUIPlugin
2023-11-24 19:11:35,008 [INFO] PluginManager:220 - loadIPPluginJar : add stm32_wpan
2023-11-24 19:11:35,024 [INFO] IPUIPlugin:80 - create IPUIPlugin
2023-11-24 19:11:35,024 [INFO] PluginManager:220 - loadIPPluginJar : add tim
2023-11-24 19:11:35,064 [INFO] IPUIPlugin:80 - create IPUIPlugin
2023-11-24 19:11:35,064 [INFO] PluginManager:220 - loadIPPluginJar : add touchsensing
2023-11-24 19:11:35,080 [INFO] IPUIPlugin:80 - create IPUIPlugin
2023-11-24 19:11:35,080 [INFO] PluginManager:220 - loadIPPluginJar : add tracer_emb
2023-11-24 19:11:35,104 [INFO] IPUIPlugin:80 - create IPUIPlugin
2023-11-24 19:11:35,104 [INFO] PluginManager:220 - loadIPPluginJar : add ts
2023-11-24 19:11:35,121 [INFO] IPUIPlugin:80 - create IPUIPlugin
2023-11-24 19:11:35,121 [INFO] PluginManager:220 - loadIPPluginJar : add tsc
2023-11-24 19:11:35,139 [INFO] IPUIPlugin:80 - create IPUIPlugin
2023-11-24 19:11:35,139 [INFO] PluginManager:220 - loadIPPluginJar : add ucpd
2023-11-24 19:11:35,175 [INFO] IPUIPlugin:80 - create IPUIPlugin
2023-11-24 19:11:35,175 [INFO] PluginManager:220 - loadIPPluginJar : add usart
2023-11-24 19:11:35,208 [INFO] IPUIPlugin:80 - create IPUIPlugin
2023-11-24 19:11:35,208 [INFO] PluginManager:220 - loadIPPluginJar : add usbx
2023-11-24 19:11:35,320 [INFO] CADModel:165 - CPN selected for project level
2023-11-24 19:11:35,320 [INFO] CADModel:114 - Register for checkConnection events
2023-11-24 19:11:35,320 [FATAL] Updater:308 - Updater called before beeing initialized
2023-11-24 19:11:35,320 [ERROR] CADModel:125 - Updater not yet initialized, retry later 
2023-11-24 19:11:35,437 [INFO] CADModel:165 - CPN selected for project level
2023-11-24 19:11:35,437 [INFO] CADModel:114 - Register for checkConnection events
2023-11-24 19:11:35,437 [FATAL] Updater:308 - Updater called before beeing initialized
2023-11-24 19:11:35,437 [ERROR] CADModel:125 - Updater not yet initialized, retry later 
2023-11-24 19:11:35,439 [FATAL] Updater:308 - Updater called before beeing initialized
2023-11-24 19:11:35,509 [FATAL] Updater:308 - Updater called before beeing initialized
2023-11-24 19:11:35,529 [INFO] DbMcusAds:53 - JSON generation date=Tue Mar 07 09:50:55 CET 2023 (1678179055335)
2023-11-24 19:11:35,529 [FATAL] Updater:308 - Updater called before beeing initialized
2023-11-24 19:11:35,596 [WARN] DetailPanel:346 - Failed to get advertising image, set to default
2023-11-24 19:11:35,675 [FATAL] Updater:308 - Updater called before beeing initialized
2023-11-24 19:11:35,677 [FATAL] Updater:308 - Updater called before beeing initialized
2023-11-24 19:11:35,677 [FATAL] Updater:308 - Updater called before beeing initialized
2023-11-24 19:11:35,678 [WARN] DetailPanel:346 - Failed to get advertising image, set to default
2023-11-24 19:11:35,679 [FATAL] Updater:308 - Updater called before beeing initialized
2023-11-24 19:11:35,744 [ERROR] Updater:1120 - MainUpdater not yet initialized. External WinMGr cannot be set.
2023-11-24 19:11:35,757 [INFO] Updater:1056 - Updater Version found : 6.9.2
2023-11-24 19:11:35,794 [INFO] ApplicationProperties:184 - Using Application install path: C:\ST\STM32CubeIDE_1.13.2\STM32CubeIDE\plugins\com.st.stm32cube.common.mx_6.9.2.202309101412
2023-11-24 19:11:35,991 [INFO] MainUpdater:2868 - connection check result : 10
2023-11-24 19:11:35,993 [INFO] MainUpdater:3562 - Updater definition file requires update
2023-11-24 19:11:35,993 [INFO] MainUpdater:285 - Updater Check For Update Now.
2023-11-24 19:11:35,993 [INFO] MicroXplorer:498 - Change Database Version : DB.6.0.92
2023-11-24 19:11:36,008 [INFO] McuFinderGlobals:63 - Set McuFinder mode to 2 (CubeIDE integrated)
2023-11-24 19:11:36,065 [INFO] ServerAccessManage:473 - Download File updaters.zip
2023-11-24 19:11:36,135 [INFO] FileExtend:240 - Unzip File : updaters.zip
2023-11-24 19:11:36,136 [INFO] FileExtend:255 - Standard Zip Deflate
2023-11-24 19:11:36,354 [WARN] MainUpdater:1189 - Updater busy. Cannot search thirdparties
2023-11-24 19:11:36,355 [INFO] ThirdPartyUpdaterWithRetryManager:96 - Updater plugin is busy. [1/15]
2023-11-24 19:11:36,422 [INFO] ServerAccessManage:473 - Download File PacksControlFlags.xml
2023-11-24 19:11:36,533 [INFO] ServerAccessManage:473 - Download File cubemx.pidx
2023-11-24 19:11:37,245 [INFO] ServerAccessManage:473 - Download File STMicroelectronics.X-CUBE-TOF1.pdsc
2023-11-24 19:11:38,027 [ERROR] ServerAccessManage:1089 - Problem, file not found on Server
2023-11-24 19:11:38,892 [ERROR] ServerAccessManage:1096 - Problem, Http access forbiden
2023-11-24 19:11:38,892 [ERROR] ServerAccessManage:651 - Problem, Http access forbiden : RoweBots.I-CUBE-UNISONRTOS.pdsc.
2023-11-24 19:11:39,057 [WARN] PackLoader:240 - Cannot read IP mode file for STMicroelectronics.X-CUBE-TOF1.3.4.0
2023-11-24 19:11:39,073 [INFO] PopulateThirdPartyThread:66 - Ending populate Thread
2023-11-24 19:11:39,075 [INFO] ThirdParty:1030 - CMSIS Pack Vendor :STMicroelectronics X-CUBE-TOF1 3.4.0
2023-11-24 19:11:39,075 [INFO] LoadServerUpdatesThread:373 - End of LoadServerUpdate Thread
2023-11-24 19:11:39,151 [INFO] CheckServerUpdateThread:120 - End of CheckServer Thread
2023-11-24 19:11:39,462 [WARN] PackLoader:240 - Cannot read IP mode file for STMicroelectronics.X-CUBE-SMBUS.2.1.0
2023-11-24 19:11:39,490 [WARN] PackLoader:240 - Cannot read IP mode file for STMicroelectronics.X-CUBE-AZRTOS-F7.1.1.0
2023-11-24 19:11:39,507 [WARN] PackLoader:240 - Cannot read IP mode file for STMicroelectronics.FP-SNS-MOTENV1.4.3.2
2023-11-24 19:11:39,515 [WARN] PackLoader:240 - Cannot read IP mode file for STMicroelectronics.FP-SNS-FLIGHT1.5.0.2
2023-11-24 19:11:39,533 [WARN] PackLoader:240 - Cannot read IP mode file for STMicroelectronics.X-CUBE-DISPLAY.3.0.0
2023-11-24 19:11:39,559 [WARN] PackLoader:240 - Cannot read IP mode file for STMicroelectronics.X-CUBE-BLE1.7.0.0
2023-11-24 19:11:39,580 [WARN] PackLoader:240 - Cannot read IP mode file for emotas.I-CUBE-CANOPEN.1.3.0
2023-11-24 19:11:39,597 [WARN] PackLoader:240 - Cannot read IP mode file for STMicroelectronics.X-CUBE-TOUCHGFX.4.22.1
2023-11-24 19:11:39,613 [WARN] PackLoader:240 - Cannot read IP mode file for STMicroelectronics.FP-SNS-SMARTAG2.1.2.0
2023-11-24 19:11:39,633 [INFO] LogOutputStream:77 - [STDOUT_REDIRECT] 1 : Invalid condition id : UX_CORESTACK_Condition cause : null
2023-11-24 19:11:39,633 [INFO] LogOutputStream:77 - [STDOUT_REDIRECT] 1 : Invalid condition id : UX_CORESTACK_Condition cause : null
2023-11-24 19:11:39,634 [INFO] LogOutputStream:77 - [STDOUT_REDIRECT] 1 : Invalid condition id : UX_CORESTACK_Condition cause : null
2023-11-24 19:11:39,635 [INFO] LogOutputStream:77 - [STDOUT_REDIRECT] 1 : Invalid condition id : UX_CORESTACK_Condition cause : null
2023-11-24 19:11:39,636 [INFO] LogOutputStream:77 - [STDOUT_REDIRECT] 1 : Invalid condition id : UX_CORESTACK_Condition cause : null
2023-11-24 19:11:39,639 [WARN] PackLoader:240 - Cannot read IP mode file for STMicroelectronics.X-CUBE-AZRTOS-WL.2.0.0
2023-11-24 19:11:39,655 [WARN] PackLoader:240 - Cannot read IP mode file for WES.I-CUBE-Cesium.1.3.0
2023-11-24 19:11:39,667 [WARN] PackLoader:240 - Cannot read IP mode file for STMicroelectronics.X-CUBE-BLE2.3.3.0
2023-11-24 19:11:39,678 [WARN] PackLoader:240 - Cannot read IP mode file for STMicroelectronics.X-CUBE-ALGOBUILD.1.3.0
2023-11-24 19:11:39,700 [WARN] PackLoader:240 - Cannot read IP mode file for STMicroelectronics.X-CUBE-AZRTOS-G0.1.1.0
2023-11-24 19:11:39,719 [WARN] PackLoader:240 - Cannot read IP mode file for STMicroelectronics.X-CUBE-NFC4.3.0.0
2023-11-24 19:11:39,734 [WARN] PackLoader:240 - Cannot read IP mode file for STMicroelectronics.X-CUBE-BLEMGR.3.0.0
2023-11-24 19:11:39,741 [WARN] PackLoader:240 - Cannot read IP mode file for STMicroelectronics.FP-ATR-SIGFOX1.3.2.0
2023-11-24 19:11:39,773 [WARN] PackLoader:240 - Cannot read IP mode file for SEGGER.I-CUBE-embOS.1.3.1
2023-11-24 19:11:39,810 [WARN] PackLoader:240 - Cannot read IP mode file for STMicroelectronics.X-CUBE-GNSS1.6.0.0
2023-11-24 19:11:39,839 [WARN] PackLoader:240 - Cannot read IP mode file for STMicroelectronics.X-CUBE-AZRTOS-F4.1.1.0
2023-11-24 19:11:39,852 [WARN] PackLoader:240 - Cannot read IP mode file for wolfSSL.I-CUBE-wolfSSL.5.6.3
2023-11-24 19:11:39,885 [WARN] PackLoader:240 - Cannot read IP mode file for STMicroelectronics.X-CUBE-AZRTOS-L5.2.0.0
2023-11-24 19:11:39,942 [WARN] PackLoader:240 - Cannot read IP mode file for STMicroelectronics.X-CUBE-MEMS1.9.6.0
2023-11-24 19:11:40,059 [WARN] PackLoader:240 - Cannot read IP mode file for STMicroelectronics.X-CUBE-EEPRMA1.4.2.0
2023-11-24 19:11:40,068 [WARN] PackLoader:240 - Cannot read IP mode file for ITTIA_DB.I-CUBE-ITTIADB.8.8.0
2023-11-24 19:11:40,078 [WARN] PackLoader:240 - Cannot read IP mode file for STMicroelectronics.X-CUBE-BLEMGR.2.0.0
2023-11-24 19:11:40,099 [WARN] ConditionMgr:438 - getConditionDescription Invalid condition id : UX DEVICE CLASS RTOS Condition cause : null
2023-11-24 19:11:40,099 [WARN] ConditionMgr:438 - getConditionDescription Invalid condition id : UX DEVICE CLASS RTOS Condition cause : null
2023-11-24 19:11:40,100 [WARN] PackLoader:240 - Cannot read IP mode file for STMicroelectronics.X-CUBE-AZRTOS-H7.3.1.0
2023-11-24 19:11:40,100 [WARN] ConditionMgr:1039 - genDependencies : Invalid condition id : UX DEVICE CLASS RTOS Condition cause : null
2023-11-24 19:11:40,100 [WARN] ConditionMgr:1039 - genDependencies : Invalid condition id : UX DEVICE CLASS RTOS Condition cause : null
2023-11-24 19:11:40,101 [WARN] ConditionMgr:1039 - genDependencies : Invalid condition id : UX DEVICE CLASS RTOS Condition cause : null
2023-11-24 19:11:40,101 [WARN] ConditionMgr:1039 - genDependencies : Invalid condition id : UX DEVICE CLASS RTOS Condition cause : null
2023-11-24 19:11:40,101 [WARN] ConditionMgr:1039 - genDependencies : Invalid condition id : UX DEVICE CLASS RTOS Condition cause : null
2023-11-24 19:11:40,112 [WARN] PackLoader:240 - Cannot read IP mode file for STMicroelectronics.X-CUBE-NFC7.1.0.1
2023-11-24 19:11:40,123 [WARN] PackLoader:240 - Cannot read IP mode file for STMicroelectronics.X-CUBE-NFC6.3.0.0
2023-11-24 19:11:40,135 [WARN] PackLoader:240 - Cannot read IP mode file for STMicroelectronics.X-CUBE-EEPRMA1.4.1.0
2023-11-24 19:11:40,146 [WARN] PackLoader:240 - Cannot read IP mode file for STMicroelectronics.X-CUBE-AI.8.1.0
2023-11-24 19:11:40,169 [WARN] ConditionMgr:438 - getConditionDescription Invalid condition id : LAN8742 Phy interface Condition cause : null
2023-11-24 19:11:40,170 [WARN] PackLoader:240 - Cannot read IP mode file for STMicroelectronics.X-CUBE-AZRTOS-L4.2.0.0
2023-11-24 19:11:40,170 [WARN] ConditionMgr:1039 - genDependencies : Invalid condition id : LAN8742 Phy interface Condition cause : null
2023-11-24 19:11:40,172 [WARN] ConditionMgr:1039 - genDependencies : Invalid condition id : LAN8742 Phy interface Condition cause : null
2023-11-24 19:11:40,172 [WARN] ConditionMgr:1039 - genDependencies : Invalid condition id : LAN8742 Phy interface Condition cause : null
2023-11-24 19:11:40,183 [WARN] PackLoader:240 - Cannot read IP mode file for STMicroelectronics.X-CUBE-SFXS2LP1.4.0.0
2023-11-24 19:11:40,194 [WARN] PackLoader:240 - Cannot read IP mode file for STMicroelectronics.X-CUBE-ISPU.1.1.0
2023-11-24 19:11:40,211 [WARN] ConditionMgr:438 - getConditionDescription Invalid condition id : UX DEVICE CLASS RTOS Condition cause : null
2023-11-24 19:11:40,211 [WARN] ConditionMgr:438 - getConditionDescription Invalid condition id : UX DEVICE CLASS RTOS Condition cause : null
2023-11-24 19:11:40,213 [WARN] PackLoader:240 - Cannot read IP mode file for STMicroelectronics.X-CUBE-AZRTOS-WB.2.0.0
2023-11-24 19:11:40,214 [WARN] ConditionMgr:1039 - genDependencies : Invalid condition id : UX DEVICE CLASS RTOS Condition cause : null
2023-11-24 19:11:40,214 [WARN] ConditionMgr:1039 - genDependencies : Invalid condition id : UX DEVICE CLASS RTOS Condition cause : null
2023-11-24 19:11:40,214 [WARN] ConditionMgr:1039 - genDependencies : Invalid condition id : UX DEVICE CLASS RTOS Condition cause : null
2023-11-24 19:11:40,214 [WARN] ConditionMgr:1039 - genDependencies : Invalid condition id : UX DEVICE CLASS RTOS Condition cause : null
2023-11-24 19:11:40,214 [WARN] ConditionMgr:1039 - genDependencies : Invalid condition id : UX DEVICE CLASS RTOS Condition cause : null
2023-11-24 19:11:40,235 [WARN] PackLoader:240 - Cannot read IP mode file for STMicroelectronics.X-CUBE-SUBG2.5.0.0
2023-11-24 19:11:40,256 [WARN] PackLoader:240 - Cannot read IP mode file for STMicroelectronics.X-CUBE-TOF1.3.3.1
2023-11-24 19:11:40,285 [WARN] PackLoader:240 - Cannot read IP mode file for STMicroelectronics.X-CUBE-AZRTOS-G4.2.0.0
2023-11-24 19:11:40,308 [WARN] PackLoader:240 - Cannot read IP mode file for Infineon.AIROC-Wi-Fi-Bluetooth-STM32.1.5.1
2023-11-24 19:11:40,316 [WARN] PackLoader:240 - Cannot read IP mode file for STMicroelectronics.FP-SNS-MOTENVWB1.1.3.0
2023-11-24 19:11:40,355 [WARN] PackLoader:240 - Cannot read IP mode file for STMicroelectronics.X-CUBE-MEMS1.10.0.0
2023-11-24 19:11:40,428 [WARN] PackLoader:240 - Cannot read IP mode file for STMicroelectronics.X-CUBE-FREERTOS.1.1.0
2023-11-24 19:11:40,441 [WARN] PackLoader:240 - Cannot read IP mode file for portGmbH.I-Cube-SoM-uGOAL.1.1.0
2023-11-24 19:11:40,453 [WARN] PackLoader:240 - Cannot read IP mode file for STMicroelectronics.X-CUBE-ALS.1.0.1
2023-11-24 19:11:40,459 [WARN] PackLoader:240 - Cannot read IP mode file for STMicroelectronics.FP-ATR-ASTRA1.2.0.0
2023-11-24 19:11:40,468 [WARN] PackLoader:240 - Cannot read IP mode file for STMicroelectronics.X-CUBE-TOF1.3.4.0
2023-11-24 19:11:40,478 [INFO] ThirdParty:978 - Integrity check success = true
2023-11-24 19:11:40,478 [INFO] IntegrityCheckThread:100 - exiting critical section [integrity check]
2023-11-24 19:11:40,478 [INFO] IntegrityCheckThread:103 - End integrity checks thread
2023-11-24 19:11:56,902 [ERROR] LogOutputStream:75 - [STDERR_REDIRECT] SLF4J: Failed to load class "org.slf4j.impl.StaticLoggerBinder".
2023-11-24 19:11:56,903 [ERROR] LogOutputStream:75 - [STDERR_REDIRECT] SLF4J: Defaulting to no-operation (NOP) logger implementation
2023-11-24 19:11:56,903 [ERROR] LogOutputStream:75 - [STDERR_REDIRECT] SLF4J: See http://www.slf4j.org/codes.html#StaticLoggerBinder for further details.
