2023-10-14 20:34:51,564 [INFO] Activator:176 - 


2023-10-14 20:34:51,566 [INFO] Activator:177 - !SESSION log4j initialized
2023-10-14 20:34:53,173 [INFO] LogOutputStream:77 - [STDOUT_REDIRECT] 
2023-10-14 20:34:54,451 [INFO] ApplicationProperties:184 - Using Application install path: C:\ST\STM32CubeIDE_1.13.2\STM32CubeIDE\plugins\com.st.stm32cube.common.mx_6.9.2.202309101412
2023-10-14 20:34:54,473 [INFO] DbMcusXml:78 - Set database path to: C:\ST\STM32CubeIDE_1.13.2\STM32CubeIDE\plugins\com.st.stm32cube.common.mx_6.9.2.202309101412\\db\/mcu/
2023-10-14 20:34:54,473 [INFO] ApiDb:274 - Set plugin database path to: C:\ST\STM32CubeIDE_1.13.2\STM32CubeIDE\plugins\com.st.stm32cube.common.mx_6.9.2.202309101412\\db\/plugins/boardmanager/
2023-10-14 20:34:54,474 [WARN] ApiDb:259 - Overriding images path with different value:  => C:\ST\STM32CubeIDE_1.13.2\STM32CubeIDE\plugins\com.st.stm32cube.common.mx_6.9.2.202309101412\\db\/plugins/mcufinder/images/
2023-10-14 20:34:54,480 [INFO] ApiDb:250 - Set database path to: C:\Users\user\.stmcufinder\plugins\mcufinder//mcu/
2023-10-14 20:34:54,481 [INFO] DbMcusAds:125 - Set database path to: C:\Users\user\.stmcufinder\plugins\mcufinder//mcu/
2023-10-14 20:34:54,483 [INFO] CrossReferenceDbSqlite:203 - Set database path to: C:\Users\user\.stmcufinder\plugins\mcufinder//mcu/cs/
2023-10-14 20:34:54,562 [INFO] RulesReader:64 - Compatibility file has been processed (293 Rules)
2023-10-14 20:34:54,618 [INFO] DbMcusXml:78 - Set database path to: C:\ST\STM32CubeIDE_1.13.2\STM32CubeIDE\plugins\com.st.stm32cube.common.mx_6.9.2.202309101412\\db\/mcu/
2023-10-14 20:34:54,618 [INFO] ApiDb:274 - Set plugin database path to: C:\ST\STM32CubeIDE_1.13.2\STM32CubeIDE\plugins\com.st.stm32cube.common.mx_6.9.2.202309101412\\db\/plugins/boardmanager/
2023-10-14 20:34:54,618 [INFO] ApiDb:261 - Set plugin images path to: C:\ST\STM32CubeIDE_1.13.2\STM32CubeIDE\plugins\com.st.stm32cube.common.mx_6.9.2.202309101412\\db\/plugins/mcufinder/images/
2023-10-14 20:34:54,619 [WARN] DbFile:41 - Overriding database path with different value: C:\Users\user\.stmcufinder\plugins\mcufinder/ => C:\Users\user\.stmcufinder\plugins\mcufinder
2023-10-14 20:34:54,619 [INFO] ApiDb:250 - Set database path to: C:\Users\user\.stmcufinder\plugins\mcufinder//mcu/
2023-10-14 20:34:54,619 [WARN] DbFile:41 - Overriding database path with different value: C:\Users\user\.stmcufinder\plugins\mcufinder/ => C:\Users\user\.stmcufinder\plugins\mcufinder
2023-10-14 20:34:54,619 [INFO] DbMcusAds:125 - Set database path to: C:\Users\user\.stmcufinder\plugins\mcufinder//mcu/
2023-10-14 20:34:54,619 [WARN] DbFile:41 - Overriding database path with different value: C:\Users\user\.stmcufinder\plugins\mcufinder/ => C:\Users\user\.stmcufinder\plugins\mcufinder
2023-10-14 20:34:54,619 [WARN] DbFile:41 - Overriding database path with different value: C:\Users\user\.stmcufinder\plugins\mcufinder/ => C:\Users\user\.stmcufinder\plugins\mcufinder
2023-10-14 20:34:54,619 [INFO] CrossReferenceDbSqlite:203 - Set database path to: C:\Users\user\.stmcufinder\plugins\mcufinder//mcu/cs/
2023-10-14 20:34:54,665 [INFO] MainPanel:262 - HeapMemory: 268435456
2023-10-14 20:34:54,715 [INFO] DbMcusXml:78 - Set database path to: C:\ST\STM32CubeIDE_1.13.2\STM32CubeIDE\plugins\com.st.stm32cube.common.mx_6.9.2.202309101412\\db\/mcu/
2023-10-14 20:34:54,715 [INFO] ApiDb:274 - Set plugin database path to: C:\ST\STM32CubeIDE_1.13.2\STM32CubeIDE\plugins\com.st.stm32cube.common.mx_6.9.2.202309101412\\db\/plugins/boardmanager/
2023-10-14 20:34:54,716 [INFO] ApiDb:261 - Set plugin images path to: C:\ST\STM32CubeIDE_1.13.2\STM32CubeIDE\plugins\com.st.stm32cube.common.mx_6.9.2.202309101412\\db\/plugins/mcufinder/images/
2023-10-14 20:34:54,716 [WARN] DbFile:41 - Overriding database path with different value: C:\Users\user\.stmcufinder\plugins\mcufinder/ => C:\Users\user\.stmcufinder\plugins\mcufinder
2023-10-14 20:34:54,716 [INFO] ApiDb:250 - Set database path to: C:\Users\user\.stmcufinder\plugins\mcufinder//mcu/
2023-10-14 20:34:54,716 [WARN] DbFile:41 - Overriding database path with different value: C:\Users\user\.stmcufinder\plugins\mcufinder/ => C:\Users\user\.stmcufinder\plugins\mcufinder
2023-10-14 20:34:54,716 [INFO] DbMcusAds:125 - Set database path to: C:\Users\user\.stmcufinder\plugins\mcufinder//mcu/
2023-10-14 20:34:54,716 [WARN] DbFile:41 - Overriding database path with different value: C:\Users\user\.stmcufinder\plugins\mcufinder/ => C:\Users\user\.stmcufinder\plugins\mcufinder
2023-10-14 20:34:54,716 [WARN] DbFile:41 - Overriding database path with different value: C:\Users\user\.stmcufinder\plugins\mcufinder/ => C:\Users\user\.stmcufinder\plugins\mcufinder
2023-10-14 20:34:54,716 [INFO] CrossReferenceDbSqlite:203 - Set database path to: C:\Users\user\.stmcufinder\plugins\mcufinder//mcu/cs/
2023-10-14 20:34:54,727 [INFO] ApplicationProperties:184 - Using Application install path: C:\ST\STM32CubeIDE_1.13.2\STM32CubeIDE\plugins\com.st.stm32cube.common.mx_6.9.2.202309101412
2023-10-14 20:34:54,728 [INFO] PluginManage:196 - Search for loadable plugins [exclusion list=, ]
2023-10-14 20:34:54,729 [INFO] PluginManage:310 - Check plugin analytics
2023-10-14 20:34:54,833 [INFO] AnalyticsPlugin:253 - Accepted Software Licenses: 
2023-10-14 20:34:54,833 [INFO] AnalyticsPlugin:255 - Accepted CMSIS Pack Licenses: 
2023-10-14 20:34:54,833 [INFO] AnalyticsPlugin:257 - Accepted Firmware Licenses: 
2023-10-14 20:34:54,836 [INFO] PluginManage:359 - Loaded plugin analytics (category:tool,tabindex:-1)
2023-10-14 20:34:54,836 [INFO] PluginManage:310 - Check plugin cadmodel
2023-10-14 20:34:54,841 [INFO] CADModel:105 - Init CAD model plugin
2023-10-14 20:34:54,841 [INFO] PluginManage:359 - Loaded plugin cadmodel (category:power,tabindex:5)
2023-10-14 20:34:54,841 [INFO] PluginManage:310 - Check plugin clock
2023-10-14 20:34:54,852 [INFO] PluginManage:359 - Loaded plugin clock (category:base,tabindex:2)
2023-10-14 20:34:54,852 [INFO] PluginManage:310 - Check plugin ddr
2023-10-14 20:34:54,855 [INFO] PluginManage:359 - Loaded plugin ddr (category:tool,tabindex:6)
2023-10-14 20:34:54,855 [INFO] PluginManage:310 - Check plugin filemanager
2023-10-14 20:34:54,938 [INFO] PluginManage:359 - Loaded plugin filemanager (category:base,tabindex:10)
2023-10-14 20:34:54,939 [INFO] PluginManage:310 - Check plugin ipmanager
2023-10-14 20:34:54,943 [INFO] PluginManage:359 - Loaded plugin ipmanager (category:base,tabindex:5)
2023-10-14 20:34:54,943 [INFO] PluginManage:310 - Check plugin lpbam
2023-10-14 20:34:54,949 [INFO] PluginManage:359 - Loaded plugin lpbam (category:base,tabindex:0)
2023-10-14 20:34:54,949 [INFO] PluginManage:310 - Check plugin memorymap
2023-10-14 20:34:54,955 [INFO] PluginManage:359 - Loaded plugin memorymap (category:base,tabindex:4)
2023-10-14 20:34:54,955 [INFO] PluginManage:310 - Check plugin pinoutandconfiguration
2023-10-14 20:34:54,959 [INFO] PluginManage:359 - Loaded plugin pinoutandconfiguration (category:base,tabindex:1)
2023-10-14 20:34:54,959 [INFO] PluginManage:310 - Check plugin pinoutconfig
2023-10-14 20:34:55,041 [WARN] SupportedApi:132 - Cannot load RTOS API schema: s4s-elt-must-match.1: The content of 'definitions' must match (annotation?, (simpleType | complexType)?, (unique | key | keyref)*)). A problem was found starting at: attribute.
2023-10-14 20:34:55,131 [INFO] PluginManage:359 - Loaded plugin pinoutconfig (category:base,tabindex:0)
2023-10-14 20:34:55,131 [INFO] PluginManage:310 - Check plugin power
2023-10-14 20:34:55,138 [INFO] PluginManage:359 - Loaded plugin power (category:power,tabindex:4)
2023-10-14 20:34:55,139 [INFO] PluginManage:310 - Check plugin projectmanager
2023-10-14 20:34:55,150 [INFO] PluginManage:359 - Loaded plugin projectmanager (category:projectmanager,tabindex:3)
2023-10-14 20:34:55,150 [INFO] PluginManage:310 - Check plugin thirdparty
2023-10-14 20:34:55,231 [WARN] IntegrityCheckThread:84 - waiting for thirdparty lock release [integrity check]
2023-10-14 20:34:55,231 [INFO] IntegrityCheckThread:86 - entering critical section [integrity check]
2023-10-14 20:34:55,231 [INFO] PluginManage:359 - Loaded plugin thirdparty (category:base,tabindex:-1)
2023-10-14 20:34:55,231 [INFO] PluginManage:310 - Check plugin tools
2023-10-14 20:34:55,231 [INFO] ThirdPartyUpdaterWithRetryManager:70 - Updater plugin not ready yet. [1/15]
2023-10-14 20:34:55,235 [INFO] PluginManage:359 - Loaded plugin tools (category:base,tabindex:7)
2023-10-14 20:34:55,235 [INFO] PluginManage:310 - Check plugin tutovideos
2023-10-14 20:34:55,343 [INFO] PluginManage:359 - Loaded plugin tutovideos (category:base,tabindex:-1)
2023-10-14 20:34:55,343 [INFO] PluginManage:310 - Check plugin updater
2023-10-14 20:34:55,350 [INFO] PluginManage:359 - Loaded plugin updater (category:base,tabindex:12)
2023-10-14 20:34:55,350 [INFO] PluginManage:310 - Check plugin userauth
2023-10-14 20:34:55,355 [INFO] UserAuth:113 - Init User Auth plugin
2023-10-14 20:34:55,355 [INFO] PluginManage:359 - Loaded plugin userauth (category:base,tabindex:14)
2023-10-14 20:34:55,356 [INFO] PluginManage:283 - PluginManage : Loaded plugins [17]
2023-10-14 20:34:55,507 [INFO] PinOutPanel:1499 - setPackage(No Configuration,No Configuration)
2023-10-14 20:34:55,585 [INFO] CADModel:165 - CPN selected for project level
2023-10-14 20:34:55,585 [INFO] CADModel:114 - Register for checkConnection events
2023-10-14 20:34:55,599 [INFO] IPUIPlugin:80 - create IPUIPlugin
2023-10-14 20:34:55,599 [INFO] PluginManager:220 - loadIPPluginJar : add adc
2023-10-14 20:34:55,601 [INFO] IPUIPlugin:80 - create IPUIPlugin
2023-10-14 20:34:55,601 [INFO] PluginManager:220 - loadIPPluginJar : add aes
2023-10-14 20:34:55,603 [INFO] IPUIPlugin:80 - create IPUIPlugin
2023-10-14 20:34:55,604 [INFO] PluginManager:220 - loadIPPluginJar : add can
2023-10-14 20:34:55,605 [INFO] IPUIPlugin:80 - create IPUIPlugin
2023-10-14 20:34:55,605 [INFO] PluginManager:220 - loadIPPluginJar : add comp
2023-10-14 20:34:55,607 [INFO] IPUIPlugin:80 - create IPUIPlugin
2023-10-14 20:34:55,607 [INFO] PluginManager:220 - loadIPPluginJar : add cryp
2023-10-14 20:34:55,608 [INFO] IPUIPlugin:80 - create IPUIPlugin
2023-10-14 20:34:55,609 [INFO] PluginManager:220 - loadIPPluginJar : add dfsdm
2023-10-14 20:34:55,613 [INFO] IPUIPlugin:80 - create IPUIPlugin
2023-10-14 20:34:55,613 [INFO] PluginManager:220 - loadIPPluginJar : add dma
2023-10-14 20:34:55,614 [INFO] IPUIPlugin:80 - create IPUIPlugin
2023-10-14 20:34:55,614 [INFO] PluginManager:220 - loadIPPluginJar : add dma3
2023-10-14 20:34:55,615 [INFO] IPUIPlugin:80 - create IPUIPlugin
2023-10-14 20:34:55,615 [INFO] PluginManager:220 - loadIPPluginJar : add fatfs
2023-10-14 20:34:55,618 [INFO] IPUIPlugin:80 - create IPUIPlugin
2023-10-14 20:34:55,618 [INFO] PluginManager:220 - loadIPPluginJar : add fmc
2023-10-14 20:34:55,622 [INFO] IPUIPlugin:80 - create IPUIPlugin
2023-10-14 20:34:55,622 [INFO] PluginManager:220 - loadIPPluginJar : add freertos
2023-10-14 20:34:55,623 [INFO] IPUIPlugin:80 - create IPUIPlugin
2023-10-14 20:34:55,623 [INFO] PluginManager:220 - loadIPPluginJar : add genericplugin
2023-10-14 20:34:55,625 [INFO] IPUIPlugin:80 - create IPUIPlugin
2023-10-14 20:34:55,625 [INFO] PluginManager:220 - loadIPPluginJar : add gfxmmu
2023-10-14 20:34:55,627 [INFO] IPUIPlugin:80 - create IPUIPlugin
2023-10-14 20:34:55,627 [INFO] PluginManager:220 - loadIPPluginJar : add gic
2023-10-14 20:34:55,630 [INFO] IPUIPlugin:80 - create IPUIPlugin
2023-10-14 20:34:55,630 [INFO] PluginManager:220 - loadIPPluginJar : add gpio
2023-10-14 20:34:55,632 [INFO] IPUIPlugin:80 - create IPUIPlugin
2023-10-14 20:34:55,632 [INFO] PluginManager:220 - loadIPPluginJar : add gtzc
2023-10-14 20:34:55,634 [INFO] IPUIPlugin:80 - create IPUIPlugin
2023-10-14 20:34:55,634 [INFO] PluginManager:220 - loadIPPluginJar : add hash
2023-10-14 20:34:55,635 [INFO] IPUIPlugin:80 - create IPUIPlugin
2023-10-14 20:34:55,635 [INFO] PluginManager:220 - loadIPPluginJar : add i2c
2023-10-14 20:34:55,637 [INFO] IPUIPlugin:80 - create IPUIPlugin
2023-10-14 20:34:55,637 [INFO] PluginManager:220 - loadIPPluginJar : add i2s
2023-10-14 20:34:55,638 [INFO] IPUIPlugin:80 - create IPUIPlugin
2023-10-14 20:34:55,638 [INFO] PluginManager:220 - loadIPPluginJar : add i3c
2023-10-14 20:34:55,640 [INFO] IPUIPlugin:80 - create IPUIPlugin
2023-10-14 20:34:55,640 [INFO] PluginManager:220 - loadIPPluginJar : add ipddr
2023-10-14 20:34:55,647 [INFO] IPUIPlugin:80 - create IPUIPlugin
2023-10-14 20:34:55,647 [INFO] PluginManager:220 - loadIPPluginJar : add linkedlist
2023-10-14 20:34:55,649 [INFO] IPUIPlugin:80 - create IPUIPlugin
2023-10-14 20:34:55,649 [INFO] PluginManager:220 - loadIPPluginJar : add lorawan
2023-10-14 20:34:55,650 [INFO] IPUIPlugin:80 - create IPUIPlugin
2023-10-14 20:34:55,650 [INFO] PluginManager:220 - loadIPPluginJar : add ltdc
2023-10-14 20:34:55,654 [INFO] IPUIPlugin:80 - create IPUIPlugin
2023-10-14 20:34:55,654 [INFO] PluginManager:220 - loadIPPluginJar : add mdma
2023-10-14 20:34:55,657 [INFO] IPUIPlugin:80 - create IPUIPlugin
2023-10-14 20:34:55,657 [INFO] PluginManager:220 - loadIPPluginJar : add nvic
2023-10-14 20:34:55,659 [INFO] IPUIPlugin:80 - create IPUIPlugin
2023-10-14 20:34:55,659 [INFO] PluginManager:220 - loadIPPluginJar : add opamp
2023-10-14 20:34:55,661 [INFO] IPUIPlugin:80 - create IPUIPlugin
2023-10-14 20:34:55,661 [INFO] PluginManager:220 - loadIPPluginJar : add openamp
2023-10-14 20:34:55,663 [INFO] IPUIPlugin:80 - create IPUIPlugin
2023-10-14 20:34:55,663 [INFO] PluginManager:220 - loadIPPluginJar : add pdm2pcm
2023-10-14 20:34:55,666 [INFO] IPUIPlugin:80 - create IPUIPlugin
2023-10-14 20:34:55,668 [INFO] PluginManager:220 - loadIPPluginJar : add plateformsettings
2023-10-14 20:34:55,670 [INFO] IPUIPlugin:80 - create IPUIPlugin
2023-10-14 20:34:55,670 [INFO] PluginManager:220 - loadIPPluginJar : add quadspi
2023-10-14 20:34:55,672 [INFO] IPUIPlugin:80 - create IPUIPlugin
2023-10-14 20:34:55,672 [INFO] PluginManager:220 - loadIPPluginJar : add resmgrutility
2023-10-14 20:34:55,675 [INFO] IPUIPlugin:80 - create IPUIPlugin
2023-10-14 20:34:55,675 [INFO] PluginManager:220 - loadIPPluginJar : add sai
2023-10-14 20:34:55,676 [INFO] IPUIPlugin:80 - create IPUIPlugin
2023-10-14 20:34:55,676 [INFO] PluginManager:220 - loadIPPluginJar : add spi
2023-10-14 20:34:55,679 [INFO] IPUIPlugin:80 - create IPUIPlugin
2023-10-14 20:34:55,679 [INFO] PluginManager:220 - loadIPPluginJar : add stm32_wpan
2023-10-14 20:34:55,680 [INFO] IPUIPlugin:80 - create IPUIPlugin
2023-10-14 20:34:55,680 [INFO] PluginManager:220 - loadIPPluginJar : add tim
2023-10-14 20:34:55,682 [INFO] IPUIPlugin:80 - create IPUIPlugin
2023-10-14 20:34:55,682 [INFO] PluginManager:220 - loadIPPluginJar : add touchsensing
2023-10-14 20:34:55,683 [INFO] IPUIPlugin:80 - create IPUIPlugin
2023-10-14 20:34:55,683 [INFO] PluginManager:220 - loadIPPluginJar : add tracer_emb
2023-10-14 20:34:55,684 [INFO] IPUIPlugin:80 - create IPUIPlugin
2023-10-14 20:34:55,684 [INFO] PluginManager:220 - loadIPPluginJar : add ts
2023-10-14 20:34:55,685 [INFO] IPUIPlugin:80 - create IPUIPlugin
2023-10-14 20:34:55,685 [INFO] PluginManager:220 - loadIPPluginJar : add tsc
2023-10-14 20:34:55,686 [INFO] IPUIPlugin:80 - create IPUIPlugin
2023-10-14 20:34:55,686 [INFO] PluginManager:220 - loadIPPluginJar : add ucpd
2023-10-14 20:34:55,688 [INFO] IPUIPlugin:80 - create IPUIPlugin
2023-10-14 20:34:55,688 [INFO] PluginManager:220 - loadIPPluginJar : add usart
2023-10-14 20:34:55,690 [INFO] IPUIPlugin:80 - create IPUIPlugin
2023-10-14 20:34:55,690 [INFO] PluginManager:220 - loadIPPluginJar : add usbx
2023-10-14 20:34:55,799 [INFO] CADModel:165 - CPN selected for project level
2023-10-14 20:34:55,800 [INFO] CADModel:114 - Register for checkConnection events
2023-10-14 20:34:55,800 [FATAL] Updater:308 - Updater called before beeing initialized
2023-10-14 20:34:55,800 [ERROR] CADModel:125 - Updater not yet initialized, retry later 
2023-10-14 20:34:55,901 [INFO] CADModel:165 - CPN selected for project level
2023-10-14 20:34:55,901 [INFO] CADModel:114 - Register for checkConnection events
2023-10-14 20:34:55,901 [FATAL] Updater:308 - Updater called before beeing initialized
2023-10-14 20:34:55,901 [ERROR] CADModel:125 - Updater not yet initialized, retry later 
2023-10-14 20:34:55,904 [FATAL] Updater:308 - Updater called before beeing initialized
2023-10-14 20:34:55,966 [FATAL] Updater:308 - Updater called before beeing initialized
2023-10-14 20:34:55,971 [INFO] DbMcusAds:53 - JSON generation date=Tue Mar 07 09:50:55 CET 2023 (1678179055114)
2023-10-14 20:34:55,971 [FATAL] Updater:308 - Updater called before beeing initialized
2023-10-14 20:34:55,997 [WARN] DetailPanel:346 - Failed to get advertising image, set to default
2023-10-14 20:34:56,063 [FATAL] Updater:308 - Updater called before beeing initialized
2023-10-14 20:34:56,065 [FATAL] Updater:308 - Updater called before beeing initialized
2023-10-14 20:34:56,065 [FATAL] Updater:308 - Updater called before beeing initialized
2023-10-14 20:34:56,065 [WARN] DetailPanel:346 - Failed to get advertising image, set to default
2023-10-14 20:34:56,066 [FATAL] Updater:308 - Updater called before beeing initialized
2023-10-14 20:34:56,096 [ERROR] Updater:1120 - MainUpdater not yet initialized. External WinMGr cannot be set.
2023-10-14 20:34:56,097 [INFO] Updater:1056 - Updater Version found : 6.9.2
2023-10-14 20:34:56,116 [INFO] ApplicationProperties:184 - Using Application install path: C:\ST\STM32CubeIDE_1.13.2\STM32CubeIDE\plugins\com.st.stm32cube.common.mx_6.9.2.202309101412
2023-10-14 20:34:56,204 [INFO] MainUpdater:2868 - connection check result : 10
2023-10-14 20:34:56,206 [INFO] MainUpdater:285 - Updater Check For Update Now.
2023-10-14 20:34:56,207 [INFO] MicroXplorer:498 - Change Database Version : DB.6.0.92
2023-10-14 20:34:56,221 [INFO] McuFinderGlobals:63 - Set McuFinder mode to 2 (CubeIDE integrated)
2023-10-14 20:34:56,222 [INFO] UserAuth:179 - activating auth plugin
2023-10-14 20:34:56,225 [INFO] UserAuth:393 - Internet connection configuration mode: 1
2023-10-14 20:34:56,258 [INFO] JxBrowserEngine:151 - Initiate JxBrowser Engine with user profile folder
2023-10-14 20:34:56,368 [INFO] CheckServerUpdateThread:120 - End of CheckServer Thread
2023-10-14 20:34:56,905 [INFO] WebApp:157 - Instantiating new browser for Auth
2023-10-14 20:34:57,285 [INFO] WebApp:753 - Register for checkConnection events
2023-10-14 20:34:57,286 [INFO] WebApp:390 - Apply proxy settings
2023-10-14 20:34:57,286 [INFO] WebApp:475 - Chromium requires no authentication
2023-10-14 20:34:57,291 [INFO] WebApp:418 - Direct internet connection detected
2023-10-14 20:34:57,394 [INFO] WebApp:188 - Starting web application
2023-10-14 20:34:57,395 [INFO] WebApp:520 - Web application path used C:\ST\STM32CubeIDE_1.13.2\STM32CubeIDE\plugins\com.st.stm32cube.common.mx_6.9.2.202309101412\db\plugins\mcufinder\reactClient1\index.html
2023-10-14 20:34:58,342 [WARN] PackLoader:240 - Cannot read IP mode file for STMicroelectronics.X-CUBE-SMBUS.2.1.0
2023-10-14 20:34:58,371 [WARN] PackLoader:240 - Cannot read IP mode file for STMicroelectronics.X-CUBE-AZRTOS-F7.1.1.0
2023-10-14 20:34:58,381 [WARN] PackLoader:240 - Cannot read IP mode file for STMicroelectronics.FP-SNS-MOTENV1.4.3.2
2023-10-14 20:34:58,387 [WARN] PackLoader:240 - Cannot read IP mode file for STMicroelectronics.FP-SNS-FLIGHT1.5.0.2
2023-10-14 20:34:58,396 [WARN] PackLoader:240 - Cannot read IP mode file for STMicroelectronics.X-CUBE-DISPLAY.3.0.0
2023-10-14 20:34:58,409 [WARN] PackLoader:240 - Cannot read IP mode file for STMicroelectronics.X-CUBE-BLE1.7.0.0
2023-10-14 20:34:58,415 [WARN] PackLoader:240 - Cannot read IP mode file for emotas.I-CUBE-CANOPEN.1.3.0
2023-10-14 20:34:58,422 [WARN] PackLoader:240 - Cannot read IP mode file for STMicroelectronics.X-CUBE-TOUCHGFX.4.22.1
2023-10-14 20:34:58,426 [WARN] PackLoader:240 - Cannot read IP mode file for STMicroelectronics.FP-SNS-SMARTAG2.1.2.0
2023-10-14 20:34:58,436 [INFO] LogOutputStream:77 - [STDOUT_REDIRECT] 1 : Invalid condition id : UX_CORESTACK_Condition cause : null
2023-10-14 20:34:58,438 [INFO] LogOutputStream:77 - [STDOUT_REDIRECT] 1 : Invalid condition id : UX_CORESTACK_Condition cause : null
2023-10-14 20:34:58,439 [INFO] LogOutputStream:77 - [STDOUT_REDIRECT] 1 : Invalid condition id : UX_CORESTACK_Condition cause : null
2023-10-14 20:34:58,440 [INFO] LogOutputStream:77 - [STDOUT_REDIRECT] 1 : Invalid condition id : UX_CORESTACK_Condition cause : null
2023-10-14 20:34:58,441 [INFO] LogOutputStream:77 - [STDOUT_REDIRECT] 1 : Invalid condition id : UX_CORESTACK_Condition cause : null
2023-10-14 20:34:58,445 [WARN] PackLoader:240 - Cannot read IP mode file for STMicroelectronics.X-CUBE-AZRTOS-WL.2.0.0
2023-10-14 20:34:58,457 [WARN] PackLoader:240 - Cannot read IP mode file for WES.I-CUBE-Cesium.1.3.0
2023-10-14 20:34:58,461 [WARN] PackLoader:240 - Cannot read IP mode file for STMicroelectronics.X-CUBE-BLE2.3.3.0
2023-10-14 20:34:58,466 [WARN] PackLoader:240 - Cannot read IP mode file for STMicroelectronics.X-CUBE-ALGOBUILD.1.3.0
2023-10-14 20:34:58,478 [WARN] PackLoader:240 - Cannot read IP mode file for STMicroelectronics.X-CUBE-AZRTOS-G0.1.1.0
2023-10-14 20:34:58,489 [WARN] PackLoader:240 - Cannot read IP mode file for STMicroelectronics.X-CUBE-NFC4.3.0.0
2023-10-14 20:34:58,495 [WARN] PackLoader:240 - Cannot read IP mode file for STMicroelectronics.FP-ATR-SIGFOX1.3.2.0
2023-10-14 20:34:58,580 [WARN] PackLoader:240 - Cannot read IP mode file for SEGGER.I-CUBE-embOS.1.3.1
2023-10-14 20:34:58,631 [WARN] PackLoader:240 - Cannot read IP mode file for STMicroelectronics.X-CUBE-GNSS1.6.0.0
2023-10-14 20:34:58,656 [WARN] PackLoader:240 - Cannot read IP mode file for STMicroelectronics.X-CUBE-AZRTOS-F4.1.1.0
2023-10-14 20:34:58,664 [WARN] PackLoader:240 - Cannot read IP mode file for wolfSSL.I-CUBE-wolfSSL.5.6.3
2023-10-14 20:34:58,689 [WARN] PackLoader:240 - Cannot read IP mode file for STMicroelectronics.X-CUBE-AZRTOS-L5.2.0.0
2023-10-14 20:34:58,738 [WARN] PackLoader:240 - Cannot read IP mode file for STMicroelectronics.X-CUBE-MEMS1.9.6.0
2023-10-14 20:34:58,879 [WARN] PackLoader:240 - Cannot read IP mode file for ITTIA_DB.I-CUBE-ITTIADB.8.8.0
2023-10-14 20:34:58,887 [WARN] PackLoader:240 - Cannot read IP mode file for STMicroelectronics.X-CUBE-BLEMGR.2.0.0
2023-10-14 20:34:58,905 [WARN] ConditionMgr:438 - getConditionDescription Invalid condition id : UX DEVICE CLASS RTOS Condition cause : null
2023-10-14 20:34:58,905 [WARN] ConditionMgr:438 - getConditionDescription Invalid condition id : UX DEVICE CLASS RTOS Condition cause : null
2023-10-14 20:34:58,908 [WARN] PackLoader:240 - Cannot read IP mode file for STMicroelectronics.X-CUBE-AZRTOS-H7.3.1.0
2023-10-14 20:34:58,909 [WARN] ConditionMgr:1039 - genDependencies : Invalid condition id : UX DEVICE CLASS RTOS Condition cause : null
2023-10-14 20:34:58,909 [WARN] ConditionMgr:1039 - genDependencies : Invalid condition id : UX DEVICE CLASS RTOS Condition cause : null
2023-10-14 20:34:58,910 [WARN] ConditionMgr:1039 - genDependencies : Invalid condition id : UX DEVICE CLASS RTOS Condition cause : null
2023-10-14 20:34:58,910 [WARN] ConditionMgr:1039 - genDependencies : Invalid condition id : UX DEVICE CLASS RTOS Condition cause : null
2023-10-14 20:34:58,910 [WARN] ConditionMgr:1039 - genDependencies : Invalid condition id : UX DEVICE CLASS RTOS Condition cause : null
2023-10-14 20:34:58,917 [WARN] PackLoader:240 - Cannot read IP mode file for STMicroelectronics.X-CUBE-NFC7.1.0.1
2023-10-14 20:34:58,924 [WARN] PackLoader:240 - Cannot read IP mode file for STMicroelectronics.X-CUBE-NFC6.3.0.0
2023-10-14 20:34:58,929 [WARN] PackLoader:240 - Cannot read IP mode file for STMicroelectronics.X-CUBE-EEPRMA1.4.1.0
2023-10-14 20:34:58,933 [WARN] PackLoader:240 - Cannot read IP mode file for STMicroelectronics.X-CUBE-AI.8.1.0
2023-10-14 20:34:58,953 [WARN] ConditionMgr:438 - getConditionDescription Invalid condition id : LAN8742 Phy interface Condition cause : null
2023-10-14 20:34:58,954 [WARN] PackLoader:240 - Cannot read IP mode file for STMicroelectronics.X-CUBE-AZRTOS-L4.2.0.0
2023-10-14 20:34:58,955 [WARN] ConditionMgr:1039 - genDependencies : Invalid condition id : LAN8742 Phy interface Condition cause : null
2023-10-14 20:34:58,955 [WARN] ConditionMgr:1039 - genDependencies : Invalid condition id : LAN8742 Phy interface Condition cause : null
2023-10-14 20:34:58,955 [WARN] ConditionMgr:1039 - genDependencies : Invalid condition id : LAN8742 Phy interface Condition cause : null
2023-10-14 20:34:58,966 [WARN] PackLoader:240 - Cannot read IP mode file for STMicroelectronics.X-CUBE-SFXS2LP1.4.0.0
2023-10-14 20:34:58,973 [WARN] PackLoader:240 - Cannot read IP mode file for STMicroelectronics.X-CUBE-ISPU.1.1.0
2023-10-14 20:34:58,989 [WARN] ConditionMgr:438 - getConditionDescription Invalid condition id : UX DEVICE CLASS RTOS Condition cause : null
2023-10-14 20:34:58,990 [WARN] ConditionMgr:438 - getConditionDescription Invalid condition id : UX DEVICE CLASS RTOS Condition cause : null
2023-10-14 20:34:58,993 [WARN] PackLoader:240 - Cannot read IP mode file for STMicroelectronics.X-CUBE-AZRTOS-WB.2.0.0
2023-10-14 20:34:58,994 [WARN] ConditionMgr:1039 - genDependencies : Invalid condition id : UX DEVICE CLASS RTOS Condition cause : null
2023-10-14 20:34:58,994 [WARN] ConditionMgr:1039 - genDependencies : Invalid condition id : UX DEVICE CLASS RTOS Condition cause : null
2023-10-14 20:34:58,995 [WARN] ConditionMgr:1039 - genDependencies : Invalid condition id : UX DEVICE CLASS RTOS Condition cause : null
2023-10-14 20:34:58,995 [WARN] ConditionMgr:1039 - genDependencies : Invalid condition id : UX DEVICE CLASS RTOS Condition cause : null
2023-10-14 20:34:58,995 [WARN] ConditionMgr:1039 - genDependencies : Invalid condition id : UX DEVICE CLASS RTOS Condition cause : null
2023-10-14 20:34:59,004 [WARN] PackLoader:240 - Cannot read IP mode file for STMicroelectronics.X-CUBE-SUBG2.5.0.0
2023-10-14 20:34:59,028 [WARN] PackLoader:240 - Cannot read IP mode file for STMicroelectronics.X-CUBE-TOF1.3.3.1
2023-10-14 20:34:59,046 [WARN] PackLoader:240 - Cannot read IP mode file for STMicroelectronics.X-CUBE-AZRTOS-G4.2.0.0
2023-10-14 20:34:59,062 [WARN] PackLoader:240 - Cannot read IP mode file for Infineon.AIROC-Wi-Fi-Bluetooth-STM32.1.5.1
2023-10-14 20:34:59,067 [WARN] PackLoader:240 - Cannot read IP mode file for STMicroelectronics.X-CUBE-FREERTOS.1.1.0
2023-10-14 20:34:59,071 [WARN] PackLoader:240 - Cannot read IP mode file for portGmbH.I-Cube-SoM-uGOAL.1.1.0
2023-10-14 20:34:59,074 [WARN] PackLoader:240 - Cannot read IP mode file for STMicroelectronics.X-CUBE-ALS.1.0.1
2023-10-14 20:34:59,077 [WARN] PackLoader:240 - Cannot read IP mode file for STMicroelectronics.FP-ATR-ASTRA1.2.0.0
2023-10-14 20:34:59,078 [INFO] ThirdParty:978 - Integrity check success = true
2023-10-14 20:34:59,078 [INFO] IntegrityCheckThread:100 - exiting critical section [integrity check]
2023-10-14 20:34:59,078 [INFO] IntegrityCheckThread:103 - End integrity checks thread
2023-10-14 20:35:15,835 [INFO] McuFinderGlobals:63 - Set McuFinder mode to 2 (CubeIDE integrated)
2023-10-14 20:35:15,839 [INFO] MainUpdater:2868 - connection check result : 10
2023-10-14 20:35:16,059 [INFO] ApiDb:581 - Connected to CubeFinder SQLite database (C:\Users\user\.stmcufinder\plugins\mcufinder\mcu\cube-finder-db.db)
2023-10-14 20:35:16,099 [INFO] ApiDb:668 - CubeFinder database Data Model version=2.1
2023-10-14 20:35:16,099 [INFO] ApiDb:669 - CubeFinder database Configuration version=3.0.37
2023-10-14 20:35:16,100 [INFO] ApiDb:670 - CubeFinder database generation date=2023-08-09 (1691586011)
2023-10-14 20:35:16,100 [INFO] ApiDb:671 - CubeFinder database FW Pack versions=[FP-ATR-ASTRA1_V2.0.0, FP-SNS-FLIGHT1_V5.0.1, FP-SNS-FLIGHT1_V5.0.2, FP-SNS-MOTENV1_V4.3.1, FP-SNS-MOTENV1_V4.3.2, STM32Cube_FW_C0_V1.1.0, STM32Cube_FW_F4_V1.27.1, STM32Cube_FW_F7_V1.17.0, STM32Cube_FW_G0_V1.6.1, STM32Cube_FW_G4_V1.5.1, STM32Cube_FW_H5_V0.5.1, STM32Cube_FW_H5_V1.1.0, STM32Cube_FW_H7_V1.11.0, STM32Cube_FW_L0_V1.12.2, STM32Cube_FW_L5_V1.5.0, STM32Cube_FW_U5_V1.3.0, STM32Cube_FW_U5_V1.3.0RC4, STM32Cube_FW_WBA_V1.0.0RC1, STM32Cube_FW_WBA_V1.1.0, STM32Cube_FW_WBA_V1.1.0RC1, STM32Cube_FW_WB_V1.15.0RC1, STM32Cube_FW_WB_V1.16.0, STM32Cube_FW_WB_V1.16.0RC2, STM32Cube_FW_WB_V1.17.0, STM32Cube_FW_WL_V1.3.0, X-CUBE-ALGOBUILD_V1.3.0, X-CUBE-ALS_V1.0.1, X-CUBE-AZRTOS-F4_V1.1.0, X-CUBE-AZRTOS-F7_V1.1.0, X-CUBE-AZRTOS-G0_V1.1.0, X-CUBE-AZRTOS-G4_V2.0.0, X-CUBE-AZRTOS-H7_V3.1.0, X-CUBE-AZRTOS-L4_V1.0.0, X-CUBE-AZRTOS-L4_V2.0.0, X-CUBE-AZRTOS-L5_V1.1.0, X-CUBE-AZRTOS-WB_V1.1.0, X-CUBE-AZRTOS-WL_V2.0.0, X-CUBE-BLE1_V7.0.0, X-CUBE-BLE2_V3.3.0, X-CUBE-BLEMGR_V2.0.0, X-CUBE-EEPRMA1_V4.1.0, X-CUBE-FREERTOS_V1.1.0, X-CUBE-GNSS1_V6.0.0, X-CUBE-MEMS1_V9.1.0, X-CUBE-MEMS1_V9.4.0, X-CUBE-MEMS1_V9.6.0, X-CUBE-NFC4_V3.0.0, X-CUBE-NFC7_V1.0.0, X-CUBE-SFXS2LP1_V4.0.0, X-CUBE-SUBG2_V5.0.0, X-CUBE-TOF1_V3.3.1]
2023-10-14 20:35:16,147 [INFO] DbBoardsSqlite:226 - include board P-NUCLEO-WB55-NUCLEO as a kit item of type 'Nucleo-64'
2023-10-14 20:35:16,148 [INFO] DbBoardsSqlite:226 - include board P-NUCLEO-WB55-USBDONGLE as a kit item of type 'Nucleo USB Dongle'
2023-10-14 20:35:16,148 [INFO] DbBoardsSqlite:226 - include board STEVAL-IDP005V1 as a kit item of type 'Evaluation Board'
2023-10-14 20:35:16,148 [INFO] DbBoardsSqlite:226 - include board STEVAL-IDP005V2 as a kit item of type 'Evaluation Board'
2023-10-14 20:35:16,181 [INFO] ApiDb:240 - Found 323 in-development CPN: [B-G473E-ZEST1S, B-WB1M-WPAN1, B-WL5M-SUBG1, NUCLEO-C031C6, NUCLEO-H503RB, NUCLEO-H563ZI, NUCLEO-U545RE-Q, NUCLEO-U5A5ZJ-Q, NUCLEO-WBA52CG, STEVAL-PROTEUS1, STEVAL-SMARTAG2, STEVAL-STWINBX1, STM320518-EVAL, STM32C0116-DK, STM32C011D6Y3TR, STM32C011D6Y6TR, STM32C011F4P3, STM32C011F4P6, STM32C011F4U3, STM32C011F4U6TR, STM32C011F6P3, STM32C011F6P6, STM32C011F6U3, STM32C011F6U6TR, STM32C011J4M3, STM32C011J4M6, STM32C011J6M3, STM32C011J6M6, STM32C0316-DK, STM32C031C4T3, STM32C031C4T6, STM32C031C4U3, STM32C031C4U6, STM32C031C6T3, STM32C031C6T6, STM32C031C6U3, STM32C031C6U6, STM32C031F4P3, STM32C031F4P6, STM32C031F6P3, STM32C031F6P6, STM32C031G4U3, STM32C031G4U6, STM32C031G6U3, STM32C031G6U6, STM32C031K4T3, STM32C031K4T6, STM32C031K4U3, STM32C031K4U6, STM32C031K6T3, STM32C031K6T6, STM32C031K6U3, STM32C031K6U6, STM32G071K8TXN, STM32G071K8UXN, STM32G081GBU6N, STM32G081KBT6N, STM32G081KBUXN, STM32G0B1CCT6N, STM32G0B1KCT6, STM32G0B1NEY6TR, STM32G0B1RCT6N, STM32G0C1CCT6, STM32G0C1CCT6N, STM32G0C1CCU6N, STM32G0C1CET6N, STM32G0C1CEU6N, STM32G0C1KCT6, STM32G0C1NEY6TR, STM32G0C1RCI6N, STM32G0C1RCT6N, STM32G0C1REI6N, STM32G0C1RET6N, STM32G0C1VCI6, STM32G0C1VEI6, STM32G471CCT6, STM32G471CCU6, STM32G471CET3, STM32G471CET6, STM32G471CEU3, STM32G471CEU6, STM32G471MCT6, STM32G471MET3, STM32G471MET6, STM32G471MEY6TR, STM32G471QCT6, STM32G471QET3, STM32G471RCT6, STM32G471RET3, STM32G471RET6, STM32G471VCH6, STM32G471VCI6, STM32G471VCT6, STM32G471VEH3, STM32G471VEH6, STM32G471VEI3, STM32G471VEI6, STM32G471VET3, STM32G471VET6, STM32G474CCT6, STM32H503CBT6, STM32H503CBU6, STM32H503EBY6TR, STM32H503KBU6, STM32H503RBT6, STM32H562AGI6, STM32H562AII6, STM32H562IGK6, STM32H562IGT6, STM32H562IIK6, STM32H562IIT6, STM32H562RGT6, STM32H562RGV6, STM32H562RIT6, STM32H562RIV6, STM32H562VGT6, STM32H562VIT6, STM32H562ZGT6, STM32H562ZIT6, STM32H563AGI6, STM32H563AII3Q, STM32H563AII6, STM32H563IGK6, STM32H563IGT6, STM32H563IIK3Q, STM32H563IIK6, STM32H563IIT3Q, STM32H563IIT6, STM32H563MIY3QTR, STM32H563RGT6, STM32H563RGV6, STM32H563RIT6, STM32H563RIV6, STM32H563VGT6, STM32H563VIT3Q, STM32H563VIT6, STM32H563ZGT6, STM32H563ZIT3Q, STM32H563ZIT6, STM32H573AII3Q, STM32H573AII6, STM32H573I-DK, STM32H573IIK3Q, STM32H573IIK6, STM32H573IIT3Q, STM32H573IIT6, STM32H573MIY3QTR, STM32H573RIT6, STM32H573RIV6, STM32H573VIT3Q, STM32H573VIT6, STM32H573ZIT3Q, STM32H573ZIT6, STM32L4R5QGI6STR, STM32MP131AAE3, STM32MP131AAF3, STM32MP131AAG3, STM32MP131CAE3, STM32MP131CAF3, STM32MP131CAG3, STM32MP131DAE7, STM32MP131DAF7, STM32MP131DAG7, STM32MP131FAE7, STM32MP131FAF7, STM32MP131FAG7, STM32MP133AAE3, STM32MP133AAF3, STM32MP133AAG3, STM32MP133CAE3, STM32MP133CAF3, STM32MP133CAG3, STM32MP133DAE7, STM32MP133DAF7, STM32MP133DAG7, STM32MP133FAE7, STM32MP133FAF7, STM32MP133FAG7, STM32MP135AAE3, STM32MP135AAF3, STM32MP135AAG3, STM32MP135CAE3, STM32MP135CAF3, STM32MP135CAG3, STM32MP135DAE7, STM32MP135DAF7, STM32MP135DAG7, STM32MP135F-DK, STM32MP135FAE7, STM32MP135FAF7, STM32MP135FAF7T, STM32MP135FAF7U, STM32MP135FAG7, STM32U535CBT6, STM32U535CBT6Q, STM32U535CBU6, STM32U535CBU6Q, STM32U535CCT6, STM32U535CCT6Q, STM32U535CCU6, STM32U535CCU6Q, STM32U535CET6, STM32U535CET6Q, STM32U535CEU6, STM32U535CEU6Q, STM32U535JEY6QTR, STM32U535NCY6QTR, STM32U535NEY6QTR, STM32U535RBI6, STM32U535RBI6Q, STM32U535RBT6, STM32U535RBT6Q, STM32U535RCI6, STM32U535RCI6Q, STM32U535RCT6, STM32U535RCT6Q, STM32U535REI6, STM32U535REI6Q, STM32U535RET6, STM32U535RET6Q, STM32U535VCI6, STM32U535VCI6Q, STM32U535VCT6, STM32U535VCT6Q, STM32U535VEI6, STM32U535VEI6Q, STM32U535VET6, STM32U535VET6Q, STM32U545CET6, STM32U545CET6Q, STM32U545CEU6, STM32U545CEU6Q, STM32U545JEY6QTR, STM32U545NEY6QTR, STM32U545REI6, STM32U545REI6Q, STM32U545RET6, STM32U545RET6Q, STM32U545VEI6, STM32U545VEI6Q, STM32U545VET6, STM32U545VET6Q, STM32U595AIH6, STM32U595AIH6Q, STM32U595AJH6, STM32U595AJH6Q, STM32U595QII6, STM32U595QII6Q, STM32U595QJI6, STM32U595QJI6Q, STM32U595RIT6, STM32U595RIT6Q, STM32U595RJT6, STM32U595RJT6Q, STM32U595VIT6, STM32U595VIT6Q, STM32U595VJT6, STM32U595VJT6Q, STM32U595ZIT6, STM32U595ZIT6Q, STM32U595ZIY6QTR, STM32U595ZJT6, STM32U595ZJT6Q, STM32U595ZJY6QTR, STM32U599BJY6QTR, STM32U599NIH6Q, STM32U599NJH6Q, STM32U599VIT6Q, STM32U599VJT6, STM32U599VJT6Q, STM32U599ZIT6Q, STM32U599ZIY6QTR, STM32U599ZJT6Q, STM32U599ZJY6QTR, STM32U5A5AJH6, STM32U5A5AJH6Q, STM32U5A5QJI6, STM32U5A5QJI6Q, STM32U5A5RJT6, STM32U5A5RJT6Q, STM32U5A5VJT6, STM32U5A5VJT6Q, STM32U5A5ZJT6, STM32U5A5ZJT6Q, STM32U5A5ZJY6QTR, STM32U5A9BJY6QTR, STM32U5A9J-DK, STM32U5A9NJH6Q, STM32U5A9VJT6Q, STM32U5A9ZJT6Q, STM32U5A9ZJY6QTR, STM32U5F7VIT6, STM32U5F7VIT6Q, STM32U5F7VJT6, STM32U5F7VJT6Q, STM32U5F9BJY6QTR, STM32U5F9NJH6Q, STM32U5F9VIT6Q, STM32U5F9VJT6Q, STM32U5F9ZIJ6QTR, STM32U5F9ZIT6Q, STM32U5F9ZJJ6QTR, STM32U5F9ZJT6Q, STM32U5G7VJT6, STM32U5G7VJT6Q, STM32U5G9BJY6QTR, STM32U5G9J-DK1, STM32U5G9J-DK2, STM32U5G9NJH6Q, STM32U5G9VJT6Q, STM32U5G9ZJJ6QTR, STM32U5G9ZJT6Q, STM32WB1MMCH6, STM32WBA52CEU6, STM32WBA52CEU6T, STM32WBA52CGU6, STM32WBA52CGU6T, STM32WBA52KEU6, STM32WBA52KEU6T, STM32WBA52KGU6, STM32WBA52KGU6T, STM32WL5MOCH6, STM32WL5MOCH6TR]
2023-10-14 20:35:16,245 [INFO] BoardInfo:880 - No configuration file found for board P-NUCLEO-WB55
2023-10-14 20:35:16,245 [INFO] DbBoards:157 - Kit is not supported: P-NUCLEO-WB55
2023-10-14 20:35:16,248 [INFO] BoardInfo:880 - No configuration file found for board STEVAL-BFA001V1B
2023-10-14 20:35:16,248 [INFO] DbBoards:157 - Kit is not supported: STEVAL-BFA001V1B
2023-10-14 20:35:16,249 [INFO] BoardInfo:880 - No configuration file found for board STEVAL-BFA001V2B
2023-10-14 20:35:16,249 [INFO] DbBoards:157 - Kit is not supported: STEVAL-BFA001V2B
2023-10-14 20:35:16,310 [INFO] DbBoards:161 - Found 190 boards, 187 are supported
2023-10-14 20:35:16,312 [INFO] ApiDb:668 - CubeFinder database Data Model version=2.1
2023-10-14 20:35:16,312 [INFO] ApiDb:669 - CubeFinder database Configuration version=3.0.37
2023-10-14 20:35:16,312 [INFO] ApiDb:670 - CubeFinder database generation date=2023-08-09 (1691586011)
2023-10-14 20:35:16,312 [INFO] ApiDb:671 - CubeFinder database FW Pack versions=[FP-ATR-ASTRA1_V2.0.0, FP-SNS-FLIGHT1_V5.0.1, FP-SNS-FLIGHT1_V5.0.2, FP-SNS-MOTENV1_V4.3.1, FP-SNS-MOTENV1_V4.3.2, STM32Cube_FW_C0_V1.1.0, STM32Cube_FW_F4_V1.27.1, STM32Cube_FW_F7_V1.17.0, STM32Cube_FW_G0_V1.6.1, STM32Cube_FW_G4_V1.5.1, STM32Cube_FW_H5_V0.5.1, STM32Cube_FW_H5_V1.1.0, STM32Cube_FW_H7_V1.11.0, STM32Cube_FW_L0_V1.12.2, STM32Cube_FW_L5_V1.5.0, STM32Cube_FW_U5_V1.3.0, STM32Cube_FW_U5_V1.3.0RC4, STM32Cube_FW_WBA_V1.0.0RC1, STM32Cube_FW_WBA_V1.1.0, STM32Cube_FW_WBA_V1.1.0RC1, STM32Cube_FW_WB_V1.15.0RC1, STM32Cube_FW_WB_V1.16.0, STM32Cube_FW_WB_V1.16.0RC2, STM32Cube_FW_WB_V1.17.0, STM32Cube_FW_WL_V1.3.0, X-CUBE-ALGOBUILD_V1.3.0, X-CUBE-ALS_V1.0.1, X-CUBE-AZRTOS-F4_V1.1.0, X-CUBE-AZRTOS-F7_V1.1.0, X-CUBE-AZRTOS-G0_V1.1.0, X-CUBE-AZRTOS-G4_V2.0.0, X-CUBE-AZRTOS-H7_V3.1.0, X-CUBE-AZRTOS-L4_V1.0.0, X-CUBE-AZRTOS-L4_V2.0.0, X-CUBE-AZRTOS-L5_V1.1.0, X-CUBE-AZRTOS-WB_V1.1.0, X-CUBE-AZRTOS-WL_V2.0.0, X-CUBE-BLE1_V7.0.0, X-CUBE-BLE2_V3.3.0, X-CUBE-BLEMGR_V2.0.0, X-CUBE-EEPRMA1_V4.1.0, X-CUBE-FREERTOS_V1.1.0, X-CUBE-GNSS1_V6.0.0, X-CUBE-MEMS1_V9.1.0, X-CUBE-MEMS1_V9.4.0, X-CUBE-MEMS1_V9.6.0, X-CUBE-NFC4_V3.0.0, X-CUBE-NFC7_V1.0.0, X-CUBE-SFXS2LP1_V4.0.0, X-CUBE-SUBG2_V5.0.0, X-CUBE-TOF1_V3.3.1]
2023-10-14 20:35:17,428 [INFO] ApiDb:240 - Found 323 in-development CPN: [B-G473E-ZEST1S, B-WB1M-WPAN1, B-WL5M-SUBG1, NUCLEO-C031C6, NUCLEO-H503RB, NUCLEO-H563ZI, NUCLEO-U545RE-Q, NUCLEO-U5A5ZJ-Q, NUCLEO-WBA52CG, STEVAL-PROTEUS1, STEVAL-SMARTAG2, STEVAL-STWINBX1, STM320518-EVAL, STM32C0116-DK, STM32C011D6Y3TR, STM32C011D6Y6TR, STM32C011F4P3, STM32C011F4P6, STM32C011F4U3, STM32C011F4U6TR, STM32C011F6P3, STM32C011F6P6, STM32C011F6U3, STM32C011F6U6TR, STM32C011J4M3, STM32C011J4M6, STM32C011J6M3, STM32C011J6M6, STM32C0316-DK, STM32C031C4T3, STM32C031C4T6, STM32C031C4U3, STM32C031C4U6, STM32C031C6T3, STM32C031C6T6, STM32C031C6U3, STM32C031C6U6, STM32C031F4P3, STM32C031F4P6, STM32C031F6P3, STM32C031F6P6, STM32C031G4U3, STM32C031G4U6, STM32C031G6U3, STM32C031G6U6, STM32C031K4T3, STM32C031K4T6, STM32C031K4U3, STM32C031K4U6, STM32C031K6T3, STM32C031K6T6, STM32C031K6U3, STM32C031K6U6, STM32G071K8TXN, STM32G071K8UXN, STM32G081GBU6N, STM32G081KBT6N, STM32G081KBUXN, STM32G0B1CCT6N, STM32G0B1KCT6, STM32G0B1NEY6TR, STM32G0B1RCT6N, STM32G0C1CCT6, STM32G0C1CCT6N, STM32G0C1CCU6N, STM32G0C1CET6N, STM32G0C1CEU6N, STM32G0C1KCT6, STM32G0C1NEY6TR, STM32G0C1RCI6N, STM32G0C1RCT6N, STM32G0C1REI6N, STM32G0C1RET6N, STM32G0C1VCI6, STM32G0C1VEI6, STM32G471CCT6, STM32G471CCU6, STM32G471CET3, STM32G471CET6, STM32G471CEU3, STM32G471CEU6, STM32G471MCT6, STM32G471MET3, STM32G471MET6, STM32G471MEY6TR, STM32G471QCT6, STM32G471QET3, STM32G471RCT6, STM32G471RET3, STM32G471RET6, STM32G471VCH6, STM32G471VCI6, STM32G471VCT6, STM32G471VEH3, STM32G471VEH6, STM32G471VEI3, STM32G471VEI6, STM32G471VET3, STM32G471VET6, STM32G474CCT6, STM32H503CBT6, STM32H503CBU6, STM32H503EBY6TR, STM32H503KBU6, STM32H503RBT6, STM32H562AGI6, STM32H562AII6, STM32H562IGK6, STM32H562IGT6, STM32H562IIK6, STM32H562IIT6, STM32H562RGT6, STM32H562RGV6, STM32H562RIT6, STM32H562RIV6, STM32H562VGT6, STM32H562VIT6, STM32H562ZGT6, STM32H562ZIT6, STM32H563AGI6, STM32H563AII3Q, STM32H563AII6, STM32H563IGK6, STM32H563IGT6, STM32H563IIK3Q, STM32H563IIK6, STM32H563IIT3Q, STM32H563IIT6, STM32H563MIY3QTR, STM32H563RGT6, STM32H563RGV6, STM32H563RIT6, STM32H563RIV6, STM32H563VGT6, STM32H563VIT3Q, STM32H563VIT6, STM32H563ZGT6, STM32H563ZIT3Q, STM32H563ZIT6, STM32H573AII3Q, STM32H573AII6, STM32H573I-DK, STM32H573IIK3Q, STM32H573IIK6, STM32H573IIT3Q, STM32H573IIT6, STM32H573MIY3QTR, STM32H573RIT6, STM32H573RIV6, STM32H573VIT3Q, STM32H573VIT6, STM32H573ZIT3Q, STM32H573ZIT6, STM32L4R5QGI6STR, STM32MP131AAE3, STM32MP131AAF3, STM32MP131AAG3, STM32MP131CAE3, STM32MP131CAF3, STM32MP131CAG3, STM32MP131DAE7, STM32MP131DAF7, STM32MP131DAG7, STM32MP131FAE7, STM32MP131FAF7, STM32MP131FAG7, STM32MP133AAE3, STM32MP133AAF3, STM32MP133AAG3, STM32MP133CAE3, STM32MP133CAF3, STM32MP133CAG3, STM32MP133DAE7, STM32MP133DAF7, STM32MP133DAG7, STM32MP133FAE7, STM32MP133FAF7, STM32MP133FAG7, STM32MP135AAE3, STM32MP135AAF3, STM32MP135AAG3, STM32MP135CAE3, STM32MP135CAF3, STM32MP135CAG3, STM32MP135DAE7, STM32MP135DAF7, STM32MP135DAG7, STM32MP135F-DK, STM32MP135FAE7, STM32MP135FAF7, STM32MP135FAF7T, STM32MP135FAF7U, STM32MP135FAG7, STM32U535CBT6, STM32U535CBT6Q, STM32U535CBU6, STM32U535CBU6Q, STM32U535CCT6, STM32U535CCT6Q, STM32U535CCU6, STM32U535CCU6Q, STM32U535CET6, STM32U535CET6Q, STM32U535CEU6, STM32U535CEU6Q, STM32U535JEY6QTR, STM32U535NCY6QTR, STM32U535NEY6QTR, STM32U535RBI6, STM32U535RBI6Q, STM32U535RBT6, STM32U535RBT6Q, STM32U535RCI6, STM32U535RCI6Q, STM32U535RCT6, STM32U535RCT6Q, STM32U535REI6, STM32U535REI6Q, STM32U535RET6, STM32U535RET6Q, STM32U535VCI6, STM32U535VCI6Q, STM32U535VCT6, STM32U535VCT6Q, STM32U535VEI6, STM32U535VEI6Q, STM32U535VET6, STM32U535VET6Q, STM32U545CET6, STM32U545CET6Q, STM32U545CEU6, STM32U545CEU6Q, STM32U545JEY6QTR, STM32U545NEY6QTR, STM32U545REI6, STM32U545REI6Q, STM32U545RET6, STM32U545RET6Q, STM32U545VEI6, STM32U545VEI6Q, STM32U545VET6, STM32U545VET6Q, STM32U595AIH6, STM32U595AIH6Q, STM32U595AJH6, STM32U595AJH6Q, STM32U595QII6, STM32U595QII6Q, STM32U595QJI6, STM32U595QJI6Q, STM32U595RIT6, STM32U595RIT6Q, STM32U595RJT6, STM32U595RJT6Q, STM32U595VIT6, STM32U595VIT6Q, STM32U595VJT6, STM32U595VJT6Q, STM32U595ZIT6, STM32U595ZIT6Q, STM32U595ZIY6QTR, STM32U595ZJT6, STM32U595ZJT6Q, STM32U595ZJY6QTR, STM32U599BJY6QTR, STM32U599NIH6Q, STM32U599NJH6Q, STM32U599VIT6Q, STM32U599VJT6, STM32U599VJT6Q, STM32U599ZIT6Q, STM32U599ZIY6QTR, STM32U599ZJT6Q, STM32U599ZJY6QTR, STM32U5A5AJH6, STM32U5A5AJH6Q, STM32U5A5QJI6, STM32U5A5QJI6Q, STM32U5A5RJT6, STM32U5A5RJT6Q, STM32U5A5VJT6, STM32U5A5VJT6Q, STM32U5A5ZJT6, STM32U5A5ZJT6Q, STM32U5A5ZJY6QTR, STM32U5A9BJY6QTR, STM32U5A9J-DK, STM32U5A9NJH6Q, STM32U5A9VJT6Q, STM32U5A9ZJT6Q, STM32U5A9ZJY6QTR, STM32U5F7VIT6, STM32U5F7VIT6Q, STM32U5F7VJT6, STM32U5F7VJT6Q, STM32U5F9BJY6QTR, STM32U5F9NJH6Q, STM32U5F9VIT6Q, STM32U5F9VJT6Q, STM32U5F9ZIJ6QTR, STM32U5F9ZIT6Q, STM32U5F9ZJJ6QTR, STM32U5F9ZJT6Q, STM32U5G7VJT6, STM32U5G7VJT6Q, STM32U5G9BJY6QTR, STM32U5G9J-DK1, STM32U5G9J-DK2, STM32U5G9NJH6Q, STM32U5G9VJT6Q, STM32U5G9ZJJ6QTR, STM32U5G9ZJT6Q, STM32WB1MMCH6, STM32WBA52CEU6, STM32WBA52CEU6T, STM32WBA52CGU6, STM32WBA52CGU6T, STM32WBA52KEU6, STM32WBA52KEU6T, STM32WBA52KGU6, STM32WBA52KGU6T, STM32WL5MOCH6, STM32WL5MOCH6TR]
2023-10-14 20:35:17,433 [INFO] DbMcus:217 - Found 3848 MCUs, 3848 are supported
2023-10-14 20:35:17,433 [INFO] ApiDb:423 - Load user favorites file C:\Users\user/.stm32cubeide/favorites.mcus.txt: 0 item(s)
2023-10-14 20:35:17,433 [INFO] ApiDb:427 - User favorites MCUs=[]
2023-10-14 20:35:17,433 [INFO] DbMcus:223 - Set 0 / 0 favorites MCUs
2023-10-14 20:35:17,585 [INFO] ApiDb:423 - Load user favorites file C:\Users\user/.stm32cubeide/favorites.boards.txt: 0 item(s)
2023-10-14 20:35:17,586 [INFO] ApiDb:427 - User favorites Boards=[]
2023-10-14 20:35:17,586 [INFO] DbBoards:190 - Set 0 / 0 favorites Boards
2023-10-14 20:35:17,586 [INFO] McuFinderGlobals:76 - Set McuFinderConnectedMode to true
2023-10-14 20:35:17,591 [INFO] MultiScanPanel:200 - Auto-refresh data requested => check proxy status ongoing
2023-10-14 20:35:17,594 [INFO] FinderPluginLoader:95 - Searching for filters in installed packs
2023-10-14 20:35:18,003 [ERROR] LogOutputStream:75 - [STDERR_REDIRECT] SLF4J: Failed to load class "org.slf4j.impl.StaticLoggerBinder".
2023-10-14 20:35:18,004 [ERROR] LogOutputStream:75 - [STDERR_REDIRECT] SLF4J: Defaulting to no-operation (NOP) logger implementation
2023-10-14 20:35:18,004 [ERROR] LogOutputStream:75 - [STDERR_REDIRECT] SLF4J: See http://www.slf4j.org/codes.html#StaticLoggerBinder for further details.
2023-10-14 20:35:18,826 [INFO] LoadUrlFilesThread:185 - End of LoadServerUrlFiles without Thread
2023-10-14 20:35:18,831 [INFO] DetailPanel:341 - Set advertising image to C:/Users/user/STM32Cube/Repository/\en.prom-stm32h5-mcu-finder.jpg
2023-10-14 20:35:32,363 [INFO] MultiScanPanel:200 - Auto-refresh data requested => check proxy status ongoing
2023-10-14 20:35:32,450 [INFO] LoadUrlFilesThread:185 - End of LoadServerUrlFiles without Thread
2023-10-14 20:35:32,450 [INFO] DetailPanel:341 - Set advertising image to C:/Users/user/STM32Cube/Repository/\en.prom-stm32h5-mcu-finder.jpg
2023-10-14 20:35:32,465 [INFO] DbBoards:634 - Loading board mini-images...
2023-10-14 20:35:33,807 [ERROR] DbBoards:651 - Image file not found for board STM32U5G9J-DK1: C:\Users\user\.stmcufinder\plugins\mcufinder//mcu//boards_images/STM32U5G9J-DK1.jpg
2023-10-14 20:35:33,807 [ERROR] DbBoards:651 - Image file not found for board STM32U5G9J-DK2: C:\Users\user\.stmcufinder\plugins\mcufinder//mcu//boards_images/STM32U5G9J-DK2.jpg
2023-10-14 20:35:33,818 [INFO] DbBoards:657 - Loaded 188 board mini-images
2023-10-14 20:35:42,987 [INFO] MetaSearchPanel:254 - search for filter with key=Discovery Kit
2023-10-14 20:35:42,987 [INFO] MetaSearchPanel:355 - search for filter component Type
2023-10-14 20:35:42,988 [INFO] MetaSearchPanel:329 - Collapse all filters sections
2023-10-14 20:39:48,136 [INFO] McuFinderGlobals:76 - Set McuFinderConnectedMode to true
2023-10-14 20:39:48,138 [INFO] ApiDb:448 - Save user favorites file C:\Users\user/.stm32cubeide/favorites.mcus.txt: 0 item(s)
2023-10-14 20:39:48,138 [INFO] ApiDb:452 - User favorites MCUs=[]
2023-10-14 20:39:48,140 [INFO] ApiDb:448 - Save user favorites file C:\Users\user/.stm32cubeide/favorites.boards.txt: 0 item(s)
2023-10-14 20:39:48,140 [INFO] ApiDb:452 - User favorites Boards=[]
2023-10-14 23:31:17,110 [ERROR] LogOutputStream:75 - [STDERR_REDIRECT] 
2023-10-14 23:31:41,586 [INFO] Activator:176 - 


2023-10-14 23:31:41,588 [INFO] Activator:177 - !SESSION log4j initialized
2023-10-14 23:31:46,659 [INFO] LogOutputStream:77 - [STDOUT_REDIRECT] 
2023-10-14 23:31:47,686 [INFO] ApplicationProperties:184 - Using Application install path: C:\ST\STM32CubeIDE_1.13.2\STM32CubeIDE\plugins\com.st.stm32cube.common.mx_6.9.2.202309101412
2023-10-14 23:31:47,699 [INFO] DbMcusXml:78 - Set database path to: C:\ST\STM32CubeIDE_1.13.2\STM32CubeIDE\plugins\com.st.stm32cube.common.mx_6.9.2.202309101412\\db\/mcu/
2023-10-14 23:31:47,699 [INFO] ApiDb:274 - Set plugin database path to: C:\ST\STM32CubeIDE_1.13.2\STM32CubeIDE\plugins\com.st.stm32cube.common.mx_6.9.2.202309101412\\db\/plugins/boardmanager/
2023-10-14 23:31:47,700 [WARN] ApiDb:259 - Overriding images path with different value:  => C:\ST\STM32CubeIDE_1.13.2\STM32CubeIDE\plugins\com.st.stm32cube.common.mx_6.9.2.202309101412\\db\/plugins/mcufinder/images/
2023-10-14 23:31:47,706 [INFO] ApiDb:250 - Set database path to: C:\Users\user\.stmcufinder\plugins\mcufinder//mcu/
2023-10-14 23:31:47,707 [INFO] DbMcusAds:125 - Set database path to: C:\Users\user\.stmcufinder\plugins\mcufinder//mcu/
2023-10-14 23:31:47,709 [INFO] CrossReferenceDbSqlite:203 - Set database path to: C:\Users\user\.stmcufinder\plugins\mcufinder//mcu/cs/
2023-10-14 23:31:47,790 [INFO] RulesReader:64 - Compatibility file has been processed (293 Rules)
2023-10-14 23:31:47,845 [INFO] DbMcusXml:78 - Set database path to: C:\ST\STM32CubeIDE_1.13.2\STM32CubeIDE\plugins\com.st.stm32cube.common.mx_6.9.2.202309101412\\db\/mcu/
2023-10-14 23:31:47,845 [INFO] ApiDb:274 - Set plugin database path to: C:\ST\STM32CubeIDE_1.13.2\STM32CubeIDE\plugins\com.st.stm32cube.common.mx_6.9.2.202309101412\\db\/plugins/boardmanager/
2023-10-14 23:31:47,845 [INFO] ApiDb:261 - Set plugin images path to: C:\ST\STM32CubeIDE_1.13.2\STM32CubeIDE\plugins\com.st.stm32cube.common.mx_6.9.2.202309101412\\db\/plugins/mcufinder/images/
2023-10-14 23:31:47,845 [WARN] DbFile:41 - Overriding database path with different value: C:\Users\user\.stmcufinder\plugins\mcufinder/ => C:\Users\user\.stmcufinder\plugins\mcufinder
2023-10-14 23:31:47,845 [INFO] ApiDb:250 - Set database path to: C:\Users\user\.stmcufinder\plugins\mcufinder//mcu/
2023-10-14 23:31:47,845 [WARN] DbFile:41 - Overriding database path with different value: C:\Users\user\.stmcufinder\plugins\mcufinder/ => C:\Users\user\.stmcufinder\plugins\mcufinder
2023-10-14 23:31:47,845 [INFO] DbMcusAds:125 - Set database path to: C:\Users\user\.stmcufinder\plugins\mcufinder//mcu/
2023-10-14 23:31:47,845 [WARN] DbFile:41 - Overriding database path with different value: C:\Users\user\.stmcufinder\plugins\mcufinder/ => C:\Users\user\.stmcufinder\plugins\mcufinder
2023-10-14 23:31:47,845 [WARN] DbFile:41 - Overriding database path with different value: C:\Users\user\.stmcufinder\plugins\mcufinder/ => C:\Users\user\.stmcufinder\plugins\mcufinder
2023-10-14 23:31:47,846 [INFO] CrossReferenceDbSqlite:203 - Set database path to: C:\Users\user\.stmcufinder\plugins\mcufinder//mcu/cs/
2023-10-14 23:31:47,896 [INFO] MainPanel:262 - HeapMemory: 268435456
2023-10-14 23:31:47,951 [INFO] DbMcusXml:78 - Set database path to: C:\ST\STM32CubeIDE_1.13.2\STM32CubeIDE\plugins\com.st.stm32cube.common.mx_6.9.2.202309101412\\db\/mcu/
2023-10-14 23:31:47,951 [INFO] ApiDb:274 - Set plugin database path to: C:\ST\STM32CubeIDE_1.13.2\STM32CubeIDE\plugins\com.st.stm32cube.common.mx_6.9.2.202309101412\\db\/plugins/boardmanager/
2023-10-14 23:31:47,951 [INFO] ApiDb:261 - Set plugin images path to: C:\ST\STM32CubeIDE_1.13.2\STM32CubeIDE\plugins\com.st.stm32cube.common.mx_6.9.2.202309101412\\db\/plugins/mcufinder/images/
2023-10-14 23:31:47,953 [WARN] DbFile:41 - Overriding database path with different value: C:\Users\user\.stmcufinder\plugins\mcufinder/ => C:\Users\user\.stmcufinder\plugins\mcufinder
2023-10-14 23:31:47,953 [INFO] ApiDb:250 - Set database path to: C:\Users\user\.stmcufinder\plugins\mcufinder//mcu/
2023-10-14 23:31:47,953 [WARN] DbFile:41 - Overriding database path with different value: C:\Users\user\.stmcufinder\plugins\mcufinder/ => C:\Users\user\.stmcufinder\plugins\mcufinder
2023-10-14 23:31:47,953 [INFO] DbMcusAds:125 - Set database path to: C:\Users\user\.stmcufinder\plugins\mcufinder//mcu/
2023-10-14 23:31:47,953 [WARN] DbFile:41 - Overriding database path with different value: C:\Users\user\.stmcufinder\plugins\mcufinder/ => C:\Users\user\.stmcufinder\plugins\mcufinder
2023-10-14 23:31:47,953 [WARN] DbFile:41 - Overriding database path with different value: C:\Users\user\.stmcufinder\plugins\mcufinder/ => C:\Users\user\.stmcufinder\plugins\mcufinder
2023-10-14 23:31:47,953 [INFO] CrossReferenceDbSqlite:203 - Set database path to: C:\Users\user\.stmcufinder\plugins\mcufinder//mcu/cs/
2023-10-14 23:31:47,965 [INFO] ApplicationProperties:184 - Using Application install path: C:\ST\STM32CubeIDE_1.13.2\STM32CubeIDE\plugins\com.st.stm32cube.common.mx_6.9.2.202309101412
2023-10-14 23:31:47,966 [INFO] PluginManage:196 - Search for loadable plugins [exclusion list=, ]
2023-10-14 23:31:47,967 [INFO] PluginManage:310 - Check plugin analytics
2023-10-14 23:31:48,070 [INFO] AnalyticsPlugin:253 - Accepted Software Licenses: 
2023-10-14 23:31:48,070 [INFO] AnalyticsPlugin:255 - Accepted CMSIS Pack Licenses: 
2023-10-14 23:31:48,070 [INFO] AnalyticsPlugin:257 - Accepted Firmware Licenses: 
2023-10-14 23:31:48,073 [INFO] PluginManage:359 - Loaded plugin analytics (category:tool,tabindex:-1)
2023-10-14 23:31:48,074 [INFO] PluginManage:310 - Check plugin cadmodel
2023-10-14 23:31:48,085 [INFO] CADModel:105 - Init CAD model plugin
2023-10-14 23:31:48,086 [INFO] PluginManage:359 - Loaded plugin cadmodel (category:power,tabindex:5)
2023-10-14 23:31:48,086 [INFO] PluginManage:310 - Check plugin clock
2023-10-14 23:31:48,099 [INFO] PluginManage:359 - Loaded plugin clock (category:base,tabindex:2)
2023-10-14 23:31:48,099 [INFO] PluginManage:310 - Check plugin ddr
2023-10-14 23:31:48,100 [INFO] PluginManage:359 - Loaded plugin ddr (category:tool,tabindex:6)
2023-10-14 23:31:48,100 [INFO] PluginManage:310 - Check plugin filemanager
2023-10-14 23:31:48,188 [INFO] PluginManage:359 - Loaded plugin filemanager (category:base,tabindex:10)
2023-10-14 23:31:48,188 [INFO] PluginManage:310 - Check plugin ipmanager
2023-10-14 23:31:48,192 [INFO] PluginManage:359 - Loaded plugin ipmanager (category:base,tabindex:5)
2023-10-14 23:31:48,192 [INFO] PluginManage:310 - Check plugin lpbam
2023-10-14 23:31:48,206 [INFO] PluginManage:359 - Loaded plugin lpbam (category:base,tabindex:0)
2023-10-14 23:31:48,207 [INFO] PluginManage:310 - Check plugin memorymap
2023-10-14 23:31:48,221 [INFO] PluginManage:359 - Loaded plugin memorymap (category:base,tabindex:4)
2023-10-14 23:31:48,221 [INFO] PluginManage:310 - Check plugin pinoutandconfiguration
2023-10-14 23:31:48,234 [INFO] PluginManage:359 - Loaded plugin pinoutandconfiguration (category:base,tabindex:1)
2023-10-14 23:31:48,234 [INFO] PluginManage:310 - Check plugin pinoutconfig
2023-10-14 23:31:48,307 [WARN] SupportedApi:132 - Cannot load RTOS API schema: s4s-elt-must-match.1: The content of 'definitions' must match (annotation?, (simpleType | complexType)?, (unique | key | keyref)*)). A problem was found starting at: attribute.
2023-10-14 23:31:48,403 [INFO] PluginManage:359 - Loaded plugin pinoutconfig (category:base,tabindex:0)
2023-10-14 23:31:48,403 [INFO] PluginManage:310 - Check plugin power
2023-10-14 23:31:48,418 [INFO] PluginManage:359 - Loaded plugin power (category:power,tabindex:4)
2023-10-14 23:31:48,418 [INFO] PluginManage:310 - Check plugin projectmanager
2023-10-14 23:31:48,427 [INFO] PluginManage:359 - Loaded plugin projectmanager (category:projectmanager,tabindex:3)
2023-10-14 23:31:48,427 [INFO] PluginManage:310 - Check plugin thirdparty
2023-10-14 23:31:48,601 [INFO] PluginManage:359 - Loaded plugin thirdparty (category:base,tabindex:-1)
2023-10-14 23:31:48,601 [INFO] PluginManage:310 - Check plugin tools
2023-10-14 23:31:48,601 [WARN] IntegrityCheckThread:84 - waiting for thirdparty lock release [integrity check]
2023-10-14 23:31:48,601 [INFO] IntegrityCheckThread:86 - entering critical section [integrity check]
2023-10-14 23:31:48,601 [INFO] ThirdPartyUpdaterWithRetryManager:70 - Updater plugin not ready yet. [1/15]
2023-10-14 23:31:48,628 [INFO] PluginManage:359 - Loaded plugin tools (category:base,tabindex:7)
2023-10-14 23:31:48,628 [INFO] PluginManage:310 - Check plugin tutovideos
2023-10-14 23:31:48,767 [INFO] PluginManage:359 - Loaded plugin tutovideos (category:base,tabindex:-1)
2023-10-14 23:31:48,767 [INFO] PluginManage:310 - Check plugin updater
2023-10-14 23:31:48,775 [INFO] PluginManage:359 - Loaded plugin updater (category:base,tabindex:12)
2023-10-14 23:31:48,775 [INFO] PluginManage:310 - Check plugin userauth
2023-10-14 23:31:48,779 [INFO] UserAuth:113 - Init User Auth plugin
2023-10-14 23:31:48,779 [INFO] PluginManage:359 - Loaded plugin userauth (category:base,tabindex:14)
2023-10-14 23:31:48,780 [INFO] PluginManage:283 - PluginManage : Loaded plugins [17]
2023-10-14 23:31:48,928 [INFO] PinOutPanel:1499 - setPackage(No Configuration,No Configuration)
2023-10-14 23:31:49,004 [INFO] CADModel:165 - CPN selected for project level
2023-10-14 23:31:49,005 [INFO] CADModel:114 - Register for checkConnection events
2023-10-14 23:31:49,027 [INFO] IPUIPlugin:80 - create IPUIPlugin
2023-10-14 23:31:49,028 [INFO] PluginManager:220 - loadIPPluginJar : add adc
2023-10-14 23:31:49,057 [INFO] IPUIPlugin:80 - create IPUIPlugin
2023-10-14 23:31:49,058 [INFO] PluginManager:220 - loadIPPluginJar : add aes
2023-10-14 23:31:49,089 [INFO] IPUIPlugin:80 - create IPUIPlugin
2023-10-14 23:31:49,089 [INFO] PluginManager:220 - loadIPPluginJar : add can
2023-10-14 23:31:49,106 [INFO] IPUIPlugin:80 - create IPUIPlugin
2023-10-14 23:31:49,107 [INFO] PluginManager:220 - loadIPPluginJar : add comp
2023-10-14 23:31:49,133 [INFO] IPUIPlugin:80 - create IPUIPlugin
2023-10-14 23:31:49,133 [INFO] PluginManager:220 - loadIPPluginJar : add cryp
2023-10-14 23:31:49,155 [INFO] IPUIPlugin:80 - create IPUIPlugin
2023-10-14 23:31:49,155 [INFO] PluginManager:220 - loadIPPluginJar : add dfsdm
2023-10-14 23:31:49,167 [INFO] IPUIPlugin:80 - create IPUIPlugin
2023-10-14 23:31:49,167 [INFO] PluginManager:220 - loadIPPluginJar : add dma
2023-10-14 23:31:49,198 [INFO] IPUIPlugin:80 - create IPUIPlugin
2023-10-14 23:31:49,198 [INFO] PluginManager:220 - loadIPPluginJar : add dma3
2023-10-14 23:31:49,215 [INFO] IPUIPlugin:80 - create IPUIPlugin
2023-10-14 23:31:49,215 [INFO] PluginManager:220 - loadIPPluginJar : add fatfs
2023-10-14 23:31:49,249 [INFO] IPUIPlugin:80 - create IPUIPlugin
2023-10-14 23:31:49,249 [INFO] PluginManager:220 - loadIPPluginJar : add fmc
2023-10-14 23:31:49,259 [INFO] IPUIPlugin:80 - create IPUIPlugin
2023-10-14 23:31:49,259 [INFO] PluginManager:220 - loadIPPluginJar : add freertos
2023-10-14 23:31:49,276 [INFO] IPUIPlugin:80 - create IPUIPlugin
2023-10-14 23:31:49,276 [INFO] PluginManager:220 - loadIPPluginJar : add genericplugin
2023-10-14 23:31:49,340 [INFO] IPUIPlugin:80 - create IPUIPlugin
2023-10-14 23:31:49,340 [INFO] PluginManager:220 - loadIPPluginJar : add gfxmmu
2023-10-14 23:31:49,437 [INFO] IPUIPlugin:80 - create IPUIPlugin
2023-10-14 23:31:49,437 [INFO] PluginManager:220 - loadIPPluginJar : add gic
2023-10-14 23:31:49,448 [INFO] IPUIPlugin:80 - create IPUIPlugin
2023-10-14 23:31:49,448 [INFO] PluginManager:220 - loadIPPluginJar : add gpio
2023-10-14 23:31:49,523 [INFO] IPUIPlugin:80 - create IPUIPlugin
2023-10-14 23:31:49,523 [INFO] PluginManager:220 - loadIPPluginJar : add gtzc
2023-10-14 23:31:49,558 [INFO] IPUIPlugin:80 - create IPUIPlugin
2023-10-14 23:31:49,558 [INFO] PluginManager:220 - loadIPPluginJar : add hash
2023-10-14 23:31:49,616 [INFO] IPUIPlugin:80 - create IPUIPlugin
2023-10-14 23:31:49,616 [INFO] PluginManager:220 - loadIPPluginJar : add i2c
2023-10-14 23:31:49,662 [INFO] IPUIPlugin:80 - create IPUIPlugin
2023-10-14 23:31:49,662 [INFO] PluginManager:220 - loadIPPluginJar : add i2s
2023-10-14 23:31:49,718 [INFO] IPUIPlugin:80 - create IPUIPlugin
2023-10-14 23:31:49,718 [INFO] PluginManager:220 - loadIPPluginJar : add i3c
2023-10-14 23:31:49,814 [INFO] IPUIPlugin:80 - create IPUIPlugin
2023-10-14 23:31:49,814 [INFO] PluginManager:220 - loadIPPluginJar : add ipddr
2023-10-14 23:31:49,897 [INFO] IPUIPlugin:80 - create IPUIPlugin
2023-10-14 23:31:49,897 [INFO] PluginManager:220 - loadIPPluginJar : add linkedlist
2023-10-14 23:31:49,928 [INFO] IPUIPlugin:80 - create IPUIPlugin
2023-10-14 23:31:49,928 [INFO] PluginManager:220 - loadIPPluginJar : add lorawan
2023-10-14 23:31:49,959 [INFO] IPUIPlugin:80 - create IPUIPlugin
2023-10-14 23:31:49,959 [INFO] PluginManager:220 - loadIPPluginJar : add ltdc
2023-10-14 23:31:49,971 [INFO] IPUIPlugin:80 - create IPUIPlugin
2023-10-14 23:31:49,971 [INFO] PluginManager:220 - loadIPPluginJar : add mdma
2023-10-14 23:31:49,983 [INFO] IPUIPlugin:80 - create IPUIPlugin
2023-10-14 23:31:49,983 [INFO] PluginManager:220 - loadIPPluginJar : add nvic
2023-10-14 23:31:50,009 [INFO] IPUIPlugin:80 - create IPUIPlugin
2023-10-14 23:31:50,009 [INFO] PluginManager:220 - loadIPPluginJar : add opamp
2023-10-14 23:31:50,055 [INFO] IPUIPlugin:80 - create IPUIPlugin
2023-10-14 23:31:50,055 [INFO] PluginManager:220 - loadIPPluginJar : add openamp
2023-10-14 23:31:50,090 [INFO] IPUIPlugin:80 - create IPUIPlugin
2023-10-14 23:31:50,090 [INFO] PluginManager:220 - loadIPPluginJar : add pdm2pcm
2023-10-14 23:31:50,104 [INFO] IPUIPlugin:80 - create IPUIPlugin
2023-10-14 23:31:50,107 [INFO] PluginManager:220 - loadIPPluginJar : add plateformsettings
2023-10-14 23:31:50,123 [INFO] IPUIPlugin:80 - create IPUIPlugin
2023-10-14 23:31:50,124 [INFO] PluginManager:220 - loadIPPluginJar : add quadspi
2023-10-14 23:31:50,133 [INFO] IPUIPlugin:80 - create IPUIPlugin
2023-10-14 23:31:50,133 [INFO] PluginManager:220 - loadIPPluginJar : add resmgrutility
2023-10-14 23:31:50,167 [INFO] IPUIPlugin:80 - create IPUIPlugin
2023-10-14 23:31:50,167 [INFO] PluginManager:220 - loadIPPluginJar : add sai
2023-10-14 23:31:50,194 [INFO] IPUIPlugin:80 - create IPUIPlugin
2023-10-14 23:31:50,195 [INFO] PluginManager:220 - loadIPPluginJar : add spi
2023-10-14 23:31:50,237 [INFO] IPUIPlugin:80 - create IPUIPlugin
2023-10-14 23:31:50,237 [INFO] PluginManager:220 - loadIPPluginJar : add stm32_wpan
2023-10-14 23:31:50,256 [INFO] IPUIPlugin:80 - create IPUIPlugin
2023-10-14 23:31:50,256 [INFO] PluginManager:220 - loadIPPluginJar : add tim
2023-10-14 23:31:50,298 [INFO] IPUIPlugin:80 - create IPUIPlugin
2023-10-14 23:31:50,298 [INFO] PluginManager:220 - loadIPPluginJar : add touchsensing
2023-10-14 23:31:50,317 [INFO] IPUIPlugin:80 - create IPUIPlugin
2023-10-14 23:31:50,317 [INFO] PluginManager:220 - loadIPPluginJar : add tracer_emb
2023-10-14 23:31:50,334 [INFO] IPUIPlugin:80 - create IPUIPlugin
2023-10-14 23:31:50,334 [INFO] PluginManager:220 - loadIPPluginJar : add ts
2023-10-14 23:31:50,352 [INFO] IPUIPlugin:80 - create IPUIPlugin
2023-10-14 23:31:50,352 [INFO] PluginManager:220 - loadIPPluginJar : add tsc
2023-10-14 23:31:50,367 [INFO] IPUIPlugin:80 - create IPUIPlugin
2023-10-14 23:31:50,368 [INFO] PluginManager:220 - loadIPPluginJar : add ucpd
2023-10-14 23:31:50,402 [INFO] IPUIPlugin:80 - create IPUIPlugin
2023-10-14 23:31:50,402 [INFO] PluginManager:220 - loadIPPluginJar : add usart
2023-10-14 23:31:50,433 [INFO] IPUIPlugin:80 - create IPUIPlugin
2023-10-14 23:31:50,433 [INFO] PluginManager:220 - loadIPPluginJar : add usbx
2023-10-14 23:31:50,541 [INFO] CADModel:165 - CPN selected for project level
2023-10-14 23:31:50,541 [INFO] CADModel:114 - Register for checkConnection events
2023-10-14 23:31:50,541 [FATAL] Updater:308 - Updater called before beeing initialized
2023-10-14 23:31:50,541 [ERROR] CADModel:125 - Updater not yet initialized, retry later 
2023-10-14 23:31:50,633 [INFO] CADModel:165 - CPN selected for project level
2023-10-14 23:31:50,633 [INFO] CADModel:114 - Register for checkConnection events
2023-10-14 23:31:50,633 [FATAL] Updater:308 - Updater called before beeing initialized
2023-10-14 23:31:50,633 [ERROR] CADModel:125 - Updater not yet initialized, retry later 
2023-10-14 23:31:50,636 [FATAL] Updater:308 - Updater called before beeing initialized
2023-10-14 23:31:50,698 [FATAL] Updater:308 - Updater called before beeing initialized
2023-10-14 23:31:50,708 [INFO] DbMcusAds:53 - JSON generation date=Tue Mar 07 09:50:55 CET 2023 (1678179055114)
2023-10-14 23:31:50,708 [FATAL] Updater:308 - Updater called before beeing initialized
2023-10-14 23:31:50,769 [WARN] DetailPanel:346 - Failed to get advertising image, set to default
2023-10-14 23:31:50,846 [FATAL] Updater:308 - Updater called before beeing initialized
2023-10-14 23:31:50,847 [FATAL] Updater:308 - Updater called before beeing initialized
2023-10-14 23:31:50,847 [FATAL] Updater:308 - Updater called before beeing initialized
2023-10-14 23:31:50,847 [WARN] DetailPanel:346 - Failed to get advertising image, set to default
2023-10-14 23:31:50,848 [FATAL] Updater:308 - Updater called before beeing initialized
2023-10-14 23:31:50,888 [ERROR] Updater:1120 - MainUpdater not yet initialized. External WinMGr cannot be set.
2023-10-14 23:31:50,894 [INFO] Updater:1056 - Updater Version found : 6.9.2
2023-10-14 23:31:50,915 [INFO] ApplicationProperties:184 - Using Application install path: C:\ST\STM32CubeIDE_1.13.2\STM32CubeIDE\plugins\com.st.stm32cube.common.mx_6.9.2.202309101412
2023-10-14 23:31:51,099 [INFO] MainUpdater:2868 - connection check result : 10
2023-10-14 23:31:51,099 [INFO] MainUpdater:285 - Updater Check For Update Now.
2023-10-14 23:31:51,099 [INFO] MicroXplorer:498 - Change Database Version : DB.6.0.92
2023-10-14 23:31:51,112 [INFO] McuFinderGlobals:63 - Set McuFinder mode to 2 (CubeIDE integrated)
2023-10-14 23:31:51,113 [INFO] UserAuth:179 - activating auth plugin
2023-10-14 23:31:51,115 [INFO] UserAuth:393 - Internet connection configuration mode: 1
2023-10-14 23:31:51,143 [INFO] JxBrowserEngine:151 - Initiate JxBrowser Engine with user profile folder
2023-10-14 23:31:51,274 [INFO] CheckServerUpdateThread:120 - End of CheckServer Thread
2023-10-14 23:31:51,695 [WARN] PackLoader:240 - Cannot read IP mode file for STMicroelectronics.X-CUBE-SMBUS.2.1.0
2023-10-14 23:31:51,727 [WARN] PackLoader:240 - Cannot read IP mode file for STMicroelectronics.X-CUBE-AZRTOS-F7.1.1.0
2023-10-14 23:31:51,746 [WARN] PackLoader:240 - Cannot read IP mode file for STMicroelectronics.FP-SNS-MOTENV1.4.3.2
2023-10-14 23:31:51,756 [WARN] PackLoader:240 - Cannot read IP mode file for STMicroelectronics.FP-SNS-FLIGHT1.5.0.2
2023-10-14 23:31:51,773 [WARN] PackLoader:240 - Cannot read IP mode file for STMicroelectronics.X-CUBE-DISPLAY.3.0.0
2023-10-14 23:31:51,793 [WARN] PackLoader:240 - Cannot read IP mode file for STMicroelectronics.X-CUBE-BLE1.7.0.0
2023-10-14 23:31:51,802 [WARN] PackLoader:240 - Cannot read IP mode file for emotas.I-CUBE-CANOPEN.1.3.0
2023-10-14 23:31:51,815 [WARN] PackLoader:240 - Cannot read IP mode file for STMicroelectronics.X-CUBE-TOUCHGFX.4.22.1
2023-10-14 23:31:51,825 [WARN] PackLoader:240 - Cannot read IP mode file for STMicroelectronics.FP-SNS-SMARTAG2.1.2.0
2023-10-14 23:31:51,843 [INFO] LogOutputStream:77 - [STDOUT_REDIRECT] 1 : Invalid condition id : UX_CORESTACK_Condition cause : null
2023-10-14 23:31:51,844 [INFO] LogOutputStream:77 - [STDOUT_REDIRECT] 1 : Invalid condition id : UX_CORESTACK_Condition cause : null
2023-10-14 23:31:51,845 [INFO] LogOutputStream:77 - [STDOUT_REDIRECT] 1 : Invalid condition id : UX_CORESTACK_Condition cause : null
2023-10-14 23:31:51,846 [INFO] LogOutputStream:77 - [STDOUT_REDIRECT] 1 : Invalid condition id : UX_CORESTACK_Condition cause : null
2023-10-14 23:31:51,847 [INFO] LogOutputStream:77 - [STDOUT_REDIRECT] 1 : Invalid condition id : UX_CORESTACK_Condition cause : null
2023-10-14 23:31:51,850 [WARN] PackLoader:240 - Cannot read IP mode file for STMicroelectronics.X-CUBE-AZRTOS-WL.2.0.0
2023-10-14 23:31:51,866 [WARN] PackLoader:240 - Cannot read IP mode file for WES.I-CUBE-Cesium.1.3.0
2023-10-14 23:31:51,875 [WARN] PackLoader:240 - Cannot read IP mode file for STMicroelectronics.X-CUBE-BLE2.3.3.0
2023-10-14 23:31:51,886 [WARN] PackLoader:240 - Cannot read IP mode file for STMicroelectronics.X-CUBE-ALGOBUILD.1.3.0
2023-10-14 23:31:51,906 [WARN] PackLoader:240 - Cannot read IP mode file for STMicroelectronics.X-CUBE-AZRTOS-G0.1.1.0
2023-10-14 23:31:51,918 [WARN] PackLoader:240 - Cannot read IP mode file for STMicroelectronics.X-CUBE-NFC4.3.0.0
2023-10-14 23:31:51,930 [WARN] PackLoader:240 - Cannot read IP mode file for STMicroelectronics.FP-ATR-SIGFOX1.3.2.0
2023-10-14 23:31:51,959 [WARN] PackLoader:240 - Cannot read IP mode file for SEGGER.I-CUBE-embOS.1.3.1
2023-10-14 23:31:52,009 [WARN] PackLoader:240 - Cannot read IP mode file for STMicroelectronics.X-CUBE-GNSS1.6.0.0
2023-10-14 23:31:52,036 [WARN] PackLoader:240 - Cannot read IP mode file for STMicroelectronics.X-CUBE-AZRTOS-F4.1.1.0
2023-10-14 23:31:52,049 [WARN] PackLoader:240 - Cannot read IP mode file for wolfSSL.I-CUBE-wolfSSL.5.6.3
2023-10-14 23:31:52,081 [WARN] PackLoader:240 - Cannot read IP mode file for STMicroelectronics.X-CUBE-AZRTOS-L5.2.0.0
2023-10-14 23:31:52,126 [WARN] PackLoader:240 - Cannot read IP mode file for STMicroelectronics.X-CUBE-MEMS1.9.6.0
2023-10-14 23:31:52,237 [WARN] PackLoader:240 - Cannot read IP mode file for ITTIA_DB.I-CUBE-ITTIADB.8.8.0
2023-10-14 23:31:52,255 [WARN] PackLoader:240 - Cannot read IP mode file for STMicroelectronics.X-CUBE-BLEMGR.2.0.0
2023-10-14 23:31:52,282 [WARN] ConditionMgr:438 - getConditionDescription Invalid condition id : UX DEVICE CLASS RTOS Condition cause : null
2023-10-14 23:31:52,282 [WARN] ConditionMgr:438 - getConditionDescription Invalid condition id : UX DEVICE CLASS RTOS Condition cause : null
2023-10-14 23:31:52,284 [WARN] PackLoader:240 - Cannot read IP mode file for STMicroelectronics.X-CUBE-AZRTOS-H7.3.1.0
2023-10-14 23:31:52,285 [WARN] ConditionMgr:1039 - genDependencies : Invalid condition id : UX DEVICE CLASS RTOS Condition cause : null
2023-10-14 23:31:52,285 [WARN] ConditionMgr:1039 - genDependencies : Invalid condition id : UX DEVICE CLASS RTOS Condition cause : null
2023-10-14 23:31:52,286 [WARN] ConditionMgr:1039 - genDependencies : Invalid condition id : UX DEVICE CLASS RTOS Condition cause : null
2023-10-14 23:31:52,287 [WARN] ConditionMgr:1039 - genDependencies : Invalid condition id : UX DEVICE CLASS RTOS Condition cause : null
2023-10-14 23:31:52,287 [WARN] ConditionMgr:1039 - genDependencies : Invalid condition id : UX DEVICE CLASS RTOS Condition cause : null
2023-10-14 23:31:52,299 [WARN] PackLoader:240 - Cannot read IP mode file for STMicroelectronics.X-CUBE-NFC7.1.0.1
2023-10-14 23:31:52,314 [WARN] PackLoader:240 - Cannot read IP mode file for STMicroelectronics.X-CUBE-NFC6.3.0.0
2023-10-14 23:31:52,325 [WARN] PackLoader:240 - Cannot read IP mode file for STMicroelectronics.X-CUBE-EEPRMA1.4.1.0
2023-10-14 23:31:52,337 [WARN] PackLoader:240 - Cannot read IP mode file for STMicroelectronics.X-CUBE-AI.8.1.0
2023-10-14 23:31:52,369 [WARN] ConditionMgr:438 - getConditionDescription Invalid condition id : LAN8742 Phy interface Condition cause : null
2023-10-14 23:31:52,370 [WARN] PackLoader:240 - Cannot read IP mode file for STMicroelectronics.X-CUBE-AZRTOS-L4.2.0.0
2023-10-14 23:31:52,372 [WARN] ConditionMgr:1039 - genDependencies : Invalid condition id : LAN8742 Phy interface Condition cause : null
2023-10-14 23:31:52,372 [WARN] ConditionMgr:1039 - genDependencies : Invalid condition id : LAN8742 Phy interface Condition cause : null
2023-10-14 23:31:52,373 [WARN] ConditionMgr:1039 - genDependencies : Invalid condition id : LAN8742 Phy interface Condition cause : null
2023-10-14 23:31:52,392 [WARN] PackLoader:240 - Cannot read IP mode file for STMicroelectronics.X-CUBE-SFXS2LP1.4.0.0
2023-10-14 23:31:52,416 [WARN] PackLoader:240 - Cannot read IP mode file for STMicroelectronics.X-CUBE-ISPU.1.1.0
2023-10-14 23:31:52,444 [WARN] ConditionMgr:438 - getConditionDescription Invalid condition id : UX DEVICE CLASS RTOS Condition cause : null
2023-10-14 23:31:52,445 [WARN] ConditionMgr:438 - getConditionDescription Invalid condition id : UX DEVICE CLASS RTOS Condition cause : null
2023-10-14 23:31:52,447 [WARN] PackLoader:240 - Cannot read IP mode file for STMicroelectronics.X-CUBE-AZRTOS-WB.2.0.0
2023-10-14 23:31:52,448 [WARN] ConditionMgr:1039 - genDependencies : Invalid condition id : UX DEVICE CLASS RTOS Condition cause : null
2023-10-14 23:31:52,448 [WARN] ConditionMgr:1039 - genDependencies : Invalid condition id : UX DEVICE CLASS RTOS Condition cause : null
2023-10-14 23:31:52,449 [WARN] ConditionMgr:1039 - genDependencies : Invalid condition id : UX DEVICE CLASS RTOS Condition cause : null
2023-10-14 23:31:52,449 [WARN] ConditionMgr:1039 - genDependencies : Invalid condition id : UX DEVICE CLASS RTOS Condition cause : null
2023-10-14 23:31:52,449 [WARN] ConditionMgr:1039 - genDependencies : Invalid condition id : UX DEVICE CLASS RTOS Condition cause : null
2023-10-14 23:31:52,474 [WARN] PackLoader:240 - Cannot read IP mode file for STMicroelectronics.X-CUBE-SUBG2.5.0.0
2023-10-14 23:31:52,502 [WARN] PackLoader:240 - Cannot read IP mode file for STMicroelectronics.X-CUBE-TOF1.3.3.1
2023-10-14 23:31:52,534 [WARN] PackLoader:240 - Cannot read IP mode file for STMicroelectronics.X-CUBE-AZRTOS-G4.2.0.0
2023-10-14 23:31:52,554 [WARN] PackLoader:240 - Cannot read IP mode file for Infineon.AIROC-Wi-Fi-Bluetooth-STM32.1.5.1
2023-10-14 23:31:52,564 [WARN] PackLoader:240 - Cannot read IP mode file for STMicroelectronics.X-CUBE-FREERTOS.1.1.0
2023-10-14 23:31:52,574 [WARN] PackLoader:240 - Cannot read IP mode file for portGmbH.I-Cube-SoM-uGOAL.1.1.0
2023-10-14 23:31:52,583 [WARN] PackLoader:240 - Cannot read IP mode file for STMicroelectronics.X-CUBE-ALS.1.0.1
2023-10-14 23:31:52,591 [WARN] PackLoader:240 - Cannot read IP mode file for STMicroelectronics.FP-ATR-ASTRA1.2.0.0
2023-10-14 23:31:52,593 [INFO] ThirdParty:978 - Integrity check success = true
2023-10-14 23:31:52,593 [INFO] IntegrityCheckThread:100 - exiting critical section [integrity check]
2023-10-14 23:31:52,593 [INFO] IntegrityCheckThread:103 - End integrity checks thread
2023-10-14 23:31:53,386 [INFO] WebApp:157 - Instantiating new browser for Auth
2023-10-14 23:31:53,793 [INFO] WebApp:753 - Register for checkConnection events
2023-10-14 23:31:53,793 [INFO] WebApp:390 - Apply proxy settings
2023-10-14 23:31:53,793 [INFO] WebApp:475 - Chromium requires no authentication
2023-10-14 23:31:53,797 [INFO] WebApp:418 - Direct internet connection detected
2023-10-14 23:31:53,893 [INFO] WebApp:188 - Starting web application
2023-10-14 23:31:53,893 [INFO] WebApp:520 - Web application path used C:\ST\STM32CubeIDE_1.13.2\STM32CubeIDE\plugins\com.st.stm32cube.common.mx_6.9.2.202309101412\db\plugins\mcufinder\reactClient1\index.html
2023-10-14 23:32:14,565 [ERROR] LogOutputStream:75 - [STDERR_REDIRECT] SLF4J: Failed to load class "org.slf4j.impl.StaticLoggerBinder".
2023-10-14 23:32:14,566 [ERROR] LogOutputStream:75 - [STDERR_REDIRECT] SLF4J: Defaulting to no-operation (NOP) logger implementation
2023-10-14 23:32:14,567 [ERROR] LogOutputStream:75 - [STDERR_REDIRECT] SLF4J: See http://www.slf4j.org/codes.html#StaticLoggerBinder for further details.
